<?xml version="1.0" encoding="UTF-8"?>
<coverage generated="1779322414433" clover="3.2.0">
  <project timestamp="1779322414433" name="All files">
    <metrics statements="713" coveredstatements="713" conditionals="195" coveredconditionals="195" methods="136" coveredmethods="136" elements="1044" coveredelements="1044" complexity="0" loc="713" ncloc="713" packages="15" files="52" classes="52"/>
    <package name="src">
      <metrics statements="17" coveredstatements="17" conditionals="0" coveredconditionals="0" methods="2" coveredmethods="2"/>
      <file name="app.js" path="D:\University\BackEnd_Dev\FinTrackAPI\src\app.js">
        <metrics statements="17" coveredstatements="17" conditionals="0" coveredconditionals="0" methods="2" coveredmethods="2"/>
        <line num="1" count="10" type="stmt"/>
        <line num="2" count="10" type="stmt"/>
        <line num="3" count="10" type="stmt"/>
        <line num="4" count="10" type="stmt"/>
        <line num="5" count="10" type="stmt"/>
        <line num="6" count="10" type="stmt"/>
        <line num="8" count="10" type="stmt"/>
        <line num="9" count="10" type="stmt"/>
        <line num="11" count="10" type="stmt"/>
        <line num="12" count="10" type="stmt"/>
        <line num="14" count="10" type="stmt"/>
        <line num="16" count="10" type="stmt"/>
        <line num="17" count="1" type="stmt"/>
        <line num="20" count="10" type="stmt"/>
        <line num="21" count="1" type="stmt"/>
        <line num="24" count="10" type="stmt"/>
        <line num="26" count="10" type="stmt"/>
      </file>
    </package>
    <package name="src.api">
      <metrics statements="21" coveredstatements="21" conditionals="0" coveredconditionals="0" methods="0" coveredmethods="0"/>
      <file name="router.js" path="D:\University\BackEnd_Dev\FinTrackAPI\src\api\router.js">
        <metrics statements="21" coveredstatements="21" conditionals="0" coveredconditionals="0" methods="0" coveredmethods="0"/>
        <line num="1" count="10" type="stmt"/>
        <line num="2" count="10" type="stmt"/>
        <line num="4" count="10" type="stmt"/>
        <line num="5" count="10" type="stmt"/>
        <line num="6" count="10" type="stmt"/>
        <line num="7" count="10" type="stmt"/>
        <line num="8" count="10" type="stmt"/>
        <line num="9" count="10" type="stmt"/>
        <line num="10" count="10" type="stmt"/>
        <line num="11" count="10" type="stmt"/>
        <line num="13" count="10" type="stmt"/>
        <line num="14" count="10" type="stmt"/>
        <line num="16" count="10" type="stmt"/>
        <line num="18" count="10" type="stmt"/>
        <line num="19" count="10" type="stmt"/>
        <line num="20" count="10" type="stmt"/>
        <line num="21" count="10" type="stmt"/>
        <line num="22" count="10" type="stmt"/>
        <line num="23" count="10" type="stmt"/>
        <line num="24" count="10" type="stmt"/>
        <line num="26" count="10" type="stmt"/>
      </file>
    </package>
    <package name="src.api.middlewares">
      <metrics statements="64" coveredstatements="64" conditionals="58" coveredconditionals="58" methods="9" coveredmethods="9"/>
      <file name="audit.middleware.js" path="D:\University\BackEnd_Dev\FinTrackAPI\src\api\middlewares\audit.middleware.js">
        <metrics statements="17" coveredstatements="17" conditionals="15" coveredconditionals="15" methods="4" coveredmethods="4"/>
        <line num="1" count="11" type="stmt"/>
        <line num="3" count="11" type="stmt"/>
        <line num="4" count="122" type="stmt"/>
        <line num="5" count="46" type="stmt"/>
        <line num="6" count="46" type="cond" truecount="4" falsecount="0"/>
        <line num="7" count="37" type="stmt"/>
        <line num="8" count="37" type="cond" truecount="2" falsecount="0"/>
        <line num="10" count="37" type="stmt"/>
        <line num="15" count="37" type="cond" truecount="5" falsecount="0"/>
        <line num="16" count="33" type="stmt"/>
        <line num="18" count="36" type="cond" truecount="4" falsecount="0"/>
        <line num="19" count="9" type="stmt"/>
        <line num="22" count="36" type="stmt"/>
        <line num="27" count="1" type="stmt"/>
        <line num="30" count="1" type="stmt"/>
        <line num="34" count="46" type="stmt"/>
        <line num="38" count="11" type="stmt"/>
      </file>
      <file name="auth.middleware.js" path="D:\University\BackEnd_Dev\FinTrackAPI\src\api\middlewares\auth.middleware.js">
        <metrics statements="13" coveredstatements="13" conditionals="4" coveredconditionals="4" methods="1" coveredmethods="1"/>
        <line num="1" count="11" type="stmt"/>
        <line num="2" count="11" type="stmt"/>
        <line num="4" count="11" type="stmt"/>
        <line num="5" count="50" type="stmt"/>
        <line num="6" count="50" type="stmt"/>
        <line num="7" count="50" type="cond" truecount="2" falsecount="0"/>
        <line num="8" count="1" type="stmt"/>
        <line num="11" count="49" type="stmt"/>
        <line num="12" count="48" type="cond" truecount="2" falsecount="0"/>
        <line num="13" count="1" type="stmt"/>
        <line num="16" count="47" type="stmt"/>
        <line num="17" count="47" type="stmt"/>
        <line num="19" count="1" type="stmt"/>
      </file>
      <file name="error.middleware.js" path="D:\University\BackEnd_Dev\FinTrackAPI\src\api\middlewares\error.middleware.js">
        <metrics statements="16" coveredstatements="16" conditionals="25" coveredconditionals="25" methods="1" coveredmethods="1"/>
        <line num="1" count="11" type="stmt"/>
        <line num="3" count="11" type="stmt"/>
        <line num="9" count="34" type="cond" truecount="2" falsecount="0"/>
        <line num="10" count="22" type="stmt"/>
        <line num="16" count="12" type="cond" truecount="4" falsecount="0"/>
        <line num="17" count="5" type="cond" truecount="4" falsecount="0"/>
        <line num="19" count="2" type="cond" truecount="2" falsecount="0"/>
        <line num="20" count="2" type="stmt"/>
        <line num="26" count="1" type="stmt"/>
        <line num="31" count="1" type="stmt"/>
        <line num="36" count="1" type="stmt"/>
        <line num="43" count="7" type="cond" truecount="5" falsecount="0"/>
        <line num="44" count="1" type="stmt"/>
        <line num="50" count="6" type="cond" truecount="2" falsecount="0"/>
        <line num="56" count="4" type="stmt"/>
        <line num="62" count="2" type="stmt"/>
      </file>
      <file name="validate.middleware.js" path="D:\University\BackEnd_Dev\FinTrackAPI\src\api\middlewares\validate.middleware.js">
        <metrics statements="18" coveredstatements="18" conditionals="14" coveredconditionals="14" methods="3" coveredmethods="3"/>
        <line num="1" count="10" type="stmt"/>
        <line num="2" count="10" type="stmt"/>
        <line num="4" count="230" type="stmt"/>
        <line num="5" count="65" type="stmt"/>
        <line num="6" count="65" type="stmt"/>
        <line num="8" count="65" type="cond" truecount="2" falsecount="0"/>
        <line num="9" count="65" type="cond" truecount="2" falsecount="0"/>
        <line num="10" count="65" type="cond" truecount="2" falsecount="0"/>
        <line num="12" count="65" type="stmt"/>
        <line num="14" count="65" type="cond" truecount="2" falsecount="0"/>
        <line num="15" count="6" type="stmt"/>
        <line num="16" count="7" type="stmt"/>
        <line num="19" count="6" type="stmt"/>
        <line num="22" count="59" type="cond" truecount="2" falsecount="0"/>
        <line num="23" count="59" type="cond" truecount="2" falsecount="0"/>
        <line num="24" count="59" type="cond" truecount="2" falsecount="0"/>
        <line num="26" count="59" type="stmt"/>
        <line num="29" count="10" type="stmt"/>
      </file>
    </package>
    <package name="src.models.nosql">
      <metrics statements="13" coveredstatements="13" conditionals="0" coveredconditionals="0" methods="2" coveredmethods="2"/>
      <file name="AuditLog.js" path="D:\University\BackEnd_Dev\FinTrackAPI\src\models\nosql\AuditLog.js">
        <metrics statements="7" coveredstatements="7" conditionals="0" coveredconditionals="0" methods="1" coveredmethods="1"/>
        <line num="1" count="13" type="stmt"/>
        <line num="3" count="13" type="stmt"/>
        <line num="14" count="1" type="stmt"/>
        <line num="15" count="1" type="stmt"/>
        <line num="16" count="1" type="stmt"/>
        <line num="22" count="13" type="stmt"/>
        <line num="24" count="13" type="stmt"/>
      </file>
      <file name="UserSetting.js" path="D:\University\BackEnd_Dev\FinTrackAPI\src\models\nosql\UserSetting.js">
        <metrics statements="6" coveredstatements="6" conditionals="0" coveredconditionals="0" methods="1" coveredmethods="1"/>
        <line num="1" count="12" type="stmt"/>
        <line num="3" count="12" type="stmt"/>
        <line num="13" count="2" type="stmt"/>
        <line num="14" count="2" type="stmt"/>
        <line num="15" count="2" type="stmt"/>
        <line num="21" count="12" type="stmt"/>
      </file>
    </package>
    <package name="src.modules.auth">
      <metrics statements="96" coveredstatements="96" conditionals="24" coveredconditionals="24" methods="16" coveredmethods="16"/>
      <file name="auth.controller.js" path="D:\University\BackEnd_Dev\FinTrackAPI\src\modules\auth\auth.controller.js">
        <metrics statements="33" coveredstatements="33" conditionals="2" coveredconditionals="2" methods="6" coveredmethods="6"/>
        <line num="1" count="10" type="stmt"/>
        <line num="2" count="10" type="stmt"/>
        <line num="3" count="10" type="stmt"/>
        <line num="4" count="10" type="stmt"/>
        <line num="7" count="10" type="stmt"/>
        <line num="8" count="15" type="stmt"/>
        <line num="10" count="15" type="stmt"/>
        <line num="11" count="15" type="stmt"/>
        <line num="13" count="12" type="stmt"/>
        <line num="14" count="11" type="stmt"/>
        <line num="16" count="11" type="stmt"/>
        <line num="22" count="10" type="stmt"/>
        <line num="23" count="6" type="stmt"/>
        <line num="24" count="6" type="stmt"/>
        <line num="25" count="4" type="stmt"/>
        <line num="27" count="4" type="stmt"/>
        <line num="33" count="10" type="stmt"/>
        <line num="34" count="1" type="stmt"/>
        <line num="35" count="1" type="stmt"/>
        <line num="36" count="1" type="stmt"/>
        <line num="39" count="10" type="stmt"/>
        <line num="40" count="3" type="stmt"/>
        <line num="41" count="3" type="cond" truecount="2" falsecount="0"/>
        <line num="42" count="1" type="stmt"/>
        <line num="45" count="2" type="stmt"/>
        <line num="46" count="1" type="stmt"/>
        <line num="48" count="1" type="stmt"/>
        <line num="54" count="10" type="stmt"/>
        <line num="55" count="1" type="stmt"/>
        <line num="56" count="1" type="stmt"/>
        <line num="60" count="16" type="stmt"/>
        <line num="64" count="16" type="stmt"/>
        <line num="71" count="10" type="stmt"/>
      </file>
      <file name="auth.repository.js" path="D:\University\BackEnd_Dev\FinTrackAPI\src\modules\auth\auth.repository.js">
        <metrics statements="5" coveredstatements="5" conditionals="0" coveredconditionals="0" methods="3" coveredmethods="3"/>
        <line num="1" count="13" type="stmt"/>
        <line num="5" count="18" type="stmt"/>
        <line num="9" count="6" type="stmt"/>
        <line num="13" count="11" type="stmt"/>
        <line num="19" count="13" type="stmt"/>
      </file>
      <file name="auth.routes.js" path="D:\University\BackEnd_Dev\FinTrackAPI\src\modules\auth\auth.routes.js">
        <metrics statements="13" coveredstatements="13" conditionals="0" coveredconditionals="0" methods="0" coveredmethods="0"/>
        <line num="1" count="10" type="stmt"/>
        <line num="2" count="10" type="stmt"/>
        <line num="3" count="10" type="stmt"/>
        <line num="4" count="10" type="stmt"/>
        <line num="5" count="10" type="stmt"/>
        <line num="7" count="10" type="stmt"/>
        <line num="8" count="10" type="stmt"/>
        <line num="10" count="10" type="stmt"/>
        <line num="11" count="10" type="stmt"/>
        <line num="13" count="10" type="stmt"/>
        <line num="14" count="10" type="stmt"/>
        <line num="15" count="10" type="stmt"/>
        <line num="17" count="10" type="stmt"/>
      </file>
      <file name="auth.service.js" path="D:\University\BackEnd_Dev\FinTrackAPI\src\modules\auth\auth.service.js">
        <metrics statements="45" coveredstatements="45" conditionals="22" coveredconditionals="22" methods="7" coveredmethods="7"/>
        <line num="1" count="12" type="stmt"/>
        <line num="2" count="12" type="stmt"/>
        <line num="3" count="12" type="stmt"/>
        <line num="4" count="12" type="stmt"/>
        <line num="8" count="12" type="stmt"/>
        <line num="9" count="12" type="stmt"/>
        <line num="10" count="12" type="cond" truecount="2" falsecount="0"/>
        <line num="11" count="1" type="stmt"/>
        <line num="14" count="11" type="stmt"/>
        <line num="15" count="11" type="stmt"/>
        <line num="17" count="11" type="stmt"/>
        <line num="18" count="11" type="stmt"/>
        <line num="25" count="6" type="stmt"/>
        <line num="26" count="6" type="stmt"/>
        <line num="27" count="6" type="cond" truecount="2" falsecount="0"/>
        <line num="28" count="1" type="stmt"/>
        <line num="31" count="5" type="stmt"/>
        <line num="32" count="5" type="cond" truecount="2" falsecount="0"/>
        <line num="33" count="1" type="stmt"/>
        <line num="36" count="4" type="stmt"/>
        <line num="37" count="4" type="stmt"/>
        <line num="44" count="4" type="cond" truecount="2" falsecount="0"/>
        <line num="45" count="1" type="stmt"/>
        <line num="48" count="3" type="stmt"/>
        <line num="49" count="3" type="cond" truecount="2" falsecount="0"/>
        <line num="50" count="1" type="stmt"/>
        <line num="53" count="2" type="stmt"/>
        <line num="54" count="2" type="cond" truecount="2" falsecount="0"/>
        <line num="55" count="1" type="stmt"/>
        <line num="58" count="1" type="stmt"/>
        <line num="59" count="1" type="stmt"/>
        <line num="66" count="3" type="stmt"/>
        <line num="67" count="2" type="cond" truecount="2" falsecount="0"/>
        <line num="68" count="1" type="stmt"/>
        <line num="70" count="1" type="stmt"/>
        <line num="74" count="17" type="cond" truecount="2" falsecount="0"/>
        <line num="77" count="17" type="cond" truecount="2" falsecount="0"/>
        <line num="80" count="17" type="stmt"/>
        <line num="84" count="49" type="stmt"/>
        <line num="85" count="49" type="cond" truecount="2" falsecount="0"/>
        <line num="87" count="2" type="stmt"/>
        <line num="92" count="3" type="stmt"/>
        <line num="93" count="3" type="cond" truecount="2" falsecount="0"/>
        <line num="95" count="1" type="stmt"/>
        <line num="100" count="12" type="stmt"/>
      </file>
    </package>
    <package name="src.modules.budgets">
      <metrics statements="56" coveredstatements="56" conditionals="4" coveredconditionals="4" methods="15" coveredmethods="15"/>
      <file name="budget.controller.js" path="D:\University\BackEnd_Dev\FinTrackAPI\src\modules\budgets\budget.controller.js">
        <metrics statements="21" coveredstatements="21" conditionals="0" coveredconditionals="0" methods="4" coveredmethods="4"/>
        <line num="1" count="10" type="stmt"/>
        <line num="2" count="10" type="stmt"/>
        <line num="5" count="10" type="stmt"/>
        <line num="6" count="1" type="stmt"/>
        <line num="7" count="1" type="stmt"/>
        <line num="8" count="1" type="stmt"/>
        <line num="11" count="10" type="stmt"/>
        <line num="12" count="3" type="stmt"/>
        <line num="13" count="3" type="stmt"/>
        <line num="14" count="3" type="stmt"/>
        <line num="15" count="2" type="stmt"/>
        <line num="18" count="10" type="stmt"/>
        <line num="19" count="1" type="stmt"/>
        <line num="20" count="1" type="stmt"/>
        <line num="21" count="1" type="stmt"/>
        <line num="22" count="1" type="stmt"/>
        <line num="25" count="10" type="stmt"/>
        <line num="26" count="1" type="stmt"/>
        <line num="27" count="1" type="stmt"/>
        <line num="28" count="1" type="stmt"/>
        <line num="32" count="10" type="stmt"/>
      </file>
      <file name="budget.repository.js" path="D:\University\BackEnd_Dev\FinTrackAPI\src\modules\budgets\budget.repository.js">
        <metrics statements="9" coveredstatements="9" conditionals="0" coveredconditionals="0" methods="7" coveredmethods="7"/>
        <line num="1" count="13" type="stmt"/>
        <line num="5" count="1" type="stmt"/>
        <line num="15" count="1" type="stmt"/>
        <line num="21" count="1" type="stmt"/>
        <line num="28" count="11" type="stmt"/>
        <line num="34" count="2" type="stmt"/>
        <line num="38" count="1" type="stmt"/>
        <line num="45" count="2" type="stmt"/>
        <line num="51" count="13" type="stmt"/>
      </file>
      <file name="budget.routes.js" path="D:\University\BackEnd_Dev\FinTrackAPI\src\modules\budgets\budget.routes.js">
        <metrics statements="12" coveredstatements="12" conditionals="0" coveredconditionals="0" methods="0" coveredmethods="0"/>
        <line num="1" count="10" type="stmt"/>
        <line num="2" count="10" type="stmt"/>
        <line num="3" count="10" type="stmt"/>
        <line num="4" count="10" type="stmt"/>
        <line num="5" count="10" type="stmt"/>
        <line num="6" count="10" type="stmt"/>
        <line num="7" count="10" type="stmt"/>
        <line num="9" count="10" type="stmt"/>
        <line num="10" count="10" type="stmt"/>
        <line num="11" count="10" type="stmt"/>
        <line num="12" count="10" type="stmt"/>
        <line num="19" count="10" type="stmt"/>
      </file>
      <file name="budget.service.js" path="D:\University\BackEnd_Dev\FinTrackAPI\src\modules\budgets\budget.service.js">
        <metrics statements="14" coveredstatements="14" conditionals="4" coveredconditionals="4" methods="4" coveredmethods="4"/>
        <line num="1" count="12" type="stmt"/>
        <line num="2" count="12" type="stmt"/>
        <line num="6" count="4" type="stmt"/>
        <line num="7" count="4" type="cond" truecount="2" falsecount="0"/>
        <line num="8" count="3" type="stmt"/>
        <line num="12" count="3" type="stmt"/>
        <line num="13" count="3" type="cond" truecount="2" falsecount="0"/>
        <line num="15" count="2" type="stmt"/>
        <line num="19" count="1" type="stmt"/>
        <line num="20" count="1" type="stmt"/>
        <line num="24" count="1" type="stmt"/>
        <line num="25" count="1" type="stmt"/>
        <line num="26" count="1" type="stmt"/>
        <line num="30" count="12" type="stmt"/>
      </file>
    </package>
    <package name="src.modules.categories">
      <metrics statements="75" coveredstatements="75" conditionals="12" coveredconditionals="12" methods="16" coveredmethods="16"/>
      <file name="category.controller.js" path="D:\University\BackEnd_Dev\FinTrackAPI\src\modules\categories\category.controller.js">
        <metrics statements="29" coveredstatements="29" conditionals="2" coveredconditionals="2" methods="5" coveredmethods="5"/>
        <line num="1" count="11" type="stmt"/>
        <line num="2" count="11" type="stmt"/>
        <line num="5" count="11" type="stmt"/>
        <line num="6" count="1" type="stmt"/>
        <line num="7" count="1" type="cond" truecount="2" falsecount="0"/>
        <line num="8" count="1" type="stmt"/>
        <line num="9" count="1" type="stmt"/>
        <line num="12" count="11" type="stmt"/>
        <line num="13" count="2" type="stmt"/>
        <line num="14" count="2" type="stmt"/>
        <line num="15" count="2" type="stmt"/>
        <line num="16" count="1" type="stmt"/>
        <line num="19" count="11" type="stmt"/>
        <line num="20" count="8" type="stmt"/>
        <line num="21" count="8" type="stmt"/>
        <line num="22" count="8" type="stmt"/>
        <line num="23" count="8" type="stmt"/>
        <line num="26" count="11" type="stmt"/>
        <line num="27" count="1" type="stmt"/>
        <line num="28" count="1" type="stmt"/>
        <line num="29" count="1" type="stmt"/>
        <line num="30" count="1" type="stmt"/>
        <line num="31" count="1" type="stmt"/>
        <line num="34" count="11" type="stmt"/>
        <line num="35" count="1" type="stmt"/>
        <line num="36" count="1" type="stmt"/>
        <line num="37" count="1" type="stmt"/>
        <line num="38" count="1" type="stmt"/>
        <line num="42" count="11" type="stmt"/>
      </file>
      <file name="category.repository.js" path="D:\University\BackEnd_Dev\FinTrackAPI\src\modules\categories\category.repository.js">
        <metrics statements="14" coveredstatements="14" conditionals="4" coveredconditionals="4" methods="6" coveredmethods="6"/>
        <line num="1" count="13" type="stmt"/>
        <line num="5" count="4" type="stmt"/>
        <line num="10" count="4" type="cond" truecount="2" falsecount="0"/>
        <line num="11" count="1" type="stmt"/>
        <line num="17" count="4" type="stmt"/>
        <line num="26" count="3" type="stmt"/>
        <line num="31" count="3" type="cond" truecount="2" falsecount="0"/>
        <line num="32" count="1" type="stmt"/>
        <line num="38" count="3" type="stmt"/>
        <line num="42" count="3" type="stmt"/>
        <line num="49" count="8" type="stmt"/>
        <line num="53" count="1" type="stmt"/>
        <line num="60" count="1" type="stmt"/>
        <line num="67" count="13" type="stmt"/>
      </file>
      <file name="category.routes.js" path="D:\University\BackEnd_Dev\FinTrackAPI\src\modules\categories\category.routes.js">
        <metrics statements="13" coveredstatements="13" conditionals="0" coveredconditionals="0" methods="0" coveredmethods="0"/>
        <line num="1" count="10" type="stmt"/>
        <line num="2" count="10" type="stmt"/>
        <line num="3" count="10" type="stmt"/>
        <line num="4" count="10" type="stmt"/>
        <line num="5" count="10" type="stmt"/>
        <line num="6" count="10" type="stmt"/>
        <line num="7" count="10" type="stmt"/>
        <line num="9" count="10" type="stmt"/>
        <line num="10" count="10" type="stmt"/>
        <line num="11" count="10" type="stmt"/>
        <line num="12" count="10" type="stmt"/>
        <line num="18" count="10" type="stmt"/>
        <line num="20" count="10" type="stmt"/>
      </file>
      <file name="category.service.js" path="D:\University\BackEnd_Dev\FinTrackAPI\src\modules\categories\category.service.js">
        <metrics statements="19" coveredstatements="19" conditionals="6" coveredconditionals="6" methods="5" coveredmethods="5"/>
        <line num="1" count="12" type="stmt"/>
        <line num="2" count="12" type="stmt"/>
        <line num="6" count="2" type="cond" truecount="2" falsecount="0"/>
        <line num="7" count="2" type="cond" truecount="2" falsecount="0"/>
        <line num="8" count="2" type="stmt"/>
        <line num="10" count="2" type="stmt"/>
        <line num="11" count="2" type="stmt"/>
        <line num="12" count="2" type="stmt"/>
        <line num="14" count="2" type="stmt"/>
        <line num="26" count="3" type="stmt"/>
        <line num="27" count="3" type="cond" truecount="2" falsecount="0"/>
        <line num="28" count="2" type="stmt"/>
        <line num="32" count="8" type="stmt"/>
        <line num="36" count="1" type="stmt"/>
        <line num="37" count="1" type="stmt"/>
        <line num="41" count="1" type="stmt"/>
        <line num="42" count="1" type="stmt"/>
        <line num="43" count="1" type="stmt"/>
        <line num="47" count="12" type="stmt"/>
      </file>
    </package>
    <package name="src.modules.export">
      <metrics statements="52" coveredstatements="52" conditionals="18" coveredconditionals="18" methods="5" coveredmethods="5"/>
      <file name="export.controller.js" path="D:\University\BackEnd_Dev\FinTrackAPI\src\modules\export\export.controller.js">
        <metrics statements="11" coveredstatements="11" conditionals="0" coveredconditionals="0" methods="1" coveredmethods="1"/>
        <line num="1" count="10" type="stmt"/>
        <line num="2" count="10" type="stmt"/>
        <line num="5" count="10" type="stmt"/>
        <line num="6" count="1" type="stmt"/>
        <line num="7" count="1" type="stmt"/>
        <line num="9" count="1" type="stmt"/>
        <line num="16" count="1" type="stmt"/>
        <line num="18" count="1" type="stmt"/>
        <line num="22" count="1" type="stmt"/>
        <line num="24" count="1" type="stmt"/>
        <line num="28" count="10" type="stmt"/>
      </file>
      <file name="export.routes.js" path="D:\University\BackEnd_Dev\FinTrackAPI\src\modules\export\export.routes.js">
        <metrics statements="7" coveredstatements="7" conditionals="0" coveredconditionals="0" methods="0" coveredmethods="0"/>
        <line num="1" count="10" type="stmt"/>
        <line num="2" count="10" type="stmt"/>
        <line num="3" count="10" type="stmt"/>
        <line num="4" count="10" type="stmt"/>
        <line num="5" count="10" type="stmt"/>
        <line num="7" count="10" type="stmt"/>
        <line num="9" count="10" type="stmt"/>
      </file>
      <file name="export.service.js" path="D:\University\BackEnd_Dev\FinTrackAPI\src\modules\export\export.service.js">
        <metrics statements="34" coveredstatements="34" conditionals="18" coveredconditionals="18" methods="4" coveredmethods="4"/>
        <line num="1" count="12" type="stmt"/>
        <line num="2" count="12" type="stmt"/>
        <line num="3" count="12" type="stmt"/>
        <line num="7" count="5" type="stmt"/>
        <line num="9" count="5" type="cond" truecount="4" falsecount="0"/>
        <line num="10" count="3" type="cond" truecount="2" falsecount="0"/>
        <line num="12" count="3" type="cond" truecount="2" falsecount="0"/>
        <line num="13" count="1" type="stmt"/>
        <line num="17" count="2" type="stmt"/>
        <line num="21" count="2" type="stmt"/>
        <line num="22" count="2" type="stmt"/>
        <line num="24" count="2" type="stmt"/>
        <line num="32" count="2" type="stmt"/>
        <line num="33" count="2" type="stmt"/>
        <line num="35" count="2" type="stmt"/>
        <line num="36" count="10" type="stmt"/>
        <line num="41" count="10" type="stmt"/>
        <line num="47" count="10" type="stmt"/>
        <line num="48" count="10" type="stmt"/>
        <line num="56" count="2" type="stmt"/>
        <line num="58" count="2" type="cond" truecount="2" falsecount="0"/>
        <line num="62" count="2" type="stmt"/>
        <line num="70" count="2" type="stmt"/>
        <line num="72" count="2" type="stmt"/>
        <line num="73" count="10" type="stmt"/>
        <line num="74" count="10" type="stmt"/>
        <line num="75" count="10" type="stmt"/>
        <line num="83" count="2" type="cond" truecount="2" falsecount="0"/>
        <line num="84" count="1" type="stmt"/>
        <line num="86" count="1" type="stmt"/>
        <line num="90" count="2" type="stmt"/>
        <line num="91" count="2" type="stmt"/>
        <line num="93" count="2" type="stmt"/>
        <line num="97" count="12" type="stmt"/>
      </file>
    </package>
    <package name="src.modules.logs">
      <metrics statements="25" coveredstatements="25" conditionals="0" coveredconditionals="0" methods="7" coveredmethods="7"/>
      <file name="log.controller.js" path="D:\University\BackEnd_Dev\FinTrackAPI\src\modules\logs\log.controller.js">
        <metrics statements="11" coveredstatements="11" conditionals="0" coveredconditionals="0" methods="2" coveredmethods="2"/>
        <line num="1" count="12" type="stmt"/>
        <line num="5" count="2" type="stmt"/>
        <line num="6" count="2" type="stmt"/>
        <line num="7" count="1" type="stmt"/>
        <line num="9" count="1" type="stmt"/>
        <line num="14" count="2" type="stmt"/>
        <line num="15" count="2" type="stmt"/>
        <line num="16" count="2" type="stmt"/>
        <line num="17" count="1" type="stmt"/>
        <line num="19" count="1" type="stmt"/>
        <line num="24" count="12" type="stmt"/>
      </file>
      <file name="log.repository.js" path="D:\University\BackEnd_Dev\FinTrackAPI\src\modules\logs\log.repository.js">
        <metrics statements="5" coveredstatements="5" conditionals="0" coveredconditionals="0" methods="3" coveredmethods="3"/>
        <line num="1" count="13" type="stmt"/>
        <line num="5" count="3" type="stmt"/>
        <line num="9" count="2" type="stmt"/>
        <line num="13" count="1" type="stmt"/>
        <line num="17" count="13" type="stmt"/>
      </file>
      <file name="log.routes.js" path="D:\University\BackEnd_Dev\FinTrackAPI\src\modules\logs\log.routes.js">
        <metrics statements="5" coveredstatements="5" conditionals="0" coveredconditionals="0" methods="0" coveredmethods="0"/>
        <line num="1" count="10" type="stmt"/>
        <line num="2" count="10" type="stmt"/>
        <line num="3" count="10" type="stmt"/>
        <line num="5" count="10" type="stmt"/>
        <line num="7" count="10" type="stmt"/>
      </file>
      <file name="log.service.js" path="D:\University\BackEnd_Dev\FinTrackAPI\src\modules\logs\log.service.js">
        <metrics statements="4" coveredstatements="4" conditionals="0" coveredconditionals="0" methods="2" coveredmethods="2"/>
        <line num="1" count="13" type="stmt"/>
        <line num="5" count="2" type="stmt"/>
        <line num="9" count="2" type="stmt"/>
        <line num="13" count="13" type="stmt"/>
      </file>
    </package>
    <package name="src.modules.reports">
      <metrics statements="85" coveredstatements="85" conditionals="24" coveredconditionals="24" methods="20" coveredmethods="20"/>
      <file name="report.controller.js" path="D:\University\BackEnd_Dev\FinTrackAPI\src\modules\reports\report.controller.js">
        <metrics statements="22" coveredstatements="22" conditionals="0" coveredconditionals="0" methods="4" coveredmethods="4"/>
        <line num="1" count="10" type="stmt"/>
        <line num="2" count="10" type="stmt"/>
        <line num="5" count="10" type="stmt"/>
        <line num="6" count="1" type="stmt"/>
        <line num="7" count="1" type="stmt"/>
        <line num="8" count="1" type="stmt"/>
        <line num="9" count="1" type="stmt"/>
        <line num="12" count="10" type="stmt"/>
        <line num="13" count="1" type="stmt"/>
        <line num="14" count="1" type="stmt"/>
        <line num="15" count="1" type="stmt"/>
        <line num="16" count="1" type="stmt"/>
        <line num="19" count="10" type="stmt"/>
        <line num="20" count="1" type="stmt"/>
        <line num="21" count="1" type="stmt"/>
        <line num="22" count="1" type="stmt"/>
        <line num="23" count="1" type="stmt"/>
        <line num="26" count="10" type="stmt"/>
        <line num="27" count="1" type="stmt"/>
        <line num="28" count="1" type="stmt"/>
        <line num="29" count="1" type="stmt"/>
        <line num="33" count="10" type="stmt"/>
      </file>
      <file name="report.repository.js" path="D:\University\BackEnd_Dev\FinTrackAPI\src\modules\reports\report.repository.js">
        <metrics statements="27" coveredstatements="27" conditionals="8" coveredconditionals="8" methods="10" coveredmethods="10"/>
        <line num="1" count="12" type="stmt"/>
        <line num="5" count="2" type="stmt"/>
        <line num="11" count="2" type="stmt"/>
        <line num="16" count="2" type="stmt"/>
        <line num="21" count="2" type="cond" truecount="2" falsecount="0"/>
        <line num="22" count="2" type="cond" truecount="2" falsecount="0"/>
        <line num="24" count="2" type="stmt"/>
        <line num="32" count="2" type="stmt"/>
        <line num="43" count="3" type="stmt"/>
        <line num="44" count="2" type="stmt"/>
        <line num="49" count="2" type="stmt"/>
        <line num="51" count="4" type="stmt"/>
        <line num="52" count="3" type="stmt"/>
        <line num="59" count="1" type="stmt"/>
        <line num="63" count="1" type="stmt"/>
        <line num="75" count="3" type="stmt"/>
        <line num="76" count="3" type="stmt"/>
        <line num="77" count="3" type="stmt"/>
        <line num="79" count="3" type="stmt"/>
        <line num="84" count="3" type="stmt"/>
        <line num="86" count="3" type="stmt"/>
        <line num="97" count="3" type="cond" truecount="2" falsecount="0"/>
        <line num="98" count="3" type="stmt"/>
        <line num="99" count="3" type="cond" truecount="2" falsecount="0"/>
        <line num="101" count="3" type="stmt"/>
        <line num="113" count="3" type="stmt"/>
        <line num="117" count="12" type="stmt"/>
      </file>
      <file name="report.routes.js" path="D:\University\BackEnd_Dev\FinTrackAPI\src\modules\reports\report.routes.js">
        <metrics statements="11" coveredstatements="11" conditionals="0" coveredconditionals="0" methods="0" coveredmethods="0"/>
        <line num="1" count="10" type="stmt"/>
        <line num="2" count="10" type="stmt"/>
        <line num="3" count="10" type="stmt"/>
        <line num="4" count="10" type="stmt"/>
        <line num="5" count="10" type="stmt"/>
        <line num="6" count="10" type="stmt"/>
        <line num="8" count="10" type="stmt"/>
        <line num="9" count="10" type="stmt"/>
        <line num="10" count="10" type="stmt"/>
        <line num="11" count="10" type="stmt"/>
        <line num="13" count="10" type="stmt"/>
      </file>
      <file name="report.service.js" path="D:\University\BackEnd_Dev\FinTrackAPI\src\modules\reports\report.service.js">
        <metrics statements="25" coveredstatements="25" conditionals="16" coveredconditionals="16" methods="6" coveredmethods="6"/>
        <line num="1" count="12" type="stmt"/>
        <line num="2" count="12" type="stmt"/>
        <line num="6" count="6" type="stmt"/>
        <line num="7" count="6" type="cond" truecount="2" falsecount="0"/>
        <line num="8" count="6" type="cond" truecount="2" falsecount="0"/>
        <line num="10" count="6" type="cond" truecount="2" falsecount="0"/>
        <line num="11" count="1" type="stmt"/>
        <line num="14" count="5" type="stmt"/>
        <line num="18" count="1" type="stmt"/>
        <line num="19" count="1" type="stmt"/>
        <line num="23" count="1" type="stmt"/>
        <line num="24" count="1" type="stmt"/>
        <line num="28" count="3" type="stmt"/>
        <line num="29" count="3" type="stmt"/>
        <line num="31" count="3" type="stmt"/>
        <line num="32" count="4" type="stmt"/>
        <line num="33" count="4" type="cond" truecount="2" falsecount="0"/>
        <line num="35" count="4" type="cond" truecount="2" falsecount="0"/>
        <line num="36" count="2" type="stmt"/>
        <line num="39" count="4" type="cond" truecount="2" falsecount="0"/>
        <line num="40" count="4" type="cond" truecount="2" falsecount="0"/>
        <line num="42" count="4" type="stmt"/>
        <line num="45" count="3" type="stmt"/>
        <line num="49" count="1" type="stmt"/>
        <line num="53" count="12" type="stmt"/>
      </file>
    </package>
    <package name="src.modules.settings">
      <metrics statements="32" coveredstatements="32" conditionals="2" coveredconditionals="2" methods="6" coveredmethods="6"/>
      <file name="setting.controller.js" path="D:\University\BackEnd_Dev\FinTrackAPI\src\modules\settings\setting.controller.js">
        <metrics statements="12" coveredstatements="12" conditionals="0" coveredconditionals="0" methods="2" coveredmethods="2"/>
        <line num="1" count="10" type="stmt"/>
        <line num="2" count="10" type="stmt"/>
        <line num="5" count="10" type="stmt"/>
        <line num="6" count="1" type="stmt"/>
        <line num="7" count="1" type="stmt"/>
        <line num="8" count="1" type="stmt"/>
        <line num="11" count="10" type="stmt"/>
        <line num="12" count="1" type="stmt"/>
        <line num="13" count="1" type="stmt"/>
        <line num="14" count="1" type="stmt"/>
        <line num="15" count="1" type="stmt"/>
        <line num="19" count="10" type="stmt"/>
      </file>
      <file name="setting.repository.js" path="D:\University\BackEnd_Dev\FinTrackAPI\src\modules\settings\setting.repository.js">
        <metrics statements="7" coveredstatements="7" conditionals="2" coveredconditionals="2" methods="2" coveredmethods="2"/>
        <line num="1" count="12" type="stmt"/>
        <line num="5" count="3" type="stmt"/>
        <line num="6" count="3" type="cond" truecount="2" falsecount="0"/>
        <line num="7" count="2" type="stmt"/>
        <line num="9" count="3" type="stmt"/>
        <line num="13" count="1" type="stmt"/>
        <line num="21" count="12" type="stmt"/>
      </file>
      <file name="setting.routes.js" path="D:\University\BackEnd_Dev\FinTrackAPI\src\modules\settings\setting.routes.js">
        <metrics statements="9" coveredstatements="9" conditionals="0" coveredconditionals="0" methods="0" coveredmethods="0"/>
        <line num="1" count="10" type="stmt"/>
        <line num="2" count="10" type="stmt"/>
        <line num="3" count="10" type="stmt"/>
        <line num="4" count="10" type="stmt"/>
        <line num="5" count="10" type="stmt"/>
        <line num="6" count="10" type="stmt"/>
        <line num="8" count="10" type="stmt"/>
        <line num="9" count="10" type="stmt"/>
        <line num="16" count="10" type="stmt"/>
      </file>
      <file name="setting.service.js" path="D:\University\BackEnd_Dev\FinTrackAPI\src\modules\settings\setting.service.js">
        <metrics statements="4" coveredstatements="4" conditionals="0" coveredconditionals="0" methods="2" coveredmethods="2"/>
        <line num="1" count="10" type="stmt"/>
        <line num="5" count="1" type="stmt"/>
        <line num="9" count="1" type="stmt"/>
        <line num="13" count="10" type="stmt"/>
      </file>
    </package>
    <package name="src.modules.transactions">
      <metrics statements="111" coveredstatements="111" conditionals="45" coveredconditionals="45" methods="25" coveredmethods="25"/>
      <file name="transaction.controller.js" path="D:\University\BackEnd_Dev\FinTrackAPI\src\modules\transactions\transaction.controller.js">
        <metrics statements="31" coveredstatements="31" conditionals="4" coveredconditionals="4" methods="6" coveredmethods="6"/>
        <line num="1" count="11" type="stmt"/>
        <line num="2" count="11" type="stmt"/>
        <line num="5" count="11" type="stmt"/>
        <line num="6" count="4" type="stmt"/>
        <line num="7" count="4" type="cond" truecount="2" falsecount="0"/>
        <line num="8" count="4" type="stmt"/>
        <line num="15" count="4" type="stmt"/>
        <line num="18" count="11" type="stmt"/>
        <line num="19" count="1" type="stmt"/>
        <line num="20" count="1" type="stmt"/>
        <line num="21" count="1" type="cond" truecount="2" falsecount="0"/>
        <line num="22" count="1" type="stmt"/>
        <line num="28" count="1" type="stmt"/>
        <line num="31" count="11" type="stmt"/>
        <line num="32" count="3" type="stmt"/>
        <line num="33" count="3" type="stmt"/>
        <line num="34" count="1" type="stmt"/>
        <line num="37" count="11" type="stmt"/>
        <line num="38" count="5" type="stmt"/>
        <line num="39" count="5" type="stmt"/>
        <line num="40" count="5" type="stmt"/>
        <line num="48" count="3" type="stmt"/>
        <line num="51" count="11" type="stmt"/>
        <line num="52" count="1" type="stmt"/>
        <line num="53" count="1" type="stmt"/>
        <line num="54" count="1" type="stmt"/>
        <line num="57" count="11" type="stmt"/>
        <line num="58" count="1" type="stmt"/>
        <line num="59" count="1" type="stmt"/>
        <line num="60" count="1" type="stmt"/>
        <line num="64" count="11" type="stmt"/>
      </file>
      <file name="transaction.repository.js" path="D:\University\BackEnd_Dev\FinTrackAPI\src\modules\transactions\transaction.repository.js">
        <metrics statements="28" coveredstatements="28" conditionals="19" coveredconditionals="19" methods="12" coveredmethods="12"/>
        <line num="1" count="13" type="stmt"/>
        <line num="5" count="10" type="stmt"/>
        <line num="6" count="10" type="stmt"/>
        <line num="19" count="5" type="stmt"/>
        <line num="20" count="5" type="stmt"/>
        <line num="24" count="2" type="stmt"/>
        <line num="25" count="2" type="stmt"/>
        <line num="35" count="2" type="stmt"/>
        <line num="36" count="2" type="stmt"/>
        <line num="40" count="5" type="stmt"/>
        <line num="47" count="5" type="stmt"/>
        <line num="48" count="5" type="stmt"/>
        <line num="49" count="4" type="cond" truecount="2" falsecount="0"/>
        <line num="50" count="3" type="stmt"/>
        <line num="54" count="4" type="stmt"/>
        <line num="62" count="3" type="stmt"/>
        <line num="63" count="3" type="stmt"/>
        <line num="64" count="3" type="cond" truecount="2" falsecount="0"/>
        <line num="65" count="1" type="stmt"/>
        <line num="71" count="3" type="stmt"/>
        <line num="79" count="1" type="stmt"/>
        <line num="86" count="19" type="stmt"/>
        <line num="106" count="2" type="stmt"/>
        <line num="107" count="2" type="stmt"/>
        <line num="108" count="2" type="stmt"/>
        <line num="110" count="2" type="stmt"/>
        <line num="124" count="2" type="cond" truecount="2" falsecount="0"/>
        <line num="128" count="13" type="stmt"/>
      </file>
      <file name="transaction.routes.js" path="D:\University\BackEnd_Dev\FinTrackAPI\src\modules\transactions\transaction.routes.js">
        <metrics statements="14" coveredstatements="14" conditionals="0" coveredconditionals="0" methods="0" coveredmethods="0"/>
        <line num="1" count="10" type="stmt"/>
        <line num="2" count="10" type="stmt"/>
        <line num="3" count="10" type="stmt"/>
        <line num="4" count="10" type="stmt"/>
        <line num="5" count="10" type="stmt"/>
        <line num="9" count="10" type="stmt"/>
        <line num="10" count="10" type="stmt"/>
        <line num="12" count="10" type="stmt"/>
        <line num="18" count="10" type="stmt"/>
        <line num="19" count="10" type="stmt"/>
        <line num="20" count="10" type="stmt"/>
        <line num="26" count="10" type="stmt"/>
        <line num="32" count="10" type="stmt"/>
        <line num="39" count="10" type="stmt"/>
      </file>
      <file name="transaction.service.js" path="D:\University\BackEnd_Dev\FinTrackAPI\src\modules\transactions\transaction.service.js">
        <metrics statements="38" coveredstatements="38" conditionals="22" coveredconditionals="22" methods="7" coveredmethods="7"/>
        <line num="1" count="12" type="stmt"/>
        <line num="2" count="12" type="stmt"/>
        <line num="3" count="12" type="stmt"/>
        <line num="7" count="5" type="cond" truecount="2" falsecount="0"/>
        <line num="8" count="5" type="cond" truecount="2" falsecount="0"/>
        <line num="9" count="5" type="stmt"/>
        <line num="11" count="5" type="stmt"/>
        <line num="12" count="5" type="stmt"/>
        <line num="13" count="5" type="stmt"/>
        <line num="17" count="2" type="cond" truecount="2" falsecount="0"/>
        <line num="18" count="2" type="cond" truecount="2" falsecount="0"/>
        <line num="19" count="2" type="stmt"/>
        <line num="21" count="2" type="stmt"/>
        <line num="28" count="2" type="stmt"/>
        <line num="29" count="2" type="stmt"/>
        <line num="33" count="5" type="stmt"/>
        <line num="34" count="5" type="cond" truecount="2" falsecount="0"/>
        <line num="35" count="3" type="stmt"/>
        <line num="39" count="7" type="cond" truecount="2" falsecount="0"/>
        <line num="40" count="1" type="stmt"/>
        <line num="43" count="6" type="cond" truecount="2" falsecount="0"/>
        <line num="44" count="4" type="stmt"/>
        <line num="46" count="4" type="cond" truecount="2" falsecount="0"/>
        <line num="47" count="2" type="stmt"/>
        <line num="48" count="2" type="stmt"/>
        <line num="50" count="2" type="cond" truecount="2" falsecount="0"/>
        <line num="51" count="1" type="stmt"/>
        <line num="58" count="5" type="stmt"/>
        <line num="59" count="5" type="stmt"/>
        <line num="63" count="2" type="stmt"/>
        <line num="64" count="2" type="stmt"/>
        <line num="65" count="2" type="cond" truecount="2" falsecount="0"/>
        <line num="66" count="2" type="stmt"/>
        <line num="70" count="1" type="stmt"/>
        <line num="71" count="1" type="stmt"/>
        <line num="72" count="1" type="stmt"/>
        <line num="76" count="7" type="stmt"/>
        <line num="88" count="12" type="stmt"/>
      </file>
    </package>
    <package name="src.shared.database">
      <metrics statements="7" coveredstatements="7" conditionals="0" coveredconditionals="0" methods="0" coveredmethods="0"/>
      <file name="prisma.js" path="D:\University\BackEnd_Dev\FinTrackAPI\src\shared\database\prisma.js">
        <metrics statements="7" coveredstatements="7" conditionals="0" coveredconditionals="0" methods="0" coveredmethods="0"/>
        <line num="1" count="13" type="stmt"/>
        <line num="2" count="13" type="stmt"/>
        <line num="3" count="13" type="stmt"/>
        <line num="5" count="13" type="stmt"/>
        <line num="9" count="13" type="stmt"/>
        <line num="11" count="13" type="stmt"/>
        <line num="13" count="13" type="stmt"/>
      </file>
    </package>
    <package name="src.shared.utils">
      <metrics statements="29" coveredstatements="29" conditionals="8" coveredconditionals="8" methods="13" coveredmethods="13"/>
      <file name="ApiError.js" path="D:\University\BackEnd_Dev\FinTrackAPI\src\shared\utils\ApiError.js">
        <metrics statements="8" coveredstatements="8" conditionals="2" coveredconditionals="2" methods="6" coveredmethods="6"/>
        <line num="3" count="36" type="stmt"/>
        <line num="4" count="36" type="stmt"/>
        <line num="8" count="16" type="stmt"/>
        <line num="12" count="8" type="stmt"/>
        <line num="16" count="2" type="stmt"/>
        <line num="20" count="9" type="stmt"/>
        <line num="24" count="1" type="stmt"/>
        <line num="28" count="12" type="stmt"/>
      </file>
      <file name="catchAsync.js" path="D:\University\BackEnd_Dev\FinTrackAPI\src\shared\utils\catchAsync.js">
        <metrics statements="3" coveredstatements="3" conditionals="0" coveredconditionals="0" methods="3" coveredmethods="3"/>
        <line num="1" count="11" type="stmt"/>
        <line num="2" count="281" type="stmt"/>
        <line num="3" count="67" type="stmt"/>
      </file>
      <file name="swagger.js" path="D:\University\BackEnd_Dev\FinTrackAPI\src\shared\utils\swagger.js">
        <metrics statements="5" coveredstatements="5" conditionals="0" coveredconditionals="0" methods="1" coveredmethods="1"/>
        <line num="1" count="10" type="stmt"/>
        <line num="3" count="10" type="stmt"/>
        <line num="803" count="10" type="stmt"/>
        <line num="804" count="10" type="stmt"/>
        <line num="807" count="10" type="stmt"/>
      </file>
      <file name="validateEmail.js" path="D:\University\BackEnd_Dev\FinTrackAPI\src\shared\utils\validateEmail.js">
        <metrics statements="13" coveredstatements="13" conditionals="6" coveredconditionals="6" methods="3" coveredmethods="3"/>
        <line num="1" count="10" type="stmt"/>
        <line num="3" count="10" type="stmt"/>
        <line num="4" count="15" type="stmt"/>
        <line num="7" count="15" type="stmt"/>
        <line num="8" count="15" type="stmt"/>
        <line num="10" count="15" type="cond" truecount="2" falsecount="0"/>
        <line num="11" count="55" type="cond" truecount="2" falsecount="0"/>
        <line num="12" count="52" type="stmt"/>
        <line num="14" count="2" type="stmt"/>
        <line num="18" count="13" type="stmt"/>
        <line num="27" count="13" type="cond" truecount="2" falsecount="0"/>
        <line num="28" count="1" type="stmt"/>
        <line num="34" count="10" type="stmt"/>
      </file>
    </package>
    <package name="src.shared.validations">
      <metrics statements="30" coveredstatements="30" conditionals="0" coveredconditionals="0" methods="0" coveredmethods="0"/>
      <file name="auth.validation.js" path="D:\University\BackEnd_Dev\FinTrackAPI\src\shared\validations\auth.validation.js">
        <metrics statements="4" coveredstatements="4" conditionals="0" coveredconditionals="0" methods="0" coveredmethods="0"/>
        <line num="1" count="10" type="stmt"/>
        <line num="3" count="10" type="stmt"/>
        <line num="11" count="10" type="stmt"/>
        <line num="18" count="10" type="stmt"/>
      </file>
      <file name="budget.validation.js" path="D:\University\BackEnd_Dev\FinTrackAPI\src\shared\validations\budget.validation.js">
        <metrics statements="3" coveredstatements="3" conditionals="0" coveredconditionals="0" methods="0" coveredmethods="0"/>
        <line num="1" count="10" type="stmt"/>
        <line num="3" count="10" type="stmt"/>
        <line num="12" count="10" type="stmt"/>
      </file>
      <file name="category.validation.js" path="D:\University\BackEnd_Dev\FinTrackAPI\src\shared\validations\category.validation.js">
        <metrics statements="4" coveredstatements="4" conditionals="0" coveredconditionals="0" methods="0" coveredmethods="0"/>
        <line num="1" count="10" type="stmt"/>
        <line num="3" count="10" type="stmt"/>
        <line num="13" count="10" type="stmt"/>
        <line num="27" count="10" type="stmt"/>
      </file>
      <file name="common.validation.js" path="D:\University\BackEnd_Dev\FinTrackAPI\src\shared\validations\common.validation.js">
        <metrics statements="5" coveredstatements="5" conditionals="0" coveredconditionals="0" methods="0" coveredmethods="0"/>
        <line num="1" count="10" type="stmt"/>
        <line num="3" count="10" type="stmt"/>
        <line num="9" count="10" type="stmt"/>
        <line num="19" count="10" type="stmt"/>
        <line num="28" count="10" type="stmt"/>
      </file>
      <file name="export.validation.js" path="D:\University\BackEnd_Dev\FinTrackAPI\src\shared\validations\export.validation.js">
        <metrics statements="3" coveredstatements="3" conditionals="0" coveredconditionals="0" methods="0" coveredmethods="0"/>
        <line num="1" count="10" type="stmt"/>
        <line num="3" count="10" type="stmt"/>
        <line num="15" count="10" type="stmt"/>
      </file>
      <file name="report.validation.js" path="D:\University\BackEnd_Dev\FinTrackAPI\src\shared\validations\report.validation.js">
        <metrics statements="4" coveredstatements="4" conditionals="0" coveredconditionals="0" methods="0" coveredmethods="0"/>
        <line num="1" count="10" type="stmt"/>
        <line num="3" count="10" type="stmt"/>
        <line num="13" count="10" type="stmt"/>
        <line num="23" count="10" type="stmt"/>
      </file>
      <file name="setting.validation.js" path="D:\University\BackEnd_Dev\FinTrackAPI\src\shared\validations\setting.validation.js">
        <metrics statements="3" coveredstatements="3" conditionals="0" coveredconditionals="0" methods="0" coveredmethods="0"/>
        <line num="1" count="10" type="stmt"/>
        <line num="3" count="10" type="stmt"/>
        <line num="9" count="10" type="stmt"/>
      </file>
      <file name="transaction.validation.js" path="D:\University\BackEnd_Dev\FinTrackAPI\src\shared\validations\transaction.validation.js">
        <metrics statements="4" coveredstatements="4" conditionals="0" coveredconditionals="0" methods="0" coveredmethods="0"/>
        <line num="1" count="10" type="stmt"/>
        <line num="3" count="10" type="stmt"/>
        <line num="13" count="10" type="stmt"/>
        <line num="28" count="10" type="stmt"/>
      </file>
    </package>
  </project>
</coverage>
