{"D:\\University\\BackEnd_Dev\\FinTrackAPI\\src\\app.js": {"path":"D:\\University\\BackEnd_Dev\\FinTrackAPI\\src\\app.js","statementMap":{"0":{"start":{"line":1,"column":16},"end":{"line":1,"column":34}},"1":{"start":{"line":2,"column":21},"end":{"line":2,"column":45}},"2":{"start":{"line":3,"column":21},"end":{"line":3,"column":54}},"3":{"start":{"line":4,"column":18},"end":{"line":4,"column":41}},"4":{"start":{"line":5,"column":24},"end":{"line":5,"column":69}},"5":{"start":{"line":6,"column":17},"end":{"line":6,"column":51}},"6":{"start":{"line":8,"column":12},"end":{"line":8,"column":21}},"7":{"start":{"line":9,"column":0},"end":{"line":9,"column":18}},"8":{"start":{"line":11,"column":0},"end":{"line":11,"column":24}},"9":{"start":{"line":12,"column":0},"end":{"line":12,"column":24}},"10":{"start":{"line":14,"column":0},"end":{"line":14,"column":31}},"11":{"start":{"line":16,"column":0},"end":{"line":18,"column":3}},"12":{"start":{"line":17,"column":2},"end":{"line":17,"column":65}},"13":{"start":{"line":20,"column":0},"end":{"line":22,"column":3}},"14":{"start":{"line":21,"column":2},"end":{"line":21,"column":64}},"15":{"start":{"line":24,"column":0},"end":{"line":24,"column":25}},"16":{"start":{"line":26,"column":0},"end":{"line":26,"column":21}}},"fnMap":{"0":{"name":"(anonymous_0)","decl":{"start":{"line":16,"column":17},"end":{"line":16,"column":18}},"loc":{"start":{"line":16,"column":31},"end":{"line":18,"column":1}},"line":16},"1":{"name":"(anonymous_1)","decl":{"start":{"line":20,"column":8},"end":{"line":20,"column":9}},"loc":{"start":{"line":20,"column":28},"end":{"line":22,"column":1}},"line":20}},"branchMap":{},"s":{"0":10,"1":10,"2":10,"3":10,"4":10,"5":10,"6":10,"7":10,"8":10,"9":10,"10":10,"11":10,"12":1,"13":10,"14":1,"15":10,"16":10},"f":{"0":1,"1":1},"b":{},"_coverageSchema":"1a1c01bbd47fc00a2c39e90264f33305004495a9","hash":"c57d4f063addc8ac0609246a3cdc0036a6ffadfd"}
,"D:\\University\\BackEnd_Dev\\FinTrackAPI\\src\\api\\router.js": {"path":"D:\\University\\BackEnd_Dev\\FinTrackAPI\\src\\api\\router.js","statementMap":{"0":{"start":{"line":1,"column":16},"end":{"line":1,"column":34}},"1":{"start":{"line":2,"column":15},"end":{"line":2,"column":31}},"2":{"start":{"line":4,"column":19},"end":{"line":4,"column":57}},"3":{"start":{"line":5,"column":23},"end":{"line":5,"column":71}},"4":{"start":{"line":6,"column":21},"end":{"line":6,"column":64}},"5":{"start":{"line":7,"column":26},"end":{"line":7,"column":79}},"6":{"start":{"line":8,"column":21},"end":{"line":8,"column":64}},"7":{"start":{"line":9,"column":21},"end":{"line":9,"column":63}},"8":{"start":{"line":10,"column":22},"end":{"line":10,"column":67}},"9":{"start":{"line":11,"column":18},"end":{"line":11,"column":55}},"10":{"start":{"line":13,"column":23},"end":{"line":13,"column":75}},"11":{"start":{"line":14,"column":0},"end":{"line":14,"column":32}},"12":{"start":{"line":16,"column":0},"end":{"line":16,"column":27}},"13":{"start":{"line":18,"column":0},"end":{"line":18,"column":42}},"14":{"start":{"line":19,"column":0},"end":{"line":19,"column":37}},"15":{"start":{"line":20,"column":0},"end":{"line":20,"column":47}},"16":{"start":{"line":21,"column":0},"end":{"line":21,"column":37}},"17":{"start":{"line":22,"column":0},"end":{"line":22,"column":36}},"18":{"start":{"line":23,"column":0},"end":{"line":23,"column":39}},"19":{"start":{"line":24,"column":0},"end":{"line":24,"column":27}},"20":{"start":{"line":26,"column":0},"end":{"line":26,"column":24}}},"fnMap":{},"branchMap":{},"s":{"0":10,"1":10,"2":10,"3":10,"4":10,"5":10,"6":10,"7":10,"8":10,"9":10,"10":10,"11":10,"12":10,"13":10,"14":10,"15":10,"16":10,"17":10,"18":10,"19":10,"20":10},"f":{},"b":{},"_coverageSchema":"1a1c01bbd47fc00a2c39e90264f33305004495a9","hash":"4fd455839fc1daf15d71c5b0b74d5da2ffcce2ca"}
,"D:\\University\\BackEnd_Dev\\FinTrackAPI\\src\\api\\middlewares\\audit.middleware.js": {"path":"D:\\University\\BackEnd_Dev\\FinTrackAPI\\src\\api\\middlewares\\audit.middleware.js","statementMap":{"0":{"start":{"line":1,"column":17},"end":{"line":1,"column":55}},"1":{"start":{"line":3,"column":17},"end":{"line":36,"column":1}},"2":{"start":{"line":4,"column":2},"end":{"line":35,"column":4}},"3":{"start":{"line":5,"column":4},"end":{"line":33,"column":7}},"4":{"start":{"line":6,"column":6},"end":{"line":32,"column":7}},"5":{"start":{"line":7,"column":8},"end":{"line":31,"column":9}},"6":{"start":{"line":8,"column":25},"end":{"line":8,"column":61}},"7":{"start":{"line":10,"column":26},"end":{"line":13,"column":11}},"8":{"start":{"line":15,"column":10},"end":{"line":17,"column":11}},"9":{"start":{"line":16,"column":12},"end":{"line":16,"column":36}},"10":{"start":{"line":18,"column":10},"end":{"line":20,"column":11}},"11":{"start":{"line":19,"column":12},"end":{"line":19,"column":40}},"12":{"start":{"line":22,"column":10},"end":{"line":28,"column":13}},"13":{"start":{"line":27,"column":12},"end":{"line":27,"column":59}},"14":{"start":{"line":30,"column":10},"end":{"line":30,"column":57}},"15":{"start":{"line":34,"column":4},"end":{"line":34,"column":11}},"16":{"start":{"line":38,"column":0},"end":{"line":38,"column":26}}},"fnMap":{"0":{"name":"(anonymous_0)","decl":{"start":{"line":3,"column":17},"end":{"line":3,"column":18}},"loc":{"start":{"line":3,"column":33},"end":{"line":36,"column":1}},"line":3},"1":{"name":"(anonymous_1)","decl":{"start":{"line":4,"column":9},"end":{"line":4,"column":10}},"loc":{"start":{"line":4,"column":35},"end":{"line":35,"column":3}},"line":4},"2":{"name":"(anonymous_2)","decl":{"start":{"line":5,"column":21},"end":{"line":5,"column":22}},"loc":{"start":{"line":5,"column":33},"end":{"line":33,"column":5}},"line":5},"3":{"name":"(anonymous_3)","decl":{"start":{"line":26,"column":19},"end":{"line":26,"column":20}},"loc":{"start":{"line":26,"column":28},"end":{"line":28,"column":11}},"line":26}},"branchMap":{"0":{"loc":{"start":{"line":6,"column":6},"end":{"line":32,"column":7}},"type":"if","locations":[{"start":{"line":6,"column":6},"end":{"line":32,"column":7}},{"start":{},"end":{}}],"line":6},"1":{"loc":{"start":{"line":6,"column":10},"end":{"line":6,"column":55}},"type":"binary-expr","locations":[{"start":{"line":6,"column":10},"end":{"line":6,"column":31}},{"start":{"line":6,"column":35},"end":{"line":6,"column":55}}],"line":6},"2":{"loc":{"start":{"line":8,"column":25},"end":{"line":8,"column":61}},"type":"cond-expr","locations":[{"start":{"line":8,"column":36},"end":{"line":8,"column":47}},{"start":{"line":8,"column":50},"end":{"line":8,"column":61}}],"line":8},"3":{"loc":{"start":{"line":15,"column":10},"end":{"line":17,"column":11}},"type":"if","locations":[{"start":{"line":15,"column":10},"end":{"line":17,"column":11}},{"start":{},"end":{}}],"line":15},"4":{"loc":{"start":{"line":15,"column":14},"end":{"line":15,"column":82}},"type":"binary-expr","locations":[{"start":{"line":15,"column":14},"end":{"line":15,"column":22}},{"start":{"line":15,"column":26},"end":{"line":15,"column":58}},{"start":{"line":15,"column":62},"end":{"line":15,"column":82}}],"line":15},"5":{"loc":{"start":{"line":18,"column":10},"end":{"line":20,"column":11}},"type":"if","locations":[{"start":{"line":18,"column":10},"end":{"line":20,"column":11}},{"start":{},"end":{}}],"line":18},"6":{"loc":{"start":{"line":18,"column":14},"end":{"line":18,"column":62}},"type":"binary-expr","locations":[{"start":{"line":18,"column":14},"end":{"line":18,"column":24}},{"start":{"line":18,"column":28},"end":{"line":18,"column":62}}],"line":18}},"s":{"0":10,"1":10,"2":120,"3":49,"4":49,"5":35,"6":35,"7":35,"8":35,"9":32,"10":35,"11":8,"12":35,"13":0,"14":0,"15":49,"16":10},"f":{"0":120,"1":49,"2":49,"3":0},"b":{"0":[35,14],"1":[49,49],"2":[20,15],"3":[32,3],"4":[35,32,32],"5":[8,27],"6":[35,35]},"_coverageSchema":"1a1c01bbd47fc00a2c39e90264f33305004495a9","hash":"efc99af5b0661abe3dba5a28d1b44cde4aa7aaa5"}
,"D:\\University\\BackEnd_Dev\\FinTrackAPI\\src\\api\\middlewares\\auth.middleware.js": {"path":"D:\\University\\BackEnd_Dev\\FinTrackAPI\\src\\api\\middlewares\\auth.middleware.js","statementMap":{"0":{"start":{"line":1,"column":17},"end":{"line":1,"column":55}},"1":{"start":{"line":2,"column":20},"end":{"line":2,"column":62}},"2":{"start":{"line":4,"column":0},"end":{"line":21,"column":2}},"3":{"start":{"line":5,"column":2},"end":{"line":20,"column":3}},"4":{"start":{"line":6,"column":24},"end":{"line":6,"column":47}},"5":{"start":{"line":7,"column":4},"end":{"line":9,"column":5}},"6":{"start":{"line":8,"column":6},"end":{"line":8,"column":43}},"7":{"start":{"line":11,"column":21},"end":{"line":11,"column":65}},"8":{"start":{"line":12,"column":4},"end":{"line":14,"column":5}},"9":{"start":{"line":13,"column":6},"end":{"line":13,"column":43}},"10":{"start":{"line":16,"column":4},"end":{"line":16,"column":24}},"11":{"start":{"line":17,"column":4},"end":{"line":17,"column":11}},"12":{"start":{"line":19,"column":4},"end":{"line":19,"column":41}}},"fnMap":{"0":{"name":"(anonymous_0)","decl":{"start":{"line":4,"column":17},"end":{"line":4,"column":18}},"loc":{"start":{"line":4,"column":43},"end":{"line":21,"column":1}},"line":4}},"branchMap":{"0":{"loc":{"start":{"line":7,"column":4},"end":{"line":9,"column":5}},"type":"if","locations":[{"start":{"line":7,"column":4},"end":{"line":9,"column":5}},{"start":{},"end":{}}],"line":7},"1":{"loc":{"start":{"line":12,"column":4},"end":{"line":14,"column":5}},"type":"if","locations":[{"start":{"line":12,"column":4},"end":{"line":14,"column":5}},{"start":{},"end":{}}],"line":12}},"s":{"0":10,"1":10,"2":10,"3":49,"4":49,"5":49,"6":1,"7":48,"8":48,"9":1,"10":47,"11":47,"12":0},"f":{"0":49},"b":{"0":[1,48],"1":[1,47]},"_coverageSchema":"1a1c01bbd47fc00a2c39e90264f33305004495a9","hash":"4535d089f9f1d434647641239889b2d2137f0b6f"}
,"D:\\University\\BackEnd_Dev\\FinTrackAPI\\src\\api\\middlewares\\error.middleware.js": {"path":"D:\\University\\BackEnd_Dev\\FinTrackAPI\\src\\api\\middlewares\\error.middleware.js","statementMap":{"0":{"start":{"line":1,"column":17},"end":{"line":1,"column":55}},"1":{"start":{"line":3,"column":0},"end":{"line":66,"column":2}},"2":{"start":{"line":4,"column":2},"end":{"line":6,"column":3}},"3":{"start":{"line":5,"column":4},"end":{"line":5,"column":64}},"4":{"start":{"line":8,"column":2},"end":{"line":13,"column":3}},"5":{"start":{"line":9,"column":4},"end":{"line":12,"column":7}},"6":{"start":{"line":15,"column":2},"end":{"line":40,"column":3}},"7":{"start":{"line":16,"column":4},"end":{"line":39,"column":5}},"8":{"start":{"line":18,"column":28},"end":{"line":18,"column":75}},"9":{"start":{"line":19,"column":8},"end":{"line":22,"column":11}},"10":{"start":{"line":25,"column":8},"end":{"line":28,"column":11}},"11":{"start":{"line":30,"column":8},"end":{"line":33,"column":11}},"12":{"start":{"line":35,"column":8},"end":{"line":38,"column":11}},"13":{"start":{"line":42,"column":2},"end":{"line":47,"column":3}},"14":{"start":{"line":43,"column":4},"end":{"line":46,"column":7}},"15":{"start":{"line":49,"column":2},"end":{"line":59,"column":3}},"16":{"start":{"line":55,"column":4},"end":{"line":58,"column":7}},"17":{"start":{"line":61,"column":2},"end":{"line":65,"column":5}}},"fnMap":{"0":{"name":"(anonymous_0)","decl":{"start":{"line":3,"column":17},"end":{"line":3,"column":18}},"loc":{"start":{"line":3,"column":43},"end":{"line":66,"column":1}},"line":3}},"branchMap":{"0":{"loc":{"start":{"line":4,"column":2},"end":{"line":6,"column":3}},"type":"if","locations":[{"start":{"line":4,"column":2},"end":{"line":6,"column":3}},{"start":{},"end":{}}],"line":4},"1":{"loc":{"start":{"line":4,"column":6},"end":{"line":4,"column":74}},"type":"binary-expr","locations":[{"start":{"line":4,"column":6},"end":{"line":4,"column":37}},{"start":{"line":4,"column":41},"end":{"line":4,"column":52}},{"start":{"line":4,"column":56},"end":{"line":4,"column":74}}],"line":4},"2":{"loc":{"start":{"line":8,"column":2},"end":{"line":13,"column":3}},"type":"if","locations":[{"start":{"line":8,"column":2},"end":{"line":13,"column":3}},{"start":{},"end":{}}],"line":8},"3":{"loc":{"start":{"line":15,"column":2},"end":{"line":40,"column":3}},"type":"if","locations":[{"start":{"line":15,"column":2},"end":{"line":40,"column":3}},{"start":{},"end":{}}],"line":15},"4":{"loc":{"start":{"line":15,"column":6},"end":{"line":15,"column":42}},"type":"binary-expr","locations":[{"start":{"line":15,"column":6},"end":{"line":15,"column":14}},{"start":{"line":15,"column":18},"end":{"line":15,"column":42}}],"line":15},"5":{"loc":{"start":{"line":16,"column":4},"end":{"line":39,"column":5}},"type":"switch","locations":[{"start":{"line":17,"column":6},"end":{"line":23,"column":7}},{"start":{"line":24,"column":6},"end":{"line":28,"column":11}},{"start":{"line":29,"column":6},"end":{"line":33,"column":11}},{"start":{"line":34,"column":6},"end":{"line":38,"column":11}}],"line":16},"6":{"loc":{"start":{"line":18,"column":28},"end":{"line":18,"column":75}},"type":"cond-expr","locations":[{"start":{"line":18,"column":47},"end":{"line":18,"column":70}},{"start":{"line":18,"column":73},"end":{"line":18,"column":75}}],"line":18},"7":{"loc":{"start":{"line":42,"column":2},"end":{"line":47,"column":3}},"type":"if","locations":[{"start":{"line":42,"column":2},"end":{"line":47,"column":3}},{"start":{},"end":{}}],"line":42},"8":{"loc":{"start":{"line":42,"column":6},"end":{"line":42,"column":71}},"type":"binary-expr","locations":[{"start":{"line":42,"column":6},"end":{"line":42,"column":32}},{"start":{"line":42,"column":36},"end":{"line":42,"column":54}},{"start":{"line":42,"column":58},"end":{"line":42,"column":71}}],"line":42},"9":{"loc":{"start":{"line":49,"column":2},"end":{"line":59,"column":3}},"type":"if","locations":[{"start":{"line":49,"column":2},"end":{"line":59,"column":3}},{"start":{},"end":{}}],"line":49},"10":{"loc":{"start":{"line":50,"column":4},"end":{"line":53,"column":40}},"type":"binary-expr","locations":[{"start":{"line":50,"column":4},"end":{"line":50,"column":34}},{"start":{"line":51,"column":4},"end":{"line":51,"column":46}},{"start":{"line":52,"column":4},"end":{"line":52,"column":36}},{"start":{"line":53,"column":4},"end":{"line":53,"column":40}}],"line":50},"11":{"loc":{"start":{"line":64,"column":11},"end":{"line":64,"column":75}},"type":"cond-expr","locations":[{"start":{"line":64,"column":52},"end":{"line":64,"column":63}},{"start":{"line":64,"column":66},"end":{"line":64,"column":75}}],"line":64}},"s":{"0":10,"1":10,"2":24,"3":3,"4":24,"5":20,"6":4,"7":1,"8":0,"9":0,"10":0,"11":1,"12":0,"13":3,"14":1,"15":2,"16":2,"17":0},"f":{"0":24},"b":{"0":[3,21],"1":[24,24,21],"2":[20,4],"3":[1,3],"4":[4,1],"5":[0,0,1,0],"6":[0,0],"7":[1,2],"8":[3,1,1],"9":[2,0],"10":[2,2,0,0],"11":[0,0]},"_coverageSchema":"1a1c01bbd47fc00a2c39e90264f33305004495a9","hash":"f4f6489b8c28cf92bb6b0bb272e15034a12539ee"}
,"D:\\University\\BackEnd_Dev\\FinTrackAPI\\src\\models\\nosql\\AuditLog.js": {"path":"D:\\University\\BackEnd_Dev\\FinTrackAPI\\src\\models\\nosql\\AuditLog.js","statementMap":{"0":{"start":{"line":1,"column":17},"end":{"line":1,"column":36}},"1":{"start":{"line":3,"column":23},"end":{"line":20,"column":1}},"2":{"start":{"line":14,"column":8},"end":{"line":14,"column":25}},"3":{"start":{"line":15,"column":8},"end":{"line":15,"column":23}},"4":{"start":{"line":16,"column":8},"end":{"line":16,"column":19}},"5":{"start":{"line":22,"column":0},"end":{"line":22,"column":51}},"6":{"start":{"line":24,"column":0},"end":{"line":24,"column":60}}},"fnMap":{"0":{"name":"(anonymous_0)","decl":{"start":{"line":13,"column":17},"end":{"line":13,"column":18}},"loc":{"start":{"line":13,"column":31},"end":{"line":17,"column":7}},"line":13}},"branchMap":{},"s":{"0":12,"1":12,"2":1,"3":1,"4":1,"5":12,"6":12},"f":{"0":1},"b":{},"_coverageSchema":"1a1c01bbd47fc00a2c39e90264f33305004495a9","hash":"85e7047ac5735bea4de9aabba57bc387370f1305"}
,"D:\\University\\BackEnd_Dev\\FinTrackAPI\\src\\models\\nosql\\UserSetting.js": {"path":"D:\\University\\BackEnd_Dev\\FinTrackAPI\\src\\models\\nosql\\UserSetting.js","statementMap":{"0":{"start":{"line":1,"column":17},"end":{"line":1,"column":36}},"1":{"start":{"line":3,"column":26},"end":{"line":19,"column":1}},"2":{"start":{"line":13,"column":8},"end":{"line":13,"column":25}},"3":{"start":{"line":14,"column":8},"end":{"line":14,"column":23}},"4":{"start":{"line":15,"column":8},"end":{"line":15,"column":19}},"5":{"start":{"line":21,"column":0},"end":{"line":21,"column":66}}},"fnMap":{"0":{"name":"(anonymous_0)","decl":{"start":{"line":12,"column":17},"end":{"line":12,"column":18}},"loc":{"start":{"line":12,"column":31},"end":{"line":16,"column":7}},"line":12}},"branchMap":{},"s":{"0":11,"1":11,"2":2,"3":2,"4":2,"5":11},"f":{"0":2},"b":{},"_coverageSchema":"1a1c01bbd47fc00a2c39e90264f33305004495a9","hash":"055ceba7c0a44dd53024cc0057144319316c1526"}
,"D:\\University\\BackEnd_Dev\\FinTrackAPI\\src\\modules\\auth\\auth.controller.js": {"path":"D:\\University\\BackEnd_Dev\\FinTrackAPI\\src\\modules\\auth\\auth.controller.js","statementMap":{"0":{"start":{"line":1,"column":20},"end":{"line":1,"column":45}},"1":{"start":{"line":2,"column":19},"end":{"line":2,"column":59}},"2":{"start":{"line":3,"column":17},"end":{"line":3,"column":55}},"3":{"start":{"line":4,"column":28},"end":{"line":4,"column":71}},"4":{"start":{"line":7,"column":13},"end":{"line":41,"column":4}},"5":{"start":{"line":8,"column":36},"end":{"line":8,"column":44}},"6":{"start":{"line":10,"column":4},"end":{"line":12,"column":5}},"7":{"start":{"line":11,"column":6},"end":{"line":11,"column":99}},"8":{"start":{"line":14,"column":4},"end":{"line":14,"column":39}},"9":{"start":{"line":16,"column":23},"end":{"line":16,"column":73}},"10":{"start":{"line":17,"column":4},"end":{"line":19,"column":5}},"11":{"start":{"line":18,"column":6},"end":{"line":18,"column":72}},"12":{"start":{"line":21,"column":4},"end":{"line":21,"column":31}},"13":{"start":{"line":23,"column":4},"end":{"line":25,"column":5}},"14":{"start":{"line":24,"column":6},"end":{"line":24,"column":71}},"15":{"start":{"line":27,"column":4},"end":{"line":29,"column":5}},"16":{"start":{"line":28,"column":6},"end":{"line":28,"column":94}},"17":{"start":{"line":31,"column":21},"end":{"line":31,"column":70}},"18":{"start":{"line":32,"column":4},"end":{"line":35,"column":7}},"19":{"start":{"line":36,"column":4},"end":{"line":36,"column":96}},"20":{"start":{"line":37,"column":4},"end":{"line":40,"column":7}},"21":{"start":{"line":43,"column":10},"end":{"line":60,"column":4}},"22":{"start":{"line":44,"column":32},"end":{"line":44,"column":40}},"23":{"start":{"line":46,"column":4},"end":{"line":48,"column":5}},"24":{"start":{"line":47,"column":6},"end":{"line":47,"column":74}},"25":{"start":{"line":50,"column":21},"end":{"line":50,"column":61}},"26":{"start":{"line":51,"column":4},"end":{"line":54,"column":7}},"27":{"start":{"line":55,"column":4},"end":{"line":55,"column":96}},"28":{"start":{"line":56,"column":4},"end":{"line":59,"column":7}},"29":{"start":{"line":62,"column":11},"end":{"line":66,"column":4}},"30":{"start":{"line":63,"column":4},"end":{"line":63,"column":36}},"31":{"start":{"line":64,"column":4},"end":{"line":64,"column":35}},"32":{"start":{"line":65,"column":4},"end":{"line":65,"column":72}},"33":{"start":{"line":68,"column":12},"end":{"line":83,"column":4}},"34":{"start":{"line":69,"column":29},"end":{"line":69,"column":40}},"35":{"start":{"line":70,"column":4},"end":{"line":72,"column":5}},"36":{"start":{"line":71,"column":6},"end":{"line":71,"column":69}},"37":{"start":{"line":73,"column":21},"end":{"line":73,"column":60}},"38":{"start":{"line":74,"column":4},"end":{"line":77,"column":7}},"39":{"start":{"line":78,"column":4},"end":{"line":78,"column":96}},"40":{"start":{"line":79,"column":4},"end":{"line":82,"column":7}},"41":{"start":{"line":85,"column":7},"end":{"line":88,"column":4}},"42":{"start":{"line":86,"column":21},"end":{"line":86,"column":63}},"43":{"start":{"line":87,"column":4},"end":{"line":87,"column":30}},"44":{"start":{"line":91,"column":0},"end":{"line":91,"column":38}}},"fnMap":{"0":{"name":"(anonymous_0)","decl":{"start":{"line":7,"column":24},"end":{"line":7,"column":25}},"loc":{"start":{"line":7,"column":51},"end":{"line":41,"column":3}},"line":7},"1":{"name":"(anonymous_1)","decl":{"start":{"line":43,"column":21},"end":{"line":43,"column":22}},"loc":{"start":{"line":43,"column":48},"end":{"line":60,"column":3}},"line":43},"2":{"name":"(anonymous_2)","decl":{"start":{"line":62,"column":22},"end":{"line":62,"column":23}},"loc":{"start":{"line":62,"column":49},"end":{"line":66,"column":3}},"line":62},"3":{"name":"(anonymous_3)","decl":{"start":{"line":68,"column":23},"end":{"line":68,"column":24}},"loc":{"start":{"line":68,"column":50},"end":{"line":83,"column":3}},"line":68},"4":{"name":"(anonymous_4)","decl":{"start":{"line":85,"column":18},"end":{"line":85,"column":19}},"loc":{"start":{"line":85,"column":45},"end":{"line":88,"column":3}},"line":85}},"branchMap":{"0":{"loc":{"start":{"line":10,"column":4},"end":{"line":12,"column":5}},"type":"if","locations":[{"start":{"line":10,"column":4},"end":{"line":12,"column":5}},{"start":{},"end":{}}],"line":10},"1":{"loc":{"start":{"line":10,"column":8},"end":{"line":10,"column":36}},"type":"binary-expr","locations":[{"start":{"line":10,"column":8},"end":{"line":10,"column":14}},{"start":{"line":10,"column":18},"end":{"line":10,"column":27}},{"start":{"line":10,"column":31},"end":{"line":10,"column":36}}],"line":10},"2":{"loc":{"start":{"line":17,"column":4},"end":{"line":19,"column":5}},"type":"if","locations":[{"start":{"line":17,"column":4},"end":{"line":19,"column":5}},{"start":{},"end":{}}],"line":17},"3":{"loc":{"start":{"line":23,"column":4},"end":{"line":25,"column":5}},"type":"if","locations":[{"start":{"line":23,"column":4},"end":{"line":25,"column":5}},{"start":{},"end":{}}],"line":23},"4":{"loc":{"start":{"line":27,"column":4},"end":{"line":29,"column":5}},"type":"if","locations":[{"start":{"line":27,"column":4},"end":{"line":29,"column":5}},{"start":{},"end":{}}],"line":27},"5":{"loc":{"start":{"line":27,"column":8},"end":{"line":27,"column":58}},"type":"binary-expr","locations":[{"start":{"line":27,"column":8},"end":{"line":27,"column":31}},{"start":{"line":27,"column":35},"end":{"line":27,"column":58}}],"line":27},"6":{"loc":{"start":{"line":46,"column":4},"end":{"line":48,"column":5}},"type":"if","locations":[{"start":{"line":46,"column":4},"end":{"line":48,"column":5}},{"start":{},"end":{}}],"line":46},"7":{"loc":{"start":{"line":46,"column":8},"end":{"line":46,"column":27}},"type":"binary-expr","locations":[{"start":{"line":46,"column":8},"end":{"line":46,"column":14}},{"start":{"line":46,"column":18},"end":{"line":46,"column":27}}],"line":46},"8":{"loc":{"start":{"line":70,"column":4},"end":{"line":72,"column":5}},"type":"if","locations":[{"start":{"line":70,"column":4},"end":{"line":72,"column":5}},{"start":{},"end":{}}],"line":70}},"s":{"0":10,"1":10,"2":10,"3":10,"4":10,"5":16,"6":16,"7":1,"8":15,"9":15,"10":15,"11":0,"12":15,"13":12,"14":0,"15":12,"16":0,"17":12,"18":11,"19":11,"20":11,"21":10,"22":6,"23":6,"24":0,"25":6,"26":4,"27":4,"28":4,"29":10,"30":1,"31":1,"32":1,"33":10,"34":3,"35":3,"36":1,"37":2,"38":1,"39":1,"40":1,"41":10,"42":1,"43":1,"44":10},"f":{"0":16,"1":6,"2":1,"3":3,"4":1},"b":{"0":[1,15],"1":[16,16,15],"2":[0,15],"3":[0,12],"4":[0,12],"5":[12,12],"6":[0,6],"7":[6,6],"8":[1,2]},"_coverageSchema":"1a1c01bbd47fc00a2c39e90264f33305004495a9","hash":"007899795a450c9340a31d0a32041e4930089a5c"}
,"D:\\University\\BackEnd_Dev\\FinTrackAPI\\src\\modules\\auth\\auth.repository.js": {"path":"D:\\University\\BackEnd_Dev\\FinTrackAPI\\src\\modules\\auth\\auth.repository.js","statementMap":{"0":{"start":{"line":1,"column":15},"end":{"line":1,"column":54}},"1":{"start":{"line":5,"column":4},"end":{"line":5,"column":62}},"2":{"start":{"line":9,"column":4},"end":{"line":9,"column":59}},"3":{"start":{"line":13,"column":4},"end":{"line":15,"column":7}},"4":{"start":{"line":19,"column":4},"end":{"line":23,"column":7}},"5":{"start":{"line":27,"column":4},"end":{"line":29,"column":7}},"6":{"start":{"line":33,"column":0},"end":{"line":33,"column":38}}},"fnMap":{"0":{"name":"(anonymous_0)","decl":{"start":{"line":4,"column":2},"end":{"line":4,"column":3}},"loc":{"start":{"line":4,"column":27},"end":{"line":6,"column":3}},"line":4},"1":{"name":"(anonymous_1)","decl":{"start":{"line":8,"column":2},"end":{"line":8,"column":3}},"loc":{"start":{"line":8,"column":21},"end":{"line":10,"column":3}},"line":8},"2":{"name":"(anonymous_2)","decl":{"start":{"line":12,"column":2},"end":{"line":12,"column":3}},"loc":{"start":{"line":12,"column":42},"end":{"line":16,"column":3}},"line":12},"3":{"name":"(anonymous_3)","decl":{"start":{"line":18,"column":2},"end":{"line":18,"column":3}},"loc":{"start":{"line":18,"column":40},"end":{"line":24,"column":3}},"line":18},"4":{"name":"(anonymous_4)","decl":{"start":{"line":26,"column":2},"end":{"line":26,"column":3}},"loc":{"start":{"line":26,"column":32},"end":{"line":30,"column":3}},"line":26}},"branchMap":{},"s":{"0":12,"1":18,"2":4,"3":11,"4":0,"5":0,"6":12},"f":{"0":18,"1":4,"2":11,"3":0,"4":0},"b":{},"_coverageSchema":"1a1c01bbd47fc00a2c39e90264f33305004495a9","hash":"5b9562b25e74c27652572bedf6798e7c85b0f0a9"}
,"D:\\University\\BackEnd_Dev\\FinTrackAPI\\src\\modules\\auth\\auth.routes.js": {"path":"D:\\University\\BackEnd_Dev\\FinTrackAPI\\src\\modules\\auth\\auth.routes.js","statementMap":{"0":{"start":{"line":1,"column":16},"end":{"line":1,"column":34}},"1":{"start":{"line":2,"column":15},"end":{"line":2,"column":31}},"2":{"start":{"line":3,"column":23},"end":{"line":3,"column":51}},"3":{"start":{"line":4,"column":23},"end":{"line":4,"column":71}},"4":{"start":{"line":5,"column":17},"end":{"line":5,"column":66}},"5":{"start":{"line":7,"column":0},"end":{"line":7,"column":72}},"6":{"start":{"line":8,"column":0},"end":{"line":8,"column":63}},"7":{"start":{"line":9,"column":0},"end":{"line":9,"column":48}},"8":{"start":{"line":10,"column":0},"end":{"line":10,"column":46}},"9":{"start":{"line":12,"column":0},"end":{"line":12,"column":53}},"10":{"start":{"line":14,"column":0},"end":{"line":14,"column":24}}},"fnMap":{},"branchMap":{},"s":{"0":10,"1":10,"2":10,"3":10,"4":10,"5":10,"6":10,"7":10,"8":10,"9":10,"10":10},"f":{},"b":{},"_coverageSchema":"1a1c01bbd47fc00a2c39e90264f33305004495a9","hash":"c0451246de5ca40fe85bbed19ca0d6442bb19e1b"}
,"D:\\University\\BackEnd_Dev\\FinTrackAPI\\src\\modules\\auth\\auth.service.js": {"path":"D:\\University\\BackEnd_Dev\\FinTrackAPI\\src\\modules\\auth\\auth.service.js","statementMap":{"0":{"start":{"line":1,"column":23},"end":{"line":1,"column":51}},"1":{"start":{"line":2,"column":15},"end":{"line":2,"column":34}},"2":{"start":{"line":3,"column":12},"end":{"line":3,"column":35}},"3":{"start":{"line":4,"column":17},"end":{"line":4,"column":55}},"4":{"start":{"line":8,"column":28},"end":{"line":8,"column":54}},"5":{"start":{"line":9,"column":22},"end":{"line":9,"column":71}},"6":{"start":{"line":10,"column":4},"end":{"line":12,"column":5}},"7":{"start":{"line":11,"column":6},"end":{"line":11,"column":92}},"8":{"start":{"line":14,"column":25},"end":{"line":14,"column":56}},"9":{"start":{"line":15,"column":17},"end":{"line":15,"column":85}},"10":{"start":{"line":17,"column":19},"end":{"line":17,"column":74}},"11":{"start":{"line":18,"column":4},"end":{"line":21,"column":6}},"12":{"start":{"line":25,"column":28},"end":{"line":25,"column":54}},"13":{"start":{"line":26,"column":17},"end":{"line":26,"column":66}},"14":{"start":{"line":27,"column":4},"end":{"line":29,"column":5}},"15":{"start":{"line":28,"column":6},"end":{"line":28,"column":93}},"16":{"start":{"line":31,"column":25},"end":{"line":31,"column":70}},"17":{"start":{"line":32,"column":4},"end":{"line":34,"column":5}},"18":{"start":{"line":33,"column":6},"end":{"line":33,"column":93}},"19":{"start":{"line":36,"column":19},"end":{"line":36,"column":74}},"20":{"start":{"line":37,"column":4},"end":{"line":40,"column":6}},"21":{"start":{"line":44,"column":4},"end":{"line":46,"column":5}},"22":{"start":{"line":45,"column":6},"end":{"line":45,"column":69}},"23":{"start":{"line":48,"column":21},"end":{"line":48,"column":60}},"24":{"start":{"line":49,"column":4},"end":{"line":51,"column":5}},"25":{"start":{"line":50,"column":6},"end":{"line":50,"column":66}},"26":{"start":{"line":53,"column":17},"end":{"line":53,"column":59}},"27":{"start":{"line":54,"column":4},"end":{"line":56,"column":5}},"28":{"start":{"line":55,"column":6},"end":{"line":55,"column":61}},"29":{"start":{"line":58,"column":19},"end":{"line":58,"column":74}},"30":{"start":{"line":59,"column":4},"end":{"line":62,"column":6}},"31":{"start":{"line":66,"column":17},"end":{"line":66,"column":54}},"32":{"start":{"line":67,"column":4},"end":{"line":69,"column":5}},"33":{"start":{"line":68,"column":6},"end":{"line":68,"column":65}},"34":{"start":{"line":70,"column":4},"end":{"line":70,"column":63}},"35":{"start":{"line":74,"column":24},"end":{"line":76,"column":6}},"36":{"start":{"line":77,"column":25},"end":{"line":79,"column":6}},"37":{"start":{"line":80,"column":4},"end":{"line":80,"column":41}},"38":{"start":{"line":84,"column":4},"end":{"line":88,"column":5}},"39":{"start":{"line":85,"column":6},"end":{"line":85,"column":81}},"40":{"start":{"line":87,"column":6},"end":{"line":87,"column":18}},"41":{"start":{"line":92,"column":4},"end":{"line":96,"column":5}},"42":{"start":{"line":93,"column":6},"end":{"line":93,"column":83}},"43":{"start":{"line":95,"column":6},"end":{"line":95,"column":18}},"44":{"start":{"line":100,"column":0},"end":{"line":100,"column":35}}},"fnMap":{"0":{"name":"(anonymous_0)","decl":{"start":{"line":7,"column":2},"end":{"line":7,"column":3}},"loc":{"start":{"line":7,"column":40},"end":{"line":22,"column":3}},"line":7},"1":{"name":"(anonymous_1)","decl":{"start":{"line":24,"column":2},"end":{"line":24,"column":3}},"loc":{"start":{"line":24,"column":31},"end":{"line":41,"column":3}},"line":24},"2":{"name":"(anonymous_2)","decl":{"start":{"line":43,"column":2},"end":{"line":43,"column":3}},"loc":{"start":{"line":43,"column":30},"end":{"line":63,"column":3}},"line":43},"3":{"name":"(anonymous_3)","decl":{"start":{"line":65,"column":2},"end":{"line":65,"column":3}},"loc":{"start":{"line":65,"column":28},"end":{"line":71,"column":3}},"line":65},"4":{"name":"(anonymous_4)","decl":{"start":{"line":73,"column":2},"end":{"line":73,"column":3}},"loc":{"start":{"line":73,"column":26},"end":{"line":81,"column":3}},"line":73},"5":{"name":"(anonymous_5)","decl":{"start":{"line":83,"column":2},"end":{"line":83,"column":3}},"loc":{"start":{"line":83,"column":29},"end":{"line":89,"column":3}},"line":83},"6":{"name":"(anonymous_6)","decl":{"start":{"line":91,"column":2},"end":{"line":91,"column":3}},"loc":{"start":{"line":91,"column":30},"end":{"line":97,"column":3}},"line":91}},"branchMap":{"0":{"loc":{"start":{"line":10,"column":4},"end":{"line":12,"column":5}},"type":"if","locations":[{"start":{"line":10,"column":4},"end":{"line":12,"column":5}},{"start":{},"end":{}}],"line":10},"1":{"loc":{"start":{"line":27,"column":4},"end":{"line":29,"column":5}},"type":"if","locations":[{"start":{"line":27,"column":4},"end":{"line":29,"column":5}},{"start":{},"end":{}}],"line":27},"2":{"loc":{"start":{"line":32,"column":4},"end":{"line":34,"column":5}},"type":"if","locations":[{"start":{"line":32,"column":4},"end":{"line":34,"column":5}},{"start":{},"end":{}}],"line":32},"3":{"loc":{"start":{"line":44,"column":4},"end":{"line":46,"column":5}},"type":"if","locations":[{"start":{"line":44,"column":4},"end":{"line":46,"column":5}},{"start":{},"end":{}}],"line":44},"4":{"loc":{"start":{"line":49,"column":4},"end":{"line":51,"column":5}},"type":"if","locations":[{"start":{"line":49,"column":4},"end":{"line":51,"column":5}},{"start":{},"end":{}}],"line":49},"5":{"loc":{"start":{"line":54,"column":4},"end":{"line":56,"column":5}},"type":"if","locations":[{"start":{"line":54,"column":4},"end":{"line":56,"column":5}},{"start":{},"end":{}}],"line":54},"6":{"loc":{"start":{"line":67,"column":4},"end":{"line":69,"column":5}},"type":"if","locations":[{"start":{"line":67,"column":4},"end":{"line":69,"column":5}},{"start":{},"end":{}}],"line":67},"7":{"loc":{"start":{"line":74,"column":42},"end":{"line":74,"column":90}},"type":"binary-expr","locations":[{"start":{"line":74,"column":42},"end":{"line":74,"column":71}},{"start":{"line":74,"column":75},"end":{"line":74,"column":90}}],"line":74},"8":{"loc":{"start":{"line":77,"column":43},"end":{"line":77,"column":93}},"type":"binary-expr","locations":[{"start":{"line":77,"column":43},"end":{"line":77,"column":73}},{"start":{"line":77,"column":77},"end":{"line":77,"column":93}}],"line":77},"9":{"loc":{"start":{"line":85,"column":31},"end":{"line":85,"column":79}},"type":"binary-expr","locations":[{"start":{"line":85,"column":31},"end":{"line":85,"column":60}},{"start":{"line":85,"column":64},"end":{"line":85,"column":79}}],"line":85},"10":{"loc":{"start":{"line":93,"column":31},"end":{"line":93,"column":81}},"type":"binary-expr","locations":[{"start":{"line":93,"column":31},"end":{"line":93,"column":61}},{"start":{"line":93,"column":65},"end":{"line":93,"column":81}}],"line":93}},"s":{"0":11,"1":11,"2":11,"3":11,"4":12,"5":12,"6":12,"7":1,"8":11,"9":11,"10":11,"11":11,"12":6,"13":6,"14":6,"15":1,"16":5,"17":5,"18":1,"19":4,"20":4,"21":3,"22":1,"23":2,"24":2,"25":1,"26":1,"27":1,"28":0,"29":1,"30":1,"31":2,"32":1,"33":0,"34":1,"35":16,"36":16,"37":16,"38":49,"39":49,"40":2,"41":2,"42":2,"43":1,"44":11},"f":{"0":12,"1":6,"2":3,"3":2,"4":16,"5":49,"6":2},"b":{"0":[1,11],"1":[1,5],"2":[1,4],"3":[1,2],"4":[1,1],"5":[0,1],"6":[0,1],"7":[16,16],"8":[16,16],"9":[49,49],"10":[2,2]},"_coverageSchema":"1a1c01bbd47fc00a2c39e90264f33305004495a9","hash":"17a3e505bff203adad15af87c740969fa4723cc1"}
,"D:\\University\\BackEnd_Dev\\FinTrackAPI\\src\\modules\\budgets\\budget.controller.js": {"path":"D:\\University\\BackEnd_Dev\\FinTrackAPI\\src\\modules\\budgets\\budget.controller.js","statementMap":{"0":{"start":{"line":1,"column":22},"end":{"line":1,"column":49}},"1":{"start":{"line":2,"column":19},"end":{"line":2,"column":59}},"2":{"start":{"line":5,"column":20},"end":{"line":9,"column":4}},"3":{"start":{"line":6,"column":19},"end":{"line":6,"column":30}},"4":{"start":{"line":7,"column":19},"end":{"line":7,"column":77}},"5":{"start":{"line":8,"column":4},"end":{"line":8,"column":28}},"6":{"start":{"line":11,"column":11},"end":{"line":16,"column":4}},"7":{"start":{"line":12,"column":19},"end":{"line":12,"column":30}},"8":{"start":{"line":13,"column":28},"end":{"line":13,"column":36}},"9":{"start":{"line":14,"column":19},"end":{"line":14,"column":81}},"10":{"start":{"line":15,"column":4},"end":{"line":15,"column":40}},"11":{"start":{"line":18,"column":11},"end":{"line":23,"column":4}},"12":{"start":{"line":19,"column":19},"end":{"line":19,"column":30}},"13":{"start":{"line":20,"column":28},"end":{"line":20,"column":36}},"14":{"start":{"line":21,"column":20},"end":{"line":21,"column":92}},"15":{"start":{"line":22,"column":4},"end":{"line":22,"column":29}},"16":{"start":{"line":25,"column":11},"end":{"line":29,"column":4}},"17":{"start":{"line":26,"column":19},"end":{"line":26,"column":30}},"18":{"start":{"line":27,"column":19},"end":{"line":27,"column":78}},"19":{"start":{"line":28,"column":4},"end":{"line":28,"column":28}},"20":{"start":{"line":32,"column":0},"end":{"line":32,"column":40}}},"fnMap":{"0":{"name":"(anonymous_0)","decl":{"start":{"line":5,"column":31},"end":{"line":5,"column":32}},"loc":{"start":{"line":5,"column":58},"end":{"line":9,"column":3}},"line":5},"1":{"name":"(anonymous_1)","decl":{"start":{"line":11,"column":22},"end":{"line":11,"column":23}},"loc":{"start":{"line":11,"column":49},"end":{"line":16,"column":3}},"line":11},"2":{"name":"(anonymous_2)","decl":{"start":{"line":18,"column":22},"end":{"line":18,"column":23}},"loc":{"start":{"line":18,"column":49},"end":{"line":23,"column":3}},"line":18},"3":{"name":"(anonymous_3)","decl":{"start":{"line":25,"column":22},"end":{"line":25,"column":23}},"loc":{"start":{"line":25,"column":49},"end":{"line":29,"column":3}},"line":25}},"branchMap":{},"s":{"0":10,"1":10,"2":10,"3":1,"4":1,"5":1,"6":10,"7":3,"8":3,"9":3,"10":2,"11":10,"12":1,"13":1,"14":1,"15":1,"16":10,"17":1,"18":1,"19":1,"20":10},"f":{"0":1,"1":3,"2":1,"3":1},"b":{},"_coverageSchema":"1a1c01bbd47fc00a2c39e90264f33305004495a9","hash":"58a648468a8968594d922c296dd671646b7fa83a"}
,"D:\\University\\BackEnd_Dev\\FinTrackAPI\\src\\modules\\budgets\\budget.repository.js": {"path":"D:\\University\\BackEnd_Dev\\FinTrackAPI\\src\\modules\\budgets\\budget.repository.js","statementMap":{"0":{"start":{"line":1,"column":15},"end":{"line":1,"column":54}},"1":{"start":{"line":5,"column":4},"end":{"line":11,"column":7}},"2":{"start":{"line":15,"column":4},"end":{"line":17,"column":7}},"3":{"start":{"line":21,"column":4},"end":{"line":24,"column":7}},"4":{"start":{"line":28,"column":4},"end":{"line":30,"column":7}},"5":{"start":{"line":34,"column":4},"end":{"line":34,"column":48}},"6":{"start":{"line":38,"column":4},"end":{"line":41,"column":7}},"7":{"start":{"line":45,"column":4},"end":{"line":47,"column":7}},"8":{"start":{"line":51,"column":0},"end":{"line":51,"column":40}}},"fnMap":{"0":{"name":"(anonymous_0)","decl":{"start":{"line":4,"column":2},"end":{"line":4,"column":3}},"loc":{"start":{"line":4,"column":35},"end":{"line":12,"column":3}},"line":4},"1":{"name":"(anonymous_1)","decl":{"start":{"line":14,"column":2},"end":{"line":14,"column":3}},"loc":{"start":{"line":14,"column":25},"end":{"line":18,"column":3}},"line":14},"2":{"name":"(anonymous_2)","decl":{"start":{"line":20,"column":2},"end":{"line":20,"column":3}},"loc":{"start":{"line":20,"column":28},"end":{"line":25,"column":3}},"line":20},"3":{"name":"(anonymous_3)","decl":{"start":{"line":27,"column":2},"end":{"line":27,"column":3}},"loc":{"start":{"line":27,"column":44},"end":{"line":31,"column":3}},"line":27},"4":{"name":"(anonymous_4)","decl":{"start":{"line":33,"column":2},"end":{"line":33,"column":3}},"loc":{"start":{"line":33,"column":21},"end":{"line":35,"column":3}},"line":33},"5":{"name":"(anonymous_5)","decl":{"start":{"line":37,"column":2},"end":{"line":37,"column":3}},"loc":{"start":{"line":37,"column":25},"end":{"line":42,"column":3}},"line":37},"6":{"name":"(anonymous_6)","decl":{"start":{"line":44,"column":2},"end":{"line":44,"column":3}},"loc":{"start":{"line":44,"column":19},"end":{"line":48,"column":3}},"line":44}},"branchMap":{},"s":{"0":12,"1":0,"2":0,"3":0,"4":11,"5":2,"6":1,"7":2,"8":12},"f":{"0":0,"1":0,"2":0,"3":11,"4":2,"5":1,"6":2},"b":{},"_coverageSchema":"1a1c01bbd47fc00a2c39e90264f33305004495a9","hash":"602640ca9ca9069930b857d585e67a450a192789"}
,"D:\\University\\BackEnd_Dev\\FinTrackAPI\\src\\modules\\budgets\\budget.routes.js": {"path":"D:\\University\\BackEnd_Dev\\FinTrackAPI\\src\\modules\\budgets\\budget.routes.js","statementMap":{"0":{"start":{"line":1,"column":16},"end":{"line":1,"column":34}},"1":{"start":{"line":2,"column":15},"end":{"line":2,"column":31}},"2":{"start":{"line":3,"column":25},"end":{"line":3,"column":55}},"3":{"start":{"line":4,"column":17},"end":{"line":4,"column":66}},"4":{"start":{"line":6,"column":0},"end":{"line":6,"column":60}},"5":{"start":{"line":7,"column":0},"end":{"line":7,"column":79}},"6":{"start":{"line":8,"column":0},"end":{"line":8,"column":78}},"7":{"start":{"line":9,"column":0},"end":{"line":9,"column":81}},"8":{"start":{"line":11,"column":0},"end":{"line":11,"column":24}}},"fnMap":{},"branchMap":{},"s":{"0":10,"1":10,"2":10,"3":10,"4":10,"5":10,"6":10,"7":10,"8":10},"f":{},"b":{},"_coverageSchema":"1a1c01bbd47fc00a2c39e90264f33305004495a9","hash":"a7ab6a35612171413fdc6fdc52927070a7180f2b"}
,"D:\\University\\BackEnd_Dev\\FinTrackAPI\\src\\modules\\budgets\\budget.service.js": {"path":"D:\\University\\BackEnd_Dev\\FinTrackAPI\\src\\modules\\budgets\\budget.service.js","statementMap":{"0":{"start":{"line":1,"column":19},"end":{"line":1,"column":49}},"1":{"start":{"line":2,"column":17},"end":{"line":2,"column":55}},"2":{"start":{"line":6,"column":19},"end":{"line":6,"column":71}},"3":{"start":{"line":7,"column":4},"end":{"line":7,"column":79}},"4":{"start":{"line":7,"column":17},"end":{"line":7,"column":79}},"5":{"start":{"line":8,"column":4},"end":{"line":8,"column":18}},"6":{"start":{"line":12,"column":21},"end":{"line":12,"column":73}},"7":{"start":{"line":13,"column":4},"end":{"line":13,"column":89}},"8":{"start":{"line":13,"column":18},"end":{"line":13,"column":89}},"9":{"start":{"line":15,"column":4},"end":{"line":15,"column":72}},"10":{"start":{"line":19,"column":19},"end":{"line":19,"column":65}},"11":{"start":{"line":20,"column":4},"end":{"line":20,"column":63}},"12":{"start":{"line":24,"column":19},"end":{"line":24,"column":65}},"13":{"start":{"line":25,"column":4},"end":{"line":25,"column":39}},"14":{"start":{"line":26,"column":4},"end":{"line":26,"column":53}},"15":{"start":{"line":30,"column":0},"end":{"line":30,"column":37}}},"fnMap":{"0":{"name":"(anonymous_0)","decl":{"start":{"line":5,"column":2},"end":{"line":5,"column":3}},"loc":{"start":{"line":5,"column":44},"end":{"line":9,"column":3}},"line":5},"1":{"name":"(anonymous_1)","decl":{"start":{"line":11,"column":2},"end":{"line":11,"column":3}},"loc":{"start":{"line":11,"column":48},"end":{"line":16,"column":3}},"line":11},"2":{"name":"(anonymous_2)","decl":{"start":{"line":18,"column":2},"end":{"line":18,"column":3}},"loc":{"start":{"line":18,"column":58},"end":{"line":21,"column":3}},"line":18},"3":{"name":"(anonymous_3)","decl":{"start":{"line":23,"column":2},"end":{"line":23,"column":3}},"loc":{"start":{"line":23,"column":45},"end":{"line":27,"column":3}},"line":23}},"branchMap":{"0":{"loc":{"start":{"line":7,"column":4},"end":{"line":7,"column":79}},"type":"if","locations":[{"start":{"line":7,"column":4},"end":{"line":7,"column":79}},{"start":{},"end":{}}],"line":7},"1":{"loc":{"start":{"line":13,"column":4},"end":{"line":13,"column":89}},"type":"if","locations":[{"start":{"line":13,"column":4},"end":{"line":13,"column":89}},{"start":{},"end":{}}],"line":13}},"s":{"0":11,"1":11,"2":3,"3":3,"4":0,"5":3,"6":3,"7":3,"8":1,"9":2,"10":1,"11":1,"12":1,"13":1,"14":1,"15":11},"f":{"0":3,"1":3,"2":1,"3":1},"b":{"0":[0,3],"1":[1,2]},"_coverageSchema":"1a1c01bbd47fc00a2c39e90264f33305004495a9","hash":"2c8c5506ef960a56de82c277d9f7e452b4e2124d"}
,"D:\\University\\BackEnd_Dev\\FinTrackAPI\\src\\modules\\categories\\category.controller.js": {"path":"D:\\University\\BackEnd_Dev\\FinTrackAPI\\src\\modules\\categories\\category.controller.js","statementMap":{"0":{"start":{"line":1,"column":24},"end":{"line":1,"column":53}},"1":{"start":{"line":2,"column":19},"end":{"line":2,"column":59}},"2":{"start":{"line":5,"column":11},"end":{"line":10,"column":4}},"3":{"start":{"line":6,"column":19},"end":{"line":6,"column":30}},"4":{"start":{"line":7,"column":45},"end":{"line":7,"column":54}},"5":{"start":{"line":8,"column":19},"end":{"line":8,"column":76}},"6":{"start":{"line":9,"column":4},"end":{"line":9,"column":28}},"7":{"start":{"line":12,"column":12},"end":{"line":17,"column":4}},"8":{"start":{"line":13,"column":19},"end":{"line":13,"column":30}},"9":{"start":{"line":14,"column":23},"end":{"line":14,"column":36}},"10":{"start":{"line":15,"column":21},"end":{"line":15,"column":70}},"11":{"start":{"line":16,"column":4},"end":{"line":16,"column":30}},"12":{"start":{"line":19,"column":11},"end":{"line":24,"column":4}},"13":{"start":{"line":20,"column":19},"end":{"line":20,"column":30}},"14":{"start":{"line":21,"column":34},"end":{"line":21,"column":42}},"15":{"start":{"line":22,"column":21},"end":{"line":22,"column":76}},"16":{"start":{"line":23,"column":4},"end":{"line":23,"column":42}},"17":{"start":{"line":26,"column":11},"end":{"line":32,"column":4}},"18":{"start":{"line":27,"column":19},"end":{"line":27,"column":30}},"19":{"start":{"line":28,"column":23},"end":{"line":28,"column":36}},"20":{"start":{"line":29,"column":21},"end":{"line":29,"column":29}},"21":{"start":{"line":30,"column":28},"end":{"line":30,"column":82}},"22":{"start":{"line":31,"column":4},"end":{"line":31,"column":37}},"23":{"start":{"line":34,"column":11},"end":{"line":39,"column":4}},"24":{"start":{"line":35,"column":19},"end":{"line":35,"column":30}},"25":{"start":{"line":36,"column":23},"end":{"line":36,"column":36}},"26":{"start":{"line":37,"column":19},"end":{"line":37,"column":67}},"27":{"start":{"line":38,"column":4},"end":{"line":38,"column":28}},"28":{"start":{"line":42,"column":0},"end":{"line":42,"column":42}}},"fnMap":{"0":{"name":"(anonymous_0)","decl":{"start":{"line":5,"column":22},"end":{"line":5,"column":23}},"loc":{"start":{"line":5,"column":49},"end":{"line":10,"column":3}},"line":5},"1":{"name":"(anonymous_1)","decl":{"start":{"line":12,"column":23},"end":{"line":12,"column":24}},"loc":{"start":{"line":12,"column":50},"end":{"line":17,"column":3}},"line":12},"2":{"name":"(anonymous_2)","decl":{"start":{"line":19,"column":22},"end":{"line":19,"column":23}},"loc":{"start":{"line":19,"column":49},"end":{"line":24,"column":3}},"line":19},"3":{"name":"(anonymous_3)","decl":{"start":{"line":26,"column":22},"end":{"line":26,"column":23}},"loc":{"start":{"line":26,"column":49},"end":{"line":32,"column":3}},"line":26},"4":{"name":"(anonymous_4)","decl":{"start":{"line":34,"column":22},"end":{"line":34,"column":23}},"loc":{"start":{"line":34,"column":49},"end":{"line":39,"column":3}},"line":34}},"branchMap":{"0":{"loc":{"start":{"line":7,"column":12},"end":{"line":7,"column":20}},"type":"default-arg","locations":[{"start":{"line":7,"column":19},"end":{"line":7,"column":20}}],"line":7},"1":{"loc":{"start":{"line":7,"column":22},"end":{"line":7,"column":32}},"type":"default-arg","locations":[{"start":{"line":7,"column":30},"end":{"line":7,"column":32}}],"line":7}},"s":{"0":10,"1":10,"2":10,"3":1,"4":1,"5":1,"6":1,"7":10,"8":1,"9":1,"10":1,"11":0,"12":10,"13":9,"14":9,"15":9,"16":8,"17":10,"18":1,"19":1,"20":1,"21":1,"22":1,"23":10,"24":1,"25":1,"26":1,"27":1,"28":10},"f":{"0":1,"1":1,"2":9,"3":1,"4":1},"b":{"0":[1],"1":[1]},"_coverageSchema":"1a1c01bbd47fc00a2c39e90264f33305004495a9","hash":"843af27d7b535a7b063edd7e05608776743e7edd"}
,"D:\\University\\BackEnd_Dev\\FinTrackAPI\\src\\modules\\categories\\category.repository.js": {"path":"D:\\University\\BackEnd_Dev\\FinTrackAPI\\src\\modules\\categories\\category.repository.js","statementMap":{"0":{"start":{"line":1,"column":15},"end":{"line":1,"column":54}},"1":{"start":{"line":5,"column":18},"end":{"line":8,"column":5}},"2":{"start":{"line":10,"column":4},"end":{"line":15,"column":5}},"3":{"start":{"line":11,"column":6},"end":{"line":14,"column":8}},"4":{"start":{"line":17,"column":4},"end":{"line":22,"column":7}},"5":{"start":{"line":26,"column":18},"end":{"line":29,"column":5}},"6":{"start":{"line":31,"column":4},"end":{"line":36,"column":5}},"7":{"start":{"line":32,"column":6},"end":{"line":35,"column":8}},"8":{"start":{"line":38,"column":4},"end":{"line":38,"column":57}},"9":{"start":{"line":42,"column":4},"end":{"line":45,"column":7}},"10":{"start":{"line":49,"column":4},"end":{"line":49,"column":50}},"11":{"start":{"line":53,"column":4},"end":{"line":56,"column":7}},"12":{"start":{"line":60,"column":4},"end":{"line":63,"column":7}},"13":{"start":{"line":67,"column":0},"end":{"line":67,"column":42}}},"fnMap":{"0":{"name":"(anonymous_0)","decl":{"start":{"line":4,"column":2},"end":{"line":4,"column":3}},"loc":{"start":{"line":4,"column":43},"end":{"line":23,"column":3}},"line":4},"1":{"name":"(anonymous_1)","decl":{"start":{"line":25,"column":2},"end":{"line":25,"column":3}},"loc":{"start":{"line":25,"column":33},"end":{"line":39,"column":3}},"line":25},"2":{"name":"(anonymous_2)","decl":{"start":{"line":41,"column":2},"end":{"line":41,"column":3}},"loc":{"start":{"line":41,"column":28},"end":{"line":46,"column":3}},"line":41},"3":{"name":"(anonymous_3)","decl":{"start":{"line":48,"column":2},"end":{"line":48,"column":3}},"loc":{"start":{"line":48,"column":21},"end":{"line":50,"column":3}},"line":48},"4":{"name":"(anonymous_4)","decl":{"start":{"line":52,"column":2},"end":{"line":52,"column":3}},"loc":{"start":{"line":52,"column":25},"end":{"line":57,"column":3}},"line":52},"5":{"name":"(anonymous_5)","decl":{"start":{"line":59,"column":2},"end":{"line":59,"column":3}},"loc":{"start":{"line":59,"column":23},"end":{"line":64,"column":3}},"line":59}},"branchMap":{"0":{"loc":{"start":{"line":10,"column":4},"end":{"line":15,"column":5}},"type":"if","locations":[{"start":{"line":10,"column":4},"end":{"line":15,"column":5}},{"start":{},"end":{}}],"line":10},"1":{"loc":{"start":{"line":31,"column":4},"end":{"line":36,"column":5}},"type":"if","locations":[{"start":{"line":31,"column":4},"end":{"line":36,"column":5}},{"start":{},"end":{}}],"line":31}},"s":{"0":12,"1":2,"2":2,"3":0,"4":2,"5":1,"6":1,"7":0,"8":1,"9":3,"10":9,"11":1,"12":1,"13":12},"f":{"0":2,"1":1,"2":3,"3":9,"4":1,"5":1},"b":{"0":[0,2],"1":[0,1]},"_coverageSchema":"1a1c01bbd47fc00a2c39e90264f33305004495a9","hash":"92697c7569f42e03a02188beb8dd51a1968321c5"}
,"D:\\University\\BackEnd_Dev\\FinTrackAPI\\src\\modules\\categories\\category.routes.js": {"path":"D:\\University\\BackEnd_Dev\\FinTrackAPI\\src\\modules\\categories\\category.routes.js","statementMap":{"0":{"start":{"line":1,"column":16},"end":{"line":1,"column":34}},"1":{"start":{"line":2,"column":15},"end":{"line":2,"column":31}},"2":{"start":{"line":3,"column":27},"end":{"line":3,"column":59}},"3":{"start":{"line":4,"column":17},"end":{"line":4,"column":66}},"4":{"start":{"line":6,"column":0},"end":{"line":6,"column":43}},"5":{"start":{"line":7,"column":0},"end":{"line":7,"column":47}},"6":{"start":{"line":8,"column":0},"end":{"line":8,"column":73}},"7":{"start":{"line":9,"column":0},"end":{"line":9,"column":75}},"8":{"start":{"line":10,"column":0},"end":{"line":10,"column":78}},"9":{"start":{"line":12,"column":0},"end":{"line":12,"column":24}}},"fnMap":{},"branchMap":{},"s":{"0":10,"1":10,"2":10,"3":10,"4":10,"5":10,"6":10,"7":10,"8":10,"9":10},"f":{},"b":{},"_coverageSchema":"1a1c01bbd47fc00a2c39e90264f33305004495a9","hash":"02b0685873019ffe0b0636104c1777c05e41a929"}
,"D:\\University\\BackEnd_Dev\\FinTrackAPI\\src\\modules\\categories\\category.service.js": {"path":"D:\\University\\BackEnd_Dev\\FinTrackAPI\\src\\modules\\categories\\category.service.js","statementMap":{"0":{"start":{"line":1,"column":21},"end":{"line":1,"column":53}},"1":{"start":{"line":2,"column":17},"end":{"line":2,"column":55}},"2":{"start":{"line":6,"column":17},"end":{"line":6,"column":35}},"3":{"start":{"line":7,"column":17},"end":{"line":7,"column":32}},"4":{"start":{"line":9,"column":23},"end":{"line":9,"column":76}},"5":{"start":{"line":10,"column":23},"end":{"line":10,"column":66}},"6":{"start":{"line":11,"column":23},"end":{"line":11,"column":51}},"7":{"start":{"line":13,"column":4},"end":{"line":21,"column":6}},"8":{"start":{"line":25,"column":21},"end":{"line":25,"column":59}},"9":{"start":{"line":26,"column":4},"end":{"line":28,"column":5}},"10":{"start":{"line":27,"column":6},"end":{"line":27,"column":52}},"11":{"start":{"line":29,"column":4},"end":{"line":29,"column":20}},"12":{"start":{"line":33,"column":4},"end":{"line":38,"column":7}},"13":{"start":{"line":42,"column":21},"end":{"line":42,"column":59}},"14":{"start":{"line":43,"column":4},"end":{"line":45,"column":5}},"15":{"start":{"line":44,"column":6},"end":{"line":44,"column":52}},"16":{"start":{"line":46,"column":4},"end":{"line":46,"column":51}},"17":{"start":{"line":50,"column":21},"end":{"line":50,"column":59}},"18":{"start":{"line":51,"column":4},"end":{"line":53,"column":5}},"19":{"start":{"line":52,"column":6},"end":{"line":52,"column":52}},"20":{"start":{"line":55,"column":4},"end":{"line":55,"column":38}},"21":{"start":{"line":56,"column":4},"end":{"line":56,"column":48}},"22":{"start":{"line":60,"column":0},"end":{"line":60,"column":39}}},"fnMap":{"0":{"name":"(anonymous_0)","decl":{"start":{"line":5,"column":2},"end":{"line":5,"column":3}},"loc":{"start":{"line":5,"column":44},"end":{"line":22,"column":3}},"line":5},"1":{"name":"(anonymous_1)","decl":{"start":{"line":24,"column":2},"end":{"line":24,"column":3}},"loc":{"start":{"line":24,"column":28},"end":{"line":30,"column":3}},"line":24},"2":{"name":"(anonymous_2)","decl":{"start":{"line":32,"column":2},"end":{"line":32,"column":3}},"loc":{"start":{"line":32,"column":42},"end":{"line":39,"column":3}},"line":32},"3":{"name":"(anonymous_3)","decl":{"start":{"line":41,"column":2},"end":{"line":41,"column":3}},"loc":{"start":{"line":41,"column":33},"end":{"line":47,"column":3}},"line":41},"4":{"name":"(anonymous_4)","decl":{"start":{"line":49,"column":2},"end":{"line":49,"column":3}},"loc":{"start":{"line":49,"column":27},"end":{"line":57,"column":3}},"line":49}},"branchMap":{"0":{"loc":{"start":{"line":26,"column":4},"end":{"line":28,"column":5}},"type":"if","locations":[{"start":{"line":26,"column":4},"end":{"line":28,"column":5}},{"start":{},"end":{}}],"line":26},"1":{"loc":{"start":{"line":43,"column":4},"end":{"line":45,"column":5}},"type":"if","locations":[{"start":{"line":43,"column":4},"end":{"line":45,"column":5}},{"start":{},"end":{}}],"line":43},"2":{"loc":{"start":{"line":51,"column":4},"end":{"line":53,"column":5}},"type":"if","locations":[{"start":{"line":51,"column":4},"end":{"line":53,"column":5}},{"start":{},"end":{}}],"line":51}},"s":{"0":11,"1":11,"2":1,"3":1,"4":1,"5":1,"6":1,"7":1,"8":1,"9":1,"10":1,"11":0,"12":9,"13":1,"14":1,"15":0,"16":1,"17":1,"18":1,"19":0,"20":1,"21":1,"22":11},"f":{"0":1,"1":1,"2":9,"3":1,"4":1},"b":{"0":[1,0],"1":[0,1],"2":[0,1]},"_coverageSchema":"1a1c01bbd47fc00a2c39e90264f33305004495a9","hash":"14fd0f961caa17fc4dc683e90a424a5d99b7abad"}
,"D:\\University\\BackEnd_Dev\\FinTrackAPI\\src\\modules\\export\\export.controller.js": {"path":"D:\\University\\BackEnd_Dev\\FinTrackAPI\\src\\modules\\export\\export.controller.js","statementMap":{"0":{"start":{"line":1,"column":22},"end":{"line":1,"column":49}},"1":{"start":{"line":2,"column":19},"end":{"line":2,"column":59}},"2":{"start":{"line":5,"column":18},"end":{"line":36,"column":4}},"3":{"start":{"line":6,"column":19},"end":{"line":6,"column":30}},"4":{"start":{"line":7,"column":61},"end":{"line":7,"column":70}},"5":{"start":{"line":9,"column":4},"end":{"line":13,"column":5}},"6":{"start":{"line":10,"column":6},"end":{"line":12,"column":8}},"7":{"start":{"line":14,"column":4},"end":{"line":18,"column":5}},"8":{"start":{"line":15,"column":6},"end":{"line":17,"column":8}},"9":{"start":{"line":20,"column":19},"end":{"line":26,"column":6}},"10":{"start":{"line":27,"column":21},"end":{"line":27,"column":84}},"11":{"start":{"line":29,"column":4},"end":{"line":32,"column":6}},"12":{"start":{"line":33,"column":4},"end":{"line":33,"column":77}},"13":{"start":{"line":35,"column":4},"end":{"line":35,"column":28}},"14":{"start":{"line":39,"column":0},"end":{"line":39,"column":40}}},"fnMap":{"0":{"name":"(anonymous_0)","decl":{"start":{"line":5,"column":29},"end":{"line":5,"column":30}},"loc":{"start":{"line":5,"column":56},"end":{"line":36,"column":3}},"line":5}},"branchMap":{"0":{"loc":{"start":{"line":9,"column":4},"end":{"line":13,"column":5}},"type":"if","locations":[{"start":{"line":9,"column":4},"end":{"line":13,"column":5}},{"start":{},"end":{}}],"line":9},"1":{"loc":{"start":{"line":9,"column":8},"end":{"line":9,"column":49}},"type":"binary-expr","locations":[{"start":{"line":9,"column":8},"end":{"line":9,"column":17}},{"start":{"line":9,"column":21},"end":{"line":9,"column":49}}],"line":9},"2":{"loc":{"start":{"line":14,"column":4},"end":{"line":18,"column":5}},"type":"if","locations":[{"start":{"line":14,"column":4},"end":{"line":18,"column":5}},{"start":{},"end":{}}],"line":14},"3":{"loc":{"start":{"line":14,"column":8},"end":{"line":14,"column":45}},"type":"binary-expr","locations":[{"start":{"line":14,"column":8},"end":{"line":14,"column":15}},{"start":{"line":14,"column":19},"end":{"line":14,"column":45}}],"line":14}},"s":{"0":10,"1":10,"2":10,"3":1,"4":1,"5":1,"6":0,"7":1,"8":0,"9":1,"10":1,"11":1,"12":1,"13":1,"14":10},"f":{"0":1},"b":{"0":[0,1],"1":[1,0],"2":[0,1],"3":[1,0]},"_coverageSchema":"1a1c01bbd47fc00a2c39e90264f33305004495a9","hash":"84b63b0b975bc33e690d3ee0773e5cbc8447fc18"}
,"D:\\University\\BackEnd_Dev\\FinTrackAPI\\src\\modules\\export\\export.routes.js": {"path":"D:\\University\\BackEnd_Dev\\FinTrackAPI\\src\\modules\\export\\export.routes.js","statementMap":{"0":{"start":{"line":1,"column":16},"end":{"line":1,"column":34}},"1":{"start":{"line":2,"column":15},"end":{"line":2,"column":31}},"2":{"start":{"line":3,"column":25},"end":{"line":3,"column":55}},"3":{"start":{"line":5,"column":0},"end":{"line":5,"column":52}},"4":{"start":{"line":7,"column":0},"end":{"line":7,"column":24}}},"fnMap":{},"branchMap":{},"s":{"0":10,"1":10,"2":10,"3":10,"4":10},"f":{},"b":{},"_coverageSchema":"1a1c01bbd47fc00a2c39e90264f33305004495a9","hash":"29659da3f9cdeb777ddb001155a454de78472fda"}
,"D:\\University\\BackEnd_Dev\\FinTrackAPI\\src\\modules\\export\\export.service.js": {"path":"D:\\University\\BackEnd_Dev\\FinTrackAPI\\src\\modules\\export\\export.service.js","statementMap":{"0":{"start":{"line":1,"column":24},"end":{"line":1,"column":73}},"1":{"start":{"line":2,"column":16},"end":{"line":2,"column":34}},"2":{"start":{"line":3,"column":17},"end":{"line":3,"column":55}},"3":{"start":{"line":7,"column":25},"end":{"line":7,"column":81}},"4":{"start":{"line":9,"column":4},"end":{"line":25,"column":5}},"5":{"start":{"line":11,"column":8},"end":{"line":16,"column":25}},"6":{"start":{"line":18,"column":6},"end":{"line":24,"column":7}},"7":{"start":{"line":19,"column":8},"end":{"line":21,"column":10}},"8":{"start":{"line":23,"column":8},"end":{"line":23,"column":100}},"9":{"start":{"line":27,"column":21},"end":{"line":27,"column":43}},"10":{"start":{"line":28,"column":22},"end":{"line":28,"column":62}},"11":{"start":{"line":30,"column":4},"end":{"line":36,"column":6}},"12":{"start":{"line":38,"column":22},"end":{"line":38,"column":41}},"13":{"start":{"line":39,"column":4},"end":{"line":39,"column":26}},"14":{"start":{"line":41,"column":4},"end":{"line":60,"column":7}},"15":{"start":{"line":42,"column":6},"end":{"line":46,"column":8}},"16":{"start":{"line":47,"column":6},"end":{"line":52,"column":8}},"17":{"start":{"line":53,"column":6},"end":{"line":53,"column":68}},"18":{"start":{"line":54,"column":6},"end":{"line":59,"column":8}},"19":{"start":{"line":62,"column":4},"end":{"line":94,"column":7}},"20":{"start":{"line":64,"column":8},"end":{"line":66,"column":56}},"21":{"start":{"line":68,"column":18},"end":{"line":74,"column":8}},"22":{"start":{"line":76,"column":6},"end":{"line":76,"column":48}},"23":{"start":{"line":78,"column":6},"end":{"line":87,"column":9}},"24":{"start":{"line":79,"column":8},"end":{"line":79,"column":51}},"25":{"start":{"line":80,"column":8},"end":{"line":80,"column":79}},"26":{"start":{"line":81,"column":8},"end":{"line":86,"column":10}},"27":{"start":{"line":89,"column":6},"end":{"line":93,"column":7}},"28":{"start":{"line":90,"column":8},"end":{"line":90,"column":85}},"29":{"start":{"line":92,"column":8},"end":{"line":92,"column":85}},"30":{"start":{"line":96,"column":4},"end":{"line":96,"column":35}},"31":{"start":{"line":97,"column":4},"end":{"line":97,"column":92}},"32":{"start":{"line":99,"column":4},"end":{"line":99,"column":45}},"33":{"start":{"line":103,"column":0},"end":{"line":103,"column":37}}},"fnMap":{"0":{"name":"(anonymous_0)","decl":{"start":{"line":6,"column":2},"end":{"line":6,"column":3}},"loc":{"start":{"line":6,"column":39},"end":{"line":100,"column":3}},"line":6},"1":{"name":"(anonymous_1)","decl":{"start":{"line":41,"column":23},"end":{"line":41,"column":24}},"loc":{"start":{"line":41,"column":33},"end":{"line":60,"column":5}},"line":41},"2":{"name":"(anonymous_2)","decl":{"start":{"line":62,"column":25},"end":{"line":62,"column":26}},"loc":{"start":{"line":62,"column":32},"end":{"line":94,"column":5}},"line":62},"3":{"name":"(anonymous_3)","decl":{"start":{"line":78,"column":19},"end":{"line":78,"column":20}},"loc":{"start":{"line":78,"column":29},"end":{"line":87,"column":7}},"line":78}},"branchMap":{"0":{"loc":{"start":{"line":9,"column":4},"end":{"line":25,"column":5}},"type":"if","locations":[{"start":{"line":9,"column":4},"end":{"line":25,"column":5}},{"start":{},"end":{}}],"line":9},"1":{"loc":{"start":{"line":9,"column":8},"end":{"line":9,"column":50}},"type":"binary-expr","locations":[{"start":{"line":9,"column":8},"end":{"line":9,"column":21}},{"start":{"line":9,"column":25},"end":{"line":9,"column":50}}],"line":9},"2":{"loc":{"start":{"line":11,"column":8},"end":{"line":16,"column":25}},"type":"binary-expr","locations":[{"start":{"line":11,"column":8},"end":{"line":11,"column":15}},{"start":{"line":12,"column":9},"end":{"line":12,"column":21}},{"start":{"line":13,"column":10},"end":{"line":13,"column":28}},{"start":{"line":14,"column":10},"end":{"line":14,"column":27}},{"start":{"line":15,"column":10},"end":{"line":15,"column":25}},{"start":{"line":16,"column":10},"end":{"line":16,"column":24}}],"line":11},"3":{"loc":{"start":{"line":18,"column":6},"end":{"line":24,"column":7}},"type":"if","locations":[{"start":{"line":18,"column":6},"end":{"line":24,"column":7}},{"start":{"line":22,"column":13},"end":{"line":24,"column":7}}],"line":18},"4":{"loc":{"start":{"line":64,"column":8},"end":{"line":66,"column":56}},"type":"cond-expr","locations":[{"start":{"line":65,"column":12},"end":{"line":65,"column":46}},{"start":{"line":66,"column":12},"end":{"line":66,"column":56}}],"line":64},"5":{"loc":{"start":{"line":70,"column":18},"end":{"line":70,"column":66}},"type":"cond-expr","locations":[{"start":{"line":70,"column":31},"end":{"line":70,"column":46}},{"start":{"line":70,"column":49},"end":{"line":70,"column":66}}],"line":70},"6":{"loc":{"start":{"line":71,"column":14},"end":{"line":71,"column":55}},"type":"cond-expr","locations":[{"start":{"line":71,"column":36},"end":{"line":71,"column":43}},{"start":{"line":71,"column":46},"end":{"line":71,"column":55}}],"line":71},"7":{"loc":{"start":{"line":73,"column":21},"end":{"line":73,"column":57}},"type":"cond-expr","locations":[{"start":{"line":73,"column":32},"end":{"line":73,"column":52}},{"start":{"line":73,"column":55},"end":{"line":73,"column":57}}],"line":73},"8":{"loc":{"start":{"line":89,"column":6},"end":{"line":93,"column":7}},"type":"if","locations":[{"start":{"line":89,"column":6},"end":{"line":93,"column":7}},{"start":{"line":91,"column":13},"end":{"line":93,"column":7}}],"line":89}},"s":{"0":11,"1":11,"2":11,"3":1,"4":1,"5":0,"6":0,"7":0,"8":0,"9":1,"10":1,"11":1,"12":1,"13":1,"14":1,"15":5,"16":5,"17":5,"18":5,"19":1,"20":1,"21":1,"22":1,"23":1,"24":5,"25":5,"26":5,"27":1,"28":0,"29":1,"30":1,"31":1,"32":1,"33":11},"f":{"0":1,"1":5,"2":1,"3":5},"b":{"0":[0,1],"1":[1,1],"2":[0,0,0,0,0,0],"3":[0,0],"4":[1,0],"5":[1,0],"6":[1,0],"7":[1,0],"8":[0,1]},"_coverageSchema":"1a1c01bbd47fc00a2c39e90264f33305004495a9","hash":"1277b6a76fcd269d22b7779695a384b817f52548"}
,"D:\\University\\BackEnd_Dev\\FinTrackAPI\\src\\modules\\logs\\log.controller.js": {"path":"D:\\University\\BackEnd_Dev\\FinTrackAPI\\src\\modules\\logs\\log.controller.js","statementMap":{"0":{"start":{"line":1,"column":19},"end":{"line":1,"column":43}},"1":{"start":{"line":5,"column":4},"end":{"line":10,"column":5}},"2":{"start":{"line":6,"column":19},"end":{"line":6,"column":48}},"3":{"start":{"line":7,"column":6},"end":{"line":7,"column":28}},"4":{"start":{"line":9,"column":6},"end":{"line":9,"column":14}},"5":{"start":{"line":14,"column":4},"end":{"line":20,"column":5}},"6":{"start":{"line":15,"column":25},"end":{"line":15,"column":35}},"7":{"start":{"line":16,"column":19},"end":{"line":16,"column":55}},"8":{"start":{"line":17,"column":6},"end":{"line":17,"column":28}},"9":{"start":{"line":19,"column":6},"end":{"line":19,"column":14}},"10":{"start":{"line":24,"column":0},"end":{"line":24,"column":37}}},"fnMap":{"0":{"name":"(anonymous_0)","decl":{"start":{"line":4,"column":2},"end":{"line":4,"column":3}},"loc":{"start":{"line":4,"column":35},"end":{"line":11,"column":3}},"line":4},"1":{"name":"(anonymous_1)","decl":{"start":{"line":13,"column":2},"end":{"line":13,"column":3}},"loc":{"start":{"line":13,"column":36},"end":{"line":21,"column":3}},"line":13}},"branchMap":{},"s":{"0":11,"1":1,"2":1,"3":1,"4":0,"5":1,"6":1,"7":1,"8":1,"9":0,"10":11},"f":{"0":1,"1":1},"b":{},"_coverageSchema":"1a1c01bbd47fc00a2c39e90264f33305004495a9","hash":"5ffea426c4f5a09cae70ab07045305b0b57c2ced"}
,"D:\\University\\BackEnd_Dev\\FinTrackAPI\\src\\modules\\logs\\log.repository.js": {"path":"D:\\University\\BackEnd_Dev\\FinTrackAPI\\src\\modules\\logs\\log.repository.js","statementMap":{"0":{"start":{"line":1,"column":17},"end":{"line":1,"column":55}},"1":{"start":{"line":5,"column":4},"end":{"line":5,"column":57}},"2":{"start":{"line":9,"column":4},"end":{"line":9,"column":67}},"3":{"start":{"line":13,"column":4},"end":{"line":13,"column":42}},"4":{"start":{"line":17,"column":0},"end":{"line":17,"column":37}}},"fnMap":{"0":{"name":"(anonymous_0)","decl":{"start":{"line":4,"column":2},"end":{"line":4,"column":3}},"loc":{"start":{"line":4,"column":18},"end":{"line":6,"column":3}},"line":4},"1":{"name":"(anonymous_1)","decl":{"start":{"line":8,"column":2},"end":{"line":8,"column":3}},"loc":{"start":{"line":8,"column":29},"end":{"line":10,"column":3}},"line":8},"2":{"name":"(anonymous_2)","decl":{"start":{"line":12,"column":2},"end":{"line":12,"column":3}},"loc":{"start":{"line":12,"column":24},"end":{"line":14,"column":3}},"line":12}},"branchMap":{},"s":{"0":12,"1":3,"2":2,"3":0,"4":12},"f":{"0":3,"1":2,"2":0},"b":{},"_coverageSchema":"1a1c01bbd47fc00a2c39e90264f33305004495a9","hash":"be8ddfe53ce3e207a62b84ab701092b3a1efe9c2"}
,"D:\\University\\BackEnd_Dev\\FinTrackAPI\\src\\modules\\logs\\log.routes.js": {"path":"D:\\University\\BackEnd_Dev\\FinTrackAPI\\src\\modules\\logs\\log.routes.js","statementMap":{"0":{"start":{"line":1,"column":16},"end":{"line":1,"column":34}},"1":{"start":{"line":2,"column":15},"end":{"line":2,"column":31}},"2":{"start":{"line":3,"column":22},"end":{"line":3,"column":49}},"3":{"start":{"line":5,"column":0},"end":{"line":5,"column":61}},"4":{"start":{"line":7,"column":0},"end":{"line":7,"column":24}}},"fnMap":{},"branchMap":{},"s":{"0":10,"1":10,"2":10,"3":10,"4":10},"f":{},"b":{},"_coverageSchema":"1a1c01bbd47fc00a2c39e90264f33305004495a9","hash":"981def28fa557b3ea88b6fb041b1b84d88f0af7c"}
,"D:\\University\\BackEnd_Dev\\FinTrackAPI\\src\\modules\\logs\\log.service.js": {"path":"D:\\University\\BackEnd_Dev\\FinTrackAPI\\src\\modules\\logs\\log.service.js","statementMap":{"0":{"start":{"line":1,"column":22},"end":{"line":1,"column":49}},"1":{"start":{"line":5,"column":4},"end":{"line":5,"column":41}},"2":{"start":{"line":9,"column":4},"end":{"line":9,"column":52}},"3":{"start":{"line":13,"column":0},"end":{"line":13,"column":34}}},"fnMap":{"0":{"name":"(anonymous_0)","decl":{"start":{"line":4,"column":2},"end":{"line":4,"column":3}},"loc":{"start":{"line":4,"column":21},"end":{"line":6,"column":3}},"line":4},"1":{"name":"(anonymous_1)","decl":{"start":{"line":8,"column":2},"end":{"line":8,"column":3}},"loc":{"start":{"line":8,"column":28},"end":{"line":10,"column":3}},"line":8}},"branchMap":{},"s":{"0":12,"1":2,"2":2,"3":12},"f":{"0":2,"1":2},"b":{},"_coverageSchema":"1a1c01bbd47fc00a2c39e90264f33305004495a9","hash":"9e170719a9099247fe018d37fb5a9867d23ca055"}
,"D:\\University\\BackEnd_Dev\\FinTrackAPI\\src\\modules\\reports\\report.controller.js": {"path":"D:\\University\\BackEnd_Dev\\FinTrackAPI\\src\\modules\\reports\\report.controller.js","statementMap":{"0":{"start":{"line":1,"column":22},"end":{"line":1,"column":49}},"1":{"start":{"line":2,"column":19},"end":{"line":2,"column":59}},"2":{"start":{"line":5,"column":15},"end":{"line":10,"column":4}},"3":{"start":{"line":6,"column":19},"end":{"line":6,"column":30}},"4":{"start":{"line":7,"column":35},"end":{"line":7,"column":44}},"5":{"start":{"line":8,"column":20},"end":{"line":8,"column":78}},"6":{"start":{"line":9,"column":4},"end":{"line":9,"column":29}},"7":{"start":{"line":12,"column":18},"end":{"line":17,"column":4}},"8":{"start":{"line":13,"column":19},"end":{"line":13,"column":30}},"9":{"start":{"line":14,"column":41},"end":{"line":14,"column":50}},"10":{"start":{"line":15,"column":17},"end":{"line":15,"column":84}},"11":{"start":{"line":16,"column":4},"end":{"line":16,"column":26}},"12":{"start":{"line":19,"column":13},"end":{"line":24,"column":4}},"13":{"start":{"line":20,"column":19},"end":{"line":20,"column":30}},"14":{"start":{"line":21,"column":45},"end":{"line":21,"column":54}},"15":{"start":{"line":22,"column":17},"end":{"line":22,"column":83}},"16":{"start":{"line":23,"column":4},"end":{"line":23,"column":26}},"17":{"start":{"line":26,"column":25},"end":{"line":30,"column":4}},"18":{"start":{"line":27,"column":19},"end":{"line":27,"column":30}},"19":{"start":{"line":28,"column":17},"end":{"line":28,"column":65}},"20":{"start":{"line":29,"column":4},"end":{"line":29,"column":26}},"21":{"start":{"line":33,"column":0},"end":{"line":33,"column":40}}},"fnMap":{"0":{"name":"(anonymous_0)","decl":{"start":{"line":5,"column":26},"end":{"line":5,"column":27}},"loc":{"start":{"line":5,"column":53},"end":{"line":10,"column":3}},"line":5},"1":{"name":"(anonymous_1)","decl":{"start":{"line":12,"column":29},"end":{"line":12,"column":30}},"loc":{"start":{"line":12,"column":49},"end":{"line":17,"column":3}},"line":12},"2":{"name":"(anonymous_2)","decl":{"start":{"line":19,"column":24},"end":{"line":19,"column":25}},"loc":{"start":{"line":19,"column":51},"end":{"line":24,"column":3}},"line":19},"3":{"name":"(anonymous_3)","decl":{"start":{"line":26,"column":36},"end":{"line":26,"column":37}},"loc":{"start":{"line":26,"column":63},"end":{"line":30,"column":3}},"line":26}},"branchMap":{},"s":{"0":10,"1":10,"2":10,"3":2,"4":2,"5":2,"6":1,"7":10,"8":1,"9":1,"10":1,"11":1,"12":10,"13":1,"14":1,"15":1,"16":1,"17":10,"18":1,"19":1,"20":1,"21":10},"f":{"0":2,"1":1,"2":1,"3":1},"b":{},"_coverageSchema":"1a1c01bbd47fc00a2c39e90264f33305004495a9","hash":"b8360adfc9ca7ff0c26419641959f2d56f4b2180"}
,"D:\\University\\BackEnd_Dev\\FinTrackAPI\\src\\modules\\reports\\report.repository.js": {"path":"D:\\University\\BackEnd_Dev\\FinTrackAPI\\src\\modules\\reports\\report.repository.js","statementMap":{"0":{"start":{"line":1,"column":15},"end":{"line":1,"column":54}},"1":{"start":{"line":5,"column":24},"end":{"line":9,"column":5}},"2":{"start":{"line":11,"column":22},"end":{"line":14,"column":6}},"3":{"start":{"line":16,"column":23},"end":{"line":19,"column":6}},"4":{"start":{"line":21,"column":24},"end":{"line":21,"column":50}},"5":{"start":{"line":22,"column":25},"end":{"line":22,"column":52}},"6":{"start":{"line":24,"column":4},"end":{"line":28,"column":6}},"7":{"start":{"line":32,"column":20},"end":{"line":41,"column":6}},"8":{"start":{"line":43,"column":24},"end":{"line":43,"column":84}},"9":{"start":{"line":43,"column":43},"end":{"line":43,"column":55}},"10":{"start":{"line":43,"column":72},"end":{"line":43,"column":83}},"11":{"start":{"line":44,"column":23},"end":{"line":47,"column":6}},"12":{"start":{"line":49,"column":4},"end":{"line":59,"column":41}},"13":{"start":{"line":51,"column":25},"end":{"line":51,"column":73}},"14":{"start":{"line":51,"column":48},"end":{"line":51,"column":72}},"15":{"start":{"line":52,"column":8},"end":{"line":57,"column":10}},"16":{"start":{"line":59,"column":22},"end":{"line":59,"column":39}},"17":{"start":{"line":63,"column":4},"end":{"line":71,"column":7}},"18":{"start":{"line":75,"column":16},"end":{"line":75,"column":26}},"19":{"start":{"line":76,"column":25},"end":{"line":76,"column":71}},"20":{"start":{"line":77,"column":23},"end":{"line":77,"column":73}},"21":{"start":{"line":79,"column":20},"end":{"line":82,"column":6}},"22":{"start":{"line":84,"column":24},"end":{"line":111,"column":5}},"23":{"start":{"line":86,"column":25},"end":{"line":95,"column":10}},"24":{"start":{"line":97,"column":22},"end":{"line":97,"column":47}},"25":{"start":{"line":98,"column":22},"end":{"line":98,"column":48}},"26":{"start":{"line":99,"column":27},"end":{"line":99,"column":64}},"27":{"start":{"line":101,"column":8},"end":{"line":109,"column":10}},"28":{"start":{"line":113,"column":4},"end":{"line":113,"column":23}},"29":{"start":{"line":117,"column":0},"end":{"line":117,"column":40}}},"fnMap":{"0":{"name":"(anonymous_0)","decl":{"start":{"line":4,"column":2},"end":{"line":4,"column":3}},"loc":{"start":{"line":4,"column":47},"end":{"line":29,"column":3}},"line":4},"1":{"name":"(anonymous_1)","decl":{"start":{"line":31,"column":2},"end":{"line":31,"column":3}},"loc":{"start":{"line":31,"column":56},"end":{"line":60,"column":3}},"line":31},"2":{"name":"(anonymous_2)","decl":{"start":{"line":43,"column":36},"end":{"line":43,"column":37}},"loc":{"start":{"line":43,"column":43},"end":{"line":43,"column":55}},"line":43},"3":{"name":"(anonymous_3)","decl":{"start":{"line":43,"column":64},"end":{"line":43,"column":65}},"loc":{"start":{"line":43,"column":72},"end":{"line":43,"column":83}},"line":43},"4":{"name":"(anonymous_4)","decl":{"start":{"line":50,"column":11},"end":{"line":50,"column":12}},"loc":{"start":{"line":50,"column":21},"end":{"line":58,"column":7}},"line":50},"5":{"name":"(anonymous_5)","decl":{"start":{"line":51,"column":41},"end":{"line":51,"column":42}},"loc":{"start":{"line":51,"column":48},"end":{"line":51,"column":72}},"line":51},"6":{"name":"(anonymous_6)","decl":{"start":{"line":59,"column":12},"end":{"line":59,"column":13}},"loc":{"start":{"line":59,"column":22},"end":{"line":59,"column":39}},"line":59},"7":{"name":"(anonymous_7)","decl":{"start":{"line":62,"column":2},"end":{"line":62,"column":3}},"loc":{"start":{"line":62,"column":60},"end":{"line":72,"column":3}},"line":62},"8":{"name":"(anonymous_8)","decl":{"start":{"line":74,"column":2},"end":{"line":74,"column":3}},"loc":{"start":{"line":74,"column":37},"end":{"line":114,"column":3}},"line":74},"9":{"name":"(anonymous_9)","decl":{"start":{"line":85,"column":18},"end":{"line":85,"column":19}},"loc":{"start":{"line":85,"column":36},"end":{"line":110,"column":7}},"line":85}},"branchMap":{"0":{"loc":{"start":{"line":21,"column":24},"end":{"line":21,"column":50}},"type":"binary-expr","locations":[{"start":{"line":21,"column":24},"end":{"line":21,"column":45}},{"start":{"line":21,"column":49},"end":{"line":21,"column":50}}],"line":21},"1":{"loc":{"start":{"line":22,"column":25},"end":{"line":22,"column":52}},"type":"binary-expr","locations":[{"start":{"line":22,"column":25},"end":{"line":22,"column":47}},{"start":{"line":22,"column":51},"end":{"line":22,"column":52}}],"line":22},"2":{"loc":{"start":{"line":54,"column":24},"end":{"line":54,"column":60}},"type":"cond-expr","locations":[{"start":{"line":54,"column":35},"end":{"line":54,"column":48}},{"start":{"line":54,"column":51},"end":{"line":54,"column":60}}],"line":54},"3":{"loc":{"start":{"line":55,"column":17},"end":{"line":55,"column":51}},"type":"cond-expr","locations":[{"start":{"line":55,"column":28},"end":{"line":55,"column":42}},{"start":{"line":55,"column":45},"end":{"line":55,"column":51}}],"line":55},"4":{"loc":{"start":{"line":97,"column":22},"end":{"line":97,"column":47}},"type":"binary-expr","locations":[{"start":{"line":97,"column":22},"end":{"line":97,"column":42}},{"start":{"line":97,"column":46},"end":{"line":97,"column":47}}],"line":97},"5":{"loc":{"start":{"line":99,"column":27},"end":{"line":99,"column":64}},"type":"cond-expr","locations":[{"start":{"line":99,"column":39},"end":{"line":99,"column":60}},{"start":{"line":99,"column":63},"end":{"line":99,"column":64}}],"line":99}},"s":{"0":11,"1":2,"2":2,"3":2,"4":2,"5":2,"6":2,"7":1,"8":1,"9":1,"10":1,"11":1,"12":1,"13":1,"14":1,"15":1,"16":0,"17":1,"18":2,"19":2,"20":2,"21":2,"22":2,"23":0,"24":0,"25":0,"26":0,"27":0,"28":2,"29":11},"f":{"0":2,"1":1,"2":1,"3":1,"4":1,"5":1,"6":0,"7":1,"8":2,"9":0},"b":{"0":[2,2],"1":[2,1],"2":[1,0],"3":[1,0],"4":[0,0],"5":[0,0]},"_coverageSchema":"1a1c01bbd47fc00a2c39e90264f33305004495a9","hash":"b169460e42b8be1f63c66ce001b999aeeac3bd3a"}
,"D:\\University\\BackEnd_Dev\\FinTrackAPI\\src\\modules\\reports\\report.routes.js": {"path":"D:\\University\\BackEnd_Dev\\FinTrackAPI\\src\\modules\\reports\\report.routes.js","statementMap":{"0":{"start":{"line":1,"column":16},"end":{"line":1,"column":34}},"1":{"start":{"line":2,"column":15},"end":{"line":2,"column":31}},"2":{"start":{"line":3,"column":25},"end":{"line":3,"column":55}},"3":{"start":{"line":5,"column":0},"end":{"line":5,"column":52}},"4":{"start":{"line":6,"column":0},"end":{"line":6,"column":59}},"5":{"start":{"line":7,"column":0},"end":{"line":7,"column":48}},"6":{"start":{"line":8,"column":0},"end":{"line":8,"column":73}},"7":{"start":{"line":10,"column":0},"end":{"line":10,"column":24}}},"fnMap":{},"branchMap":{},"s":{"0":10,"1":10,"2":10,"3":10,"4":10,"5":10,"6":10,"7":10},"f":{},"b":{},"_coverageSchema":"1a1c01bbd47fc00a2c39e90264f33305004495a9","hash":"2ef7f4df38a45aa55032fe7cabd80c0452267c8b"}
,"D:\\University\\BackEnd_Dev\\FinTrackAPI\\src\\modules\\reports\\report.service.js": {"path":"D:\\University\\BackEnd_Dev\\FinTrackAPI\\src\\modules\\reports\\report.service.js","statementMap":{"0":{"start":{"line":1,"column":19},"end":{"line":1,"column":49}},"1":{"start":{"line":2,"column":17},"end":{"line":2,"column":55}},"2":{"start":{"line":6,"column":16},"end":{"line":6,"column":26}},"3":{"start":{"line":7,"column":18},"end":{"line":7,"column":98}},"4":{"start":{"line":8,"column":16},"end":{"line":8,"column":96}},"5":{"start":{"line":10,"column":4},"end":{"line":10,"column":91}},"6":{"start":{"line":10,"column":21},"end":{"line":10,"column":91}},"7":{"start":{"line":11,"column":4},"end":{"line":11,"column":26}},"8":{"start":{"line":15,"column":27},"end":{"line":15,"column":68}},"9":{"start":{"line":16,"column":4},"end":{"line":16,"column":59}},"10":{"start":{"line":20,"column":27},"end":{"line":20,"column":68}},"11":{"start":{"line":21,"column":4},"end":{"line":21,"column":68}},"12":{"start":{"line":25,"column":27},"end":{"line":25,"column":68}},"13":{"start":{"line":26,"column":25},"end":{"line":26,"column":85}},"14":{"start":{"line":28,"column":20},"end":{"line":40,"column":10}},"15":{"start":{"line":29,"column":22},"end":{"line":29,"column":45}},"16":{"start":{"line":30,"column":18},"end":{"line":30,"column":91}},"17":{"start":{"line":32,"column":6},"end":{"line":34,"column":7}},"18":{"start":{"line":33,"column":8},"end":{"line":33,"column":56}},"19":{"start":{"line":36,"column":6},"end":{"line":36,"column":73}},"20":{"start":{"line":36,"column":34},"end":{"line":36,"column":73}},"21":{"start":{"line":37,"column":6},"end":{"line":37,"column":75}},"22":{"start":{"line":37,"column":35},"end":{"line":37,"column":75}},"23":{"start":{"line":39,"column":6},"end":{"line":39,"column":17}},"24":{"start":{"line":42,"column":4},"end":{"line":42,"column":34}},"25":{"start":{"line":46,"column":4},"end":{"line":46,"column":57}},"26":{"start":{"line":50,"column":0},"end":{"line":50,"column":37}}},"fnMap":{"0":{"name":"(anonymous_0)","decl":{"start":{"line":5,"column":2},"end":{"line":5,"column":3}},"loc":{"start":{"line":5,"column":39},"end":{"line":12,"column":3}},"line":5},"1":{"name":"(anonymous_1)","decl":{"start":{"line":14,"column":2},"end":{"line":14,"column":3}},"loc":{"start":{"line":14,"column":47},"end":{"line":17,"column":3}},"line":14},"2":{"name":"(anonymous_2)","decl":{"start":{"line":19,"column":2},"end":{"line":19,"column":3}},"loc":{"start":{"line":19,"column":68},"end":{"line":22,"column":3}},"line":19},"3":{"name":"(anonymous_3)","decl":{"start":{"line":24,"co
[...]
:{"start":{"line":106,"column":16},"end":{"line":106,"column":26}},"23":{"start":{"line":107,"column":25},"end":{"line":107,"column":71}},"24":{"start":{"line":108,"column":23},"end":{"line":108,"column":73}},"25":{"start":{"line":110,"column":19},"end":{"line":122,"column":6}},"26":{"start":{"line":124,"column":4},"end":{"line":124,"column":35}},"27":{"start":{"line":128,"column":0},"end":{"line":128,"column":45}}},"fnMap":{"0":{"name":"(anonymous_0)","decl":{"start":{"line":4,"column":2},"end":{"line":4,"column":3}},"loc":{"start":{"line":4,"column":44},"end":{"line":16,"column":3}},"line":4},"1":{"name":"(anonymous_1)","decl":{"start":{"line":18,"column":2},"end":{"line":18,"column":3}},"loc":{"start":{"line":18,"column":34},"end":{"line":21,"column":3}},"line":18},"2":{"name":"(anonymous_2)","decl":{"start":{"line":23,"column":2},"end":{"line":23,"column":3}},"loc":{"start":{"line":23,"column":63},"end":{"line":32,"column":3}},"line":23},"3":{"name":"(anonymous_3)","decl":{"start":{"line":34,"column":2},"end":{"line":34,"column":3}},"loc":{"start":{"line":34,"column":53},"end":{"line":37,"column":3}},"line":34},"4":{"name":"(anonymous_4)","decl":{"start":{"line":39,"column":2},"end":{"line":39,"column":3}},"loc":{"start":{"line":39,"column":28},"end":{"line":44,"column":3}},"line":39},"5":{"name":"(anonymous_5)","decl":{"start":{"line":46,"column":2},"end":{"line":46,"column":3}},"loc":{"start":{"line":46,"column":45},"end":{"line":59,"column":3}},"line":46},"6":{"name":"(anonymous_6)","decl":{"start":{"line":47,"column":37},"end":{"line":47,"column":38}},"loc":{"start":{"line":47,"column":51},"end":{"line":58,"column":5}},"line":47},"7":{"name":"(anonymous_7)","decl":{"start":{"line":61,"column":2},"end":{"line":61,"column":3}},"loc":{"start":{"line":61,"column":38},"end":{"line":76,"column":3}},"line":61},"8":{"name":"(anonymous_8)","decl":{"start":{"line":62,"column":37},"end":{"line":62,"column":38}},"loc":{"start":{"line":62,"column":51},"end":{"line":75,"column":5}},"line":62},"9":{"name":"(anonymous_9)","decl":{"start":{"line":78,"column":2},"end":{"line":78,"column":3}},"loc":{"start":{"line":78,"column":23},"end":{"line":83,"column":3}},"line":78},"10":{"name":"(anonymous_10)","decl":{"start":{"line":85,"column":2},"end":{"line":85,"column":3}},"loc":{"start":{"line":85,"column":37},"end":{"line":103,"column":3}},"line":85},"11":{"name":"(anonymous_11)","decl":{"start":{"line":105,"column":2},"end":{"line":105,"column":3}},"loc":{"start":{"line":105,"column":51},"end":{"line":125,"column":3}},"line":105}},"branchMap":{"0":{"loc":{"start":{"line":49,"column":6},"end":{"line":53,"column":7}},"type":"if","locations":[{"start":{"line":49,"column":6},"end":{"line":53,"column":7}},{"start":{},"end":{}}],"line":49},"1":{"loc":{"start":{"line":64,"column":6},"end":{"line":70,"column":7}},"type":"if","locations":[{"start":{"line":64,"column":6},"end":{"line":70,"column":7}},{"start":{},"end":{}}],"line":64},"2":{"loc":{"start":{"line":89,"column":10},"end":{"line":89,"column":48}},"type":"binary-expr","locations":[{"start":{"line":89,"column":10},"end":{"line":89,"column":22}},{"start":{"line":89,"column":26},"end":{"line":89,"column":48}}],"line":89},"3":{"loc":{"start":{"line":90,"column":10},"end":{"line":90,"column":66}},"type":"binary-expr","locations":[{"start":{"line":90,"column":10},"end":{"line":90,"column":28}},{"start":{"line":90,"column":32},"end":{"line":90,"column":66}}],"line":90},"4":{"loc":{"start":{"line":91,"column":10},"end":{"line":96,"column":7}},"type":"binary-expr","locations":[{"start":{"line":91,"column":11},"end":{"line":91,"column":28}},{"start":{"line":91,"column":32},"end":{"line":91,"column":47}},{"start":{"line":91,"column":52},"end":{"line":96,"column":7}}],"line":91},"5":{"loc":{"start":{"line":93,"column":14},"end":{"line":93,"column":71}},"type":"binary-expr","locations":[{"start":{"line":93,"column":14},"end":{"line":93,"column":31}},{"start":{"line":93,"column":35},"end":{"line":93,"column":71}}],"line":93},"6":{"loc":{"start":{"line":94,"column":14},"end":{"line":94,"column":67}},"type":"binary-expr","locations":[{"start":{"line":94,"column":14},"end":{"line":94,"column":29}},{"start":{"line":94,"column":33},"end":{"line":94,"column":67}}],"line":94},"7":{"loc":{"start":{"line":97,"column":10},"end":{"line":101,"column":7}},"type":"binary-expr","locations":[{"start":{"line":97,"column":10},"end":{"line":97,"column":24}},{"start":{"line":97,"column":28},"end":{"line":101,"column":7}}],"line":97},"8":{"loc":{"start":{"line":124,"column":11},"end":{"line":124,"column":34}},"type":"binary-expr","locations":[{"start":{"line":124,"column":11},"end":{"line":124,"column":29}},{"start":{"line":124,"column":33},"end":{"line":124,"column":34}}],"line":124}},"s":{"0":12,"1":7,"2":7,"3":4,"4":4,"5":1,"6":1,"7":1,"8":1,"9":4,"10":5,"11":5,"12":3,"13":3,"14":3,"15":1,"16":1,"17":1,"18":0,"19":1,"20":1,"21":13,"22":2,"23":2,"24":2,"25":2,"26":2,"27":12},"f":{"0":7,"1":4,"2":1,"3":1,"4":4,"5":5,"6":5,"7":1,"8":1,"9":1,"10":13,"11":2},"b":{"0":[3,0],"1":[0,1],"2":[13,0],"3":[13,2],"4":[13,10,3],"5":[3,3],"6":[3,2],"7":[13,0],"8":[2,2]},"_coverageSchema":"1a1c01bbd47fc00a2c39e90264f33305004495a9","hash":"c83ea9d6136b0b63c00b32d3fb9b22f9c3d5956a"}
,"D:\\University\\BackEnd_Dev\\FinTrackAPI\\src\\modules\\transactions\\transaction.routes.js": {"path":"D:\\University\\BackEnd_Dev\\FinTrackAPI\\src\\modules\\transactions\\transaction.routes.js","statementMap":{"0":{"start":{"line":1,"column":16},"end":{"line":1,"column":34}},"1":{"start":{"line":2,"column":15},"end":{"line":2,"column":31}},"2":{"start":{"line":3,"column":30},"end":{"line":3,"column":65}},"3":{"start":{"line":4,"column":17},"end":{"line":4,"column":66}},"4":{"start":{"line":6,"column":0},"end":{"line":6,"column":67}},"5":{"start":{"line":7,"column":0},"end":{"line":7,"column":46}},"6":{"start":{"line":8,"column":0},"end":{"line":8,"column":50}},"7":{"start":{"line":9,"column":0},"end":{"line":9,"column":79}},"8":{"start":{"line":10,"column":0},"end":{"line":10,"column":81}},"9":{"start":{"line":11,"column":0},"end":{"line":11,"column":84}},"10":{"start":{"line":13,"column":0},"end":{"line":13,"column":24}}},"fnMap":{},"branchMap":{},"s":{"0":10,"1":10,"2":10,"3":10,"4":10,"5":10,"6":10,"7":10,"8":10,"9":10,"10":10},"f":{},"b":{},"_coverageSchema":"1a1c01bbd47fc00a2c39e90264f33305004495a9","hash":"f3f69567e375931d53678b74c1917a6319b6a6e9"}
,"D:\\University\\BackEnd_Dev\\FinTrackAPI\\src\\modules\\transactions\\transaction.service.js": {"path":"D:\\University\\BackEnd_Dev\\FinTrackAPI\\src\\modules\\transactions\\transaction.service.js","statementMap":{"0":{"start":{"line":1,"column":24},"end":{"line":1,"column":59}},"1":{"start":{"line":2,"column":19},"end":{"line":2,"column":58}},"2":{"start":{"line":3,"column":17},"end":{"line":3,"column":55}},"3":{"start":{"line":7,"column":17},"end":{"line":7,"column":35}},"4":{"start":{"line":8,"column":17},"end":{"line":8,"column":32}},"5":{"start":{"line":9,"column":25},"end":{"line":9,"column":82}},"6":{"start":{"line":10,"column":23},"end":{"line":10,"column":70}},"7":{"start":{"line":11,"column":4},"end":{"line":11,"column":70}},"8":{"start":{"line":15,"column":17},"end":{"line":15,"column":35}},"9":{"start":{"line":16,"column":17},"end":{"line":16,"column":32}},"10":{"start":{"line":17,"column":25},"end":{"line":23,"column":5}},"11":{"start":{"line":24,"column":23},"end":{"line":24,"column":89}},"12":{"start":{"line":25,"column":4},"end":{"line":25,"column":70}},"13":{"start":{"line":29,"column":24},"end":{"line":29,"column":65}},"14":{"start":{"line":30,"column":4},"end":{"line":30,"column":71}},"15":{"start":{"line":30,"column":22},"end":{"line":30,"column":71}},"16":{"start":{"line":31,"column":4},"end":{"line":31,"column":23}},"17":{"start":{"line":35,"column":4},"end":{"line":37,"column":5}},"18":{"start":{"line":36,"column":6},"end":{"line":36,"column":80}},"19":{"start":{"line":39,"column":4},"end":{"line":52,"column":5}},"20":{"start":{"line":40,"column":21},"end":{"line":40,"column":73}},"21":{"start":{"line":42,"column":6},"end":{"line":51,"column":7}},"22":{"start":{"line":43,"column":29},"end":{"line":43,"column":93}},"23":{"start":{"line":44,"column":38},"end":{"line":44,"column":75}},"24":{"start":{"line":46,"column":8},"end":{"line":50,"column":9}},"25":{"start":{"line":47,"column":10},"end":{"line":49,"column":12}},"26":{"start":{"line":54,"column":17},"end":{"line":54,"column":75}},"27":{"start":{"line":55,"column":4},"end":{"line":55,"column":70}},"28":{"start":{"line":59,"column":4},"end":{"line":59,"column":35}},"29":{"start":{"line":60,"column":41},"end":{"line":60,"column":51}},"30":{"start":{"line":61,"column":4},"end":{"line":61,"column":63}},"31":{"start":{"line":61,"column":23},"end":{"line":61,"column":63}},"32":{"start":{"line":62,"column":4},"end":{"line":62,"column":67}},"33":{"start":{"line":66,"column":4},"end":{"line":66,"column":35}},"34":{"start":{"line":67,"column":4},"end":{"line":67,"column":41}},"35":{"start":{"line":68,"column":4},"end":{"line":68,"column":51}},"36":{"start":{"line":72,"column":4},"end":{"line":80,"column":6}},"37":{"start":{"line":84,"column":0},"end":{"line":84,"column":42}}},"fnMap":{"0":{"name":"(anonymous_0)","decl":{"start":{"line":6,"column":2},"end":{"line":6,"column":3}},"loc":{"start":{"line":6,"column":45},"end":{"line":12,"column":3}},"line":6},"1":{"name":"(anonymous_1)","decl":{"start":{"line":14,"column":2},"end":{"line":14,"column":3}},"loc":{"start":{"line":14,"column":64},"end":{"line":26,"column":3}},"line":14},"2":{"name":"(anonymous_2)","decl":{"start":{"line":28,"column":2},"end":{"line":28,"column":3}},"loc":{"start":{"line":28,"column":28},"end":{"line":32,"column":3}},"line":28},"3":{"name":"(anonymous_3)","decl":{"start":{"line":34,"column":2},"end":{"line":34,"column":3}},"loc":{"start":{"line":34,"column":68},"end":{"line":56,"column":3}},"line":34},"4":{"name":"(anonymous_4)","decl":{"start":{"line":58,"column":2},"end":{"line":58,"column":3}},"loc":{"start":{"line":58,"column":39},"end":{"line":63,"column":3}},"line":58},"5":{"name":"(anonymous_5)","decl":{"start":{"line":65,"column":2},"end":{"line":65,"column":3}},"loc":{"start":{"line":65,"column":27},"end":{"line":69,"column":3}},"line":65},"6":{"name":"(anonymous_6)","decl":{"start":{"line":71,"column":2},"end":{"line":71,"column":3}},"loc":{"start":{"line":71,"column":48},"end":{"line":81,"column":3}},"line":71}},"branchMap":{"0":{"loc":{"start":{"line":30,"column":4},"end":{"line":30,"column":71}},"type":"if","locations":[{"start":{"line":30,"column":4},"end":{"line":30,"column":71}},{"start":{},"end":{}}],"line":30},"1":{"loc":{"start":{"line":35,"column":4},"end":{"line":37,"column":5}},"type":"if","locations":[{"start":{"line":35,"column":4},"end":{"line":37,"column":5}},{"start":{},"end":{}}],"line":35},"2":{"loc":{"start":{"line":39,"column":4},"end":{"line":52,"column":5}},"type":"if","locations":[{"start":{"line":39,"column":4},"end":{"line":52,"column":5}},{"start":{},"end":{}}],"line":39},"3":{"loc":{"start":{"line":42,"column":6},"end":{"line":51,"column":7}},"type":"if","locations":[{"start":{"line":42,"column":6},"end":{"line":51,"column":7}},{"start":{},"end":{}}],"line":42},"4":{"loc":{"start":{"line":46,"column":8},"end":{"line":50,"column":9}},"type":"if","locations":[{"start":{"line":46,"column":8},"end":{"line":50,"column":9}},{"start":{},"end":{}}],"line":46},"5":{"loc":{"start":{"line":61,"column":4},"end":{"line":61,"column":63}},"type":"if","locations":[{"start":{"line":61,"column":4},"end":{"line":61,"column":63}},{"start":{},"end":{}}],"line":61}},"s":{"0":11,"1":11,"2":11,"3":4,"4":4,"5":4,"6":4,"7":4,"8":1,"9":1,"10":1,"11":1,"12":1,"13":4,"14":4,"15":2,"16":2,"17":8,"18":2,"19":6,"20":4,"21":4,"22":1,"23":1,"24":1,"25":1,"26":5,"27":5,"28":1,"29":1,"30":1,"31":0,"32":1,"33":1,"34":1,"35":1,"36":5,"37":11},"f":{"0":4,"1":1,"2":4,"3":8,"4":1,"5":1,"6":5},"b":{"0":[2,2],"1":[2,6],"2":[4,2],"3":[1,3],"4":[1,0],"5":[0,1]},"_coverageSchema":"1a1c01bbd47fc00a2c39e90264f33305004495a9","hash":"5d7cb75df0a72c6e40d136a49c7de0913c22b5c1"}
,"D:\\University\\BackEnd_Dev\\FinTrackAPI\\src\\shared\\database\\prisma.js": {"path":"D:\\University\\BackEnd_Dev\\FinTrackAPI\\src\\shared\\database\\prisma.js","statementMap":{"0":{"start":{"line":1,"column":25},"end":{"line":1,"column":50}},"1":{"start":{"line":2,"column":17},"end":{"line":2,"column":30}},"2":{"start":{"line":3,"column":21},"end":{"line":3,"column":50}},"3":{"start":{"line":5,"column":13},"end":{"line":7,"column":2}},"4":{"start":{"line":9,"column":16},"end":{"line":9,"column":34}},"5":{"start":{"line":11,"column":15},"end":{"line":11,"column":44}},"6":{"start":{"line":13,"column":0},"end":{"line":13,"column":24}}},"fnMap":{},"branchMap":{},"s":{"0":12,"1":12,"2":12,"3":12,"4":12,"5":12,"6":12},"f":{},"b":{},"_coverageSchema":"1a1c01bbd47fc00a2c39e90264f33305004495a9","hash":"b8dbf040199eb275484016e78b2e954afc95bbd1"}
,"D:\\University\\BackEnd_Dev\\FinTrackAPI\\src\\shared\\utils\\ApiError.js": {"path":"D:\\University\\BackEnd_Dev\\FinTrackAPI\\src\\shared\\utils\\ApiError.js","statementMap":{"0":{"start":{"line":3,"column":4},"end":{"line":3,"column":19}},"1":{"start":{"line":4,"column":4},"end":{"line":4,"column":25}},"2":{"start":{"line":8,"column":4},"end":{"line":8,"column":38}},"3":{"start":{"line":12,"column":4},"end":{"line":12,"column":38}},"4":{"start":{"line":16,"column":4},"end":{"line":16,"column":38}},"5":{"start":{"line":20,"column":4},"end":{"line":20,"column":38}},"6":{"start":{"line":24,"column":4},"end":{"line":24,"column":38}},"7":{"start":{"line":28,"column":0},"end":{"line":28,"column":26}}},"fnMap":{"0":{"name":"(anonymous_0)","decl":{"start":{"line":2,"column":2},"end":{"line":2,"column":3}},"loc":{"start":{"line":2,"column":31},"end":{"line":5,"column":3}},"line":2},"1":{"name":"(anonymous_1)","decl":{"start":{"line":7,"column":2},"end":{"line":7,"column":3}},"loc":{"start":{"line":7,"column":29},"end":{"line":9,"column":3}},"line":7},"2":{"name":"(anonymous_2)","decl":{"start":{"line":11,"column":2},"end":{"line":11,"column":3}},"loc":{"start":{"line":11,"column":48},"end":{"line":13,"column":3}},"line":11},"3":{"name":"(anonymous_3)","decl":{"start":{"line":15,"column":2},"end":{"line":15,"column":3}},"loc":{"start":{"line":15,"column":42},"end":{"line":17,"column":3}},"line":15},"4":{"name":"(anonymous_4)","decl":{"start":{"line":19,"column":2},"end":{"line":19,"column":3}},"loc":{"start":{"line":19,"column":27},"end":{"line":21,"column":3}},"line":19},"5":{"name":"(anonymous_5)","decl":{"start":{"line":23,"column":2},"end":{"line":23,"column":3}},"loc":{"start":{"line":23,"column":27},"end":{"line":25,"column":3}},"line":23}},"branchMap":{"0":{"loc":{"start":{"line":11,"column":22},"end":{"line":11,"column":46}},"type":"default-arg","locations":[{"start":{"line":11,"column":32},"end":{"line":11,"column":46}}],"line":11},"1":{"loc":{"start":{"line":15,"column":19},"end":{"line":15,"column":40}},"type":"default-arg","locations":[{"start":{"line":15,"column":29},"end":{"line":15,"column":40}}],"line":15}},"s":{"0":21,"1":21,"2":12,"3":5,"4":0,"5":4,"6":0,"7":11},"f":{"0":21,"1":12,"2":5,"3":0,"4":4,"5":0},"b":{"0":[2],"1":[0]},"_coverageSchema":"1a1c01bbd47fc00a2c39e90264f33305004495a9","hash":"57e35eb8d266c33c8622d1396a5759780baebee0"}
,"D:\\University\\BackEnd_Dev\\FinTrackAPI\\src\\shared\\utils\\catchAsync.js": {"path":"D:\\University\\BackEnd_Dev\\FinTrackAPI\\src\\shared\\utils\\catchAsync.js","statementMap":{"0":{"start":{"line":1,"column":0},"end":{"line":5,"column":2}},"1":{"start":{"line":2,"column":2},"end":{"line":4,"column":4}},"2":{"start":{"line":3,"column":4},"end":{"line":3,"column":49}},"3":{"start":{"line":3,"column":38},"end":{"line":3,"column":47}}},"fnMap":{"0":{"name":"(anonymous_0)","decl":{"start":{"line":1,"column":17},"end":{"line":1,"column":18}},"loc":{"start":{"line":1,"column":25},"end":{"line":5,"column":1}},"line":1},"1":{"name":"(anonymous_1)","decl":{"start":{"line":2,"column":9},"end":{"line":2,"column":10}},"loc":{"start":{"line":2,"column":29},"end":{"line":4,"column":3}},"line":2},"2":{"name":"(anonymous_2)","decl":{"start":{"line":3,"column":29},"end":{"line":3,"column":30}},"loc":{"start":{"line":3,"column":38},"end":{"line":3,"column":47}},"line":3}},"branchMap":{},"s":{"0":10,"1":270,"2":71,"3":20},"f":{"0":270,"1":71,"2":20},"b":{},"_coverageSchema":"1a1c01bbd47fc00a2c39e90264f33305004495a9","hash":"d1f5cb75526d625fcff8d6d4706287426319bbaa"}
,"D:\\University\\BackEnd_Dev\\FinTrackAPI\\src\\shared\\utils\\swagger.js": {"path":"D:\\University\\BackEnd_Dev\\FinTrackAPI\\src\\shared\\utils\\swagger.js","statementMap":{"0":{"start":{"line":1,"column":18},"end":{"line":1,"column":47}},"1":{"start":{"line":3,"column":24},"end":{"line":801,"column":1}},"2":{"start":{"line":803,"column":21},"end":{"line":805,"column":1}},"3":{"start":{"line":804,"column":2},"end":{"line":804,"column":74}},"4":{"start":{"line":807,"column":0},"end":{"line":807,"column":30}}},"fnMap":{"0":{"name":"(anonymous_0)","decl":{"start":{"line":803,"column":21},"end":{"line":803,"column":22}},"loc":{"start":{"line":803,"column":30},"end":{"line":805,"column":1}},"line":803}},"branchMap":{},"s":{"0":10,"1":10,"2":10,"3":10,"4":10},"f":{"0":10},"b":{},"_coverageSchema":"1a1c01bbd47fc00a2c39e90264f33305004495a9","hash":"3a634251dceb08f47b0dc82212d3404ab83af191"}
,"D:\\University\\BackEnd_Dev\\FinTrackAPI\\src\\shared\\utils\\validateEmail.js": {"path":"D:\\University\\BackEnd_Dev\\FinTrackAPI\\src\\shared\\utils\\validateEmail.js","statementMap":{"0":{"start":{"line":1,"column":17},"end":{"line":1,"column":38}},"1":{"start":{"line":3,"column":28},"end":{"line":32,"column":1}},"2":{"start":{"line":4,"column":17},"end":{"line":4,"column":50}},"3":{"start":{"line":7,"column":22},"end":{"line":7,"column":50}},"4":{"start":{"line":8,"column":27},"end":{"line":8,"column":69}},"5":{"start":{"line":10,"column":2},"end":{"line":15,"column":3}},"6":{"start":{"line":11,"column":30},"end":{"line":11,"column":50}},"7":{"start":{"line":12,"column":33},"end":{"line":12,"column":51}},"8":{"start":{"line":14,"column":4},"end":{"line":14,"column":91}},"9":{"start":{"line":18,"column":16},"end":{"line":25,"column":3}},"10":{"start":{"line":27,"column":2},"end":{"line":31,"column":3}},"11":{"start":{"line":28,"column":4},"end":{"line":30,"column":6}},"12":{"start":{"line":34,"column":0},"end":{"line":34,"column":37}}},"fnMap":{"0":{"name":"(anonymous_0)","decl":{"start":{"line":3,"column":28},"end":{"line":3,"column":29}},"loc":{"start":{"line":3,"column":39},"end":{"line":32,"column":1}},"line":3},"1":{"name":"(anonymous_1)","decl":{"start":{"line":11,"column":21},"end":{"line":11,"column":22}},"loc":{"start":{"line":11,"column":30},"end":{"line":11,"column":50}},"line":11},"2":{"name":"(anonymous_2)","decl":{"start":{"line":12,"column":26},"end":{"line":12,"column":27}},"loc":{"start":{"line":12,"column":33},"end":{"line":12,"column":51}},"line":12}},"branchMap":{"0":{"loc":{"start":{"line":10,"column":2},"end":{"line":15,"column":3}},"type":"if","locations":[{"start":{"line":10,"column":2},"end":{"line":15,"column":3}},{"start":{},"end":{}}],"line":10},"1":{"loc":{"start":{"line":11,"column":4},"end":{"line":12,"column":52}},"type":"binary-expr","locations":[{"start":{"line":11,"column":4},"end":{"line":11,"column":51}},{"start":{"line":12,"column":4},"end":{"line":12,"column":52}}],"line":11},"2":{"loc":{"start":{"line":27,"column":2},"end":{"line":31,"column":3}},"type":"if","locations":[{"start":{"line":27,"column":2},"end":{"line":31,"column":3}},{"start":{},"end":{}}],"line":27}},"s":{"0":10,"1":10,"2":15,"3":15,"4":15,"5":15,"6":55,"7":52,"8":2,"9":13,"10":13,"11":1,"12":10},"f":{"0":15,"1":55,"2":52},"b":{"0":[2,13],"1":[15,13],"2":[1,12]},"_coverageSchema":"1a1c01bbd47fc00a2c39e90264f33305004495a9","hash":"f5fd78a2e805884610ca4933f064b4d4971f513c"}
}
