{"D:\\University\\BackEnd_Dev\\FinTrackAPI\\src\\app.js": {"path":"D:\\University\\BackEnd_Dev\\FinTrackAPI\\src\\app.js","statementMap":{"0":{"start":{"line":1,"column":16},"end":{"line":1,"column":34}},"1":{"start":{"line":2,"column":21},"end":{"line":2,"column":45}},"2":{"start":{"line":3,"column":21},"end":{"line":3,"column":54}},"3":{"start":{"line":4,"column":18},"end":{"line":4,"column":41}},"4":{"start":{"line":5,"column":24},"end":{"line":5,"column":69}},"5":{"start":{"line":6,"column":17},"end":{"line":6,"column":51}},"6":{"start":{"line":8,"column":12},"end":{"line":8,"column":21}},"7":{"start":{"line":9,"column":0},"end":{"line":9,"column":18}},"8":{"start":{"line":11,"column":0},"end":{"line":11,"column":24}},"9":{"start":{"line":12,"column":0},"end":{"line":12,"column":24}},"10":{"start":{"line":14,"column":0},"end":{"line":14,"column":31}},"11":{"start":{"line":16,"column":0},"end":{"line":18,"column":3}},"12":{"start":{"line":17,"column":2},"end":{"line":17,"column":65}},"13":{"start":{"line":20,"column":0},"end":{"line":22,"column":3}},"14":{"start":{"line":21,"column":2},"end":{"line":21,"column":64}},"15":{"start":{"line":24,"column":0},"end":{"line":24,"column":25}},"16":{"start":{"line":26,"column":0},"end":{"line":26,"column":21}}},"fnMap":{"0":{"name":"(anonymous_0)","decl":{"start":{"line":16,"column":17},"end":{"line":16,"column":18}},"loc":{"start":{"line":16,"column":31},"end":{"line":18,"column":1}},"line":16},"1":{"name":"(anonymous_1)","decl":{"start":{"line":20,"column":8},"end":{"line":20,"column":9}},"loc":{"start":{"line":20,"column":28},"end":{"line":22,"column":1}},"line":20}},"branchMap":{},"s":{"0":10,"1":10,"2":10,"3":10,"4":10,"5":10,"6":10,"7":10,"8":10,"9":10,"10":10,"11":10,"12":1,"13":10,"14":1,"15":10,"16":10},"f":{"0":1,"1":1},"b":{},"_coverageSchema":"1a1c01bbd47fc00a2c39e90264f33305004495a9","hash":"c57d4f063addc8ac0609246a3cdc0036a6ffadfd"}
,"D:\\University\\BackEnd_Dev\\FinTrackAPI\\src\\api\\router.js": {"path":"D:\\University\\BackEnd_Dev\\FinTrackAPI\\src\\api\\router.js","statementMap":{"0":{"start":{"line":1,"column":16},"end":{"line":1,"column":34}},"1":{"start":{"line":2,"column":15},"end":{"line":2,"column":31}},"2":{"start":{"line":4,"column":19},"end":{"line":4,"column":57}},"3":{"start":{"line":5,"column":23},"end":{"line":5,"column":71}},"4":{"start":{"line":6,"column":21},"end":{"line":6,"column":64}},"5":{"start":{"line":7,"column":26},"end":{"line":7,"column":79}},"6":{"start":{"line":8,"column":21},"end":{"line":8,"column":64}},"7":{"start":{"line":9,"column":21},"end":{"line":9,"column":63}},"8":{"start":{"line":10,"column":22},"end":{"line":10,"column":67}},"9":{"start":{"line":11,"column":18},"end":{"line":11,"column":55}},"10":{"start":{"line":13,"column":23},"end":{"line":13,"column":75}},"11":{"start":{"line":14,"column":0},"end":{"line":14,"column":32}},"12":{"start":{"line":16,"column":0},"end":{"line":16,"column":27}},"13":{"start":{"line":18,"column":0},"end":{"line":18,"column":42}},"14":{"start":{"line":19,"column":0},"end":{"line":19,"column":37}},"15":{"start":{"line":20,"column":0},"end":{"line":20,"column":47}},"16":{"start":{"line":21,"column":0},"end":{"line":21,"column":37}},"17":{"start":{"line":22,"column":0},"end":{"line":22,"column":36}},"18":{"start":{"line":23,"column":0},"end":{"line":23,"column":39}},"19":{"start":{"line":24,"column":0},"end":{"line":24,"column":27}},"20":{"start":{"line":26,"column":0},"end":{"line":26,"column":24}}},"fnMap":{},"branchMap":{},"s":{"0":10,"1":10,"2":10,"3":10,"4":10,"5":10,"6":10,"7":10,"8":10,"9":10,"10":10,"11":10,"12":10,"13":10,"14":10,"15":10,"16":10,"17":10,"18":10,"19":10,"20":10},"f":{},"b":{},"_coverageSchema":"1a1c01bbd47fc00a2c39e90264f33305004495a9","hash":"4fd455839fc1daf15d71c5b0b74d5da2ffcce2ca"}
,"D:\\University\\BackEnd_Dev\\FinTrackAPI\\src\\api\\middlewares\\audit.middleware.js": {"path":"D:\\University\\BackEnd_Dev\\FinTrackAPI\\src\\api\\middlewares\\audit.middleware.js","statementMap":{"0":{"start":{"line":1,"column":17},"end":{"line":1,"column":55}},"1":{"start":{"line":3,"column":17},"end":{"line":36,"column":1}},"2":{"start":{"line":4,"column":2},"end":{"line":35,"column":4}},"3":{"start":{"line":5,"column":4},"end":{"line":33,"column":7}},"4":{"start":{"line":6,"column":6},"end":{"line":32,"column":7}},"5":{"start":{"line":7,"column":8},"end":{"line":31,"column":9}},"6":{"start":{"line":8,"column":25},"end":{"line":8,"column":61}},"7":{"start":{"line":10,"column":26},"end":{"line":13,"column":11}},"8":{"start":{"line":15,"column":10},"end":{"line":17,"column":11}},"9":{"start":{"line":16,"column":12},"end":{"line":16,"column":36}},"10":{"start":{"line":18,"column":10},"end":{"line":20,"column":11}},"11":{"start":{"line":19,"column":12},"end":{"line":19,"column":40}},"12":{"start":{"line":22,"column":10},"end":{"line":28,"column":13}},"13":{"start":{"line":27,"column":12},"end":{"line":27,"column":59}},"14":{"start":{"line":30,"column":10},"end":{"line":30,"column":57}},"15":{"start":{"line":34,"column":4},"end":{"line":34,"column":11}},"16":{"start":{"line":38,"column":0},"end":{"line":38,"column":26}}},"fnMap":{"0":{"name":"(anonymous_0)","decl":{"start":{"line":3,"column":17},"end":{"line":3,"column":18}},"loc":{"start":{"line":3,"column":33},"end":{"line":36,"column":1}},"line":3},"1":{"name":"(anonymous_1)","decl":{"start":{"line":4,"column":9},"end":{"line":4,"column":10}},"loc":{"start":{"line":4,"column":35},"end":{"line":35,"column":3}},"line":4},"2":{"name":"(anonymous_2)","decl":{"start":{"line":5,"column":21},"end":{"line":5,"column":22}},"loc":{"start":{"line":5,"column":33},"end":{"line":33,"column":5}},"line":5},"3":{"name":"(anonymous_3)","decl":{"start":{"line":26,"column":19},"end":{"line":26,"column":20}},"loc":{"start":{"line":26,"column":28},"end":{"line":28,"column":11}},"line":26}},"branchMap":{"0":{"loc":{"start":{"line":6,"column":6},"end":{"line":32,"column":7}},"type":"if","locations":[{"start":{"line":6,"column":6},"end":{"line":32,"column":7}},{"start":{},"end":{}}],"line":6},"1":{"loc":{"start":{"line":6,"column":10},"end":{"line":6,"column":55}},"type":"binary-expr","locations":[{"start":{"line":6,"column":10},"end":{"line":6,"column":31}},{"start":{"line":6,"column":35},"end":{"line":6,"column":55}}],"line":6},"2":{"loc":{"start":{"line":8,"column":25},"end":{"line":8,"column":61}},"type":"cond-expr","locations":[{"start":{"line":8,"column":36},"end":{"line":8,"column":47}},{"start":{"line":8,"column":50},"end":{"line":8,"column":61}}],"line":8},"3":{"loc":{"start":{"line":15,"column":10},"end":{"line":17,"column":11}},"type":"if","locations":[{"start":{"line":15,"column":10},"end":{"line":17,"column":11}},{"start":{},"end":{}}],"line":15},"4":{"loc":{"start":{"line":15,"column":14},"end":{"line":15,"column":82}},"type":"binary-expr","locations":[{"start":{"line":15,"column":14},"end":{"line":15,"column":22}},{"start":{"line":15,"column":26},"end":{"line":15,"column":58}},{"start":{"line":15,"column":62},"end":{"line":15,"column":82}}],"line":15},"5":{"loc":{"start":{"line":18,"column":10},"end":{"line":20,"column":11}},"type":"if","locations":[{"start":{"line":18,"column":10},"end":{"line":20,"column":11}},{"start":{},"end":{}}],"line":18},"6":{"loc":{"start":{"line":18,"column":14},"end":{"line":18,"column":62}},"type":"binary-expr","locations":[{"start":{"line":18,"column":14},"end":{"line":18,"column":24}},{"start":{"line":18,"column":28},"end":{"line":18,"column":62}}],"line":18}},"s":{"0":11,"1":11,"2":122,"3":46,"4":46,"5":37,"6":37,"7":37,"8":37,"9":33,"10":36,"11":9,"12":36,"13":1,"14":1,"15":46,"16":11},"f":{"0":122,"1":46,"2":46,"3":1},"b":{"0":[37,9],"1":[46,46],"2":[21,16],"3":[33,3],"4":[37,33,33],"5":[9,27],"6":[36,36]},"_coverageSchema":"1a1c01bbd47fc00a2c39e90264f33305004495a9","hash":"efc99af5b0661abe3dba5a28d1b44cde4aa7aaa5"}
,"D:\\University\\BackEnd_Dev\\FinTrackAPI\\src\\api\\middlewares\\auth.middleware.js": {"path":"D:\\University\\BackEnd_Dev\\FinTrackAPI\\src\\api\\middlewares\\auth.middleware.js","statementMap":{"0":{"start":{"line":1,"column":17},"end":{"line":1,"column":55}},"1":{"start":{"line":2,"column":20},"end":{"line":2,"column":62}},"2":{"start":{"line":4,"column":0},"end":{"line":21,"column":2}},"3":{"start":{"line":5,"column":2},"end":{"line":20,"column":3}},"4":{"start":{"line":6,"column":24},"end":{"line":6,"column":47}},"5":{"start":{"line":7,"column":4},"end":{"line":9,"column":5}},"6":{"start":{"line":8,"column":6},"end":{"line":8,"column":43}},"7":{"start":{"line":11,"column":21},"end":{"line":11,"column":65}},"8":{"start":{"line":12,"column":4},"end":{"line":14,"column":5}},"9":{"start":{"line":13,"column":6},"end":{"line":13,"column":43}},"10":{"start":{"line":16,"column":4},"end":{"line":16,"column":24}},"11":{"start":{"line":17,"column":4},"end":{"line":17,"column":11}},"12":{"start":{"line":19,"column":4},"end":{"line":19,"column":41}}},"fnMap":{"0":{"name":"(anonymous_0)","decl":{"start":{"line":4,"column":17},"end":{"line":4,"column":18}},"loc":{"start":{"line":4,"column":43},"end":{"line":21,"column":1}},"line":4}},"branchMap":{"0":{"loc":{"start":{"line":7,"column":4},"end":{"line":9,"column":5}},"type":"if","locations":[{"start":{"line":7,"column":4},"end":{"line":9,"column":5}},{"start":{},"end":{}}],"line":7},"1":{"loc":{"start":{"line":12,"column":4},"end":{"line":14,"column":5}},"type":"if","locations":[{"start":{"line":12,"column":4},"end":{"line":14,"column":5}},{"start":{},"end":{}}],"line":12}},"s":{"0":11,"1":11,"2":11,"3":50,"4":50,"5":50,"6":1,"7":49,"8":48,"9":1,"10":47,"11":47,"12":1},"f":{"0":50},"b":{"0":[1,49],"1":[1,47]},"_coverageSchema":"1a1c01bbd47fc00a2c39e90264f33305004495a9","hash":"4535d089f9f1d434647641239889b2d2137f0b6f"}
,"D:\\University\\BackEnd_Dev\\FinTrackAPI\\src\\api\\middlewares\\error.middleware.js": {"path":"D:\\University\\BackEnd_Dev\\FinTrackAPI\\src\\api\\middlewares\\error.middleware.js","statementMap":{"0":{"start":{"line":1,"column":17},"end":{"line":1,"column":55}},"1":{"start":{"line":3,"column":0},"end":{"line":67,"column":2}},"2":{"start":{"line":9,"column":2},"end":{"line":14,"column":3}},"3":{"start":{"line":10,"column":4},"end":{"line":13,"column":7}},"4":{"start":{"line":16,"column":2},"end":{"line":41,"column":3}},"5":{"start":{"line":17,"column":4},"end":{"line":40,"column":5}},"6":{"start":{"line":19,"column":28},"end":{"line":19,"column":75}},"7":{"start":{"line":20,"column":8},"end":{"line":23,"column":11}},"8":{"start":{"line":26,"column":8},"end":{"line":29,"column":11}},"9":{"start":{"line":31,"column":8},"end":{"line":34,"column":11}},"10":{"start":{"line":36,"column":8},"end":{"line":39,"column":11}},"11":{"start":{"line":43,"column":2},"end":{"line":48,"column":3}},"12":{"start":{"line":44,"column":4},"end":{"line":47,"column":7}},"13":{"start":{"line":50,"column":2},"end":{"line":60,"column":3}},"14":{"start":{"line":56,"column":4},"end":{"line":59,"column":7}},"15":{"start":{"line":62,"column":2},"end":{"line":66,"column":5}}},"fnMap":{"0":{"name":"(anonymous_0)","decl":{"start":{"line":3,"column":17},"end":{"line":3,"column":18}},"loc":{"start":{"line":3,"column":43},"end":{"line":67,"column":1}},"line":3}},"branchMap":{"0":{"loc":{"start":{"line":9,"column":2},"end":{"line":14,"column":3}},"type":"if","locations":[{"start":{"line":9,"column":2},"end":{"line":14,"column":3}},{"start":{},"end":{}}],"line":9},"1":{"loc":{"start":{"line":16,"column":2},"end":{"line":41,"column":3}},"type":"if","locations":[{"start":{"line":16,"column":2},"end":{"line":41,"column":3}},{"start":{},"end":{}}],"line":16},"2":{"loc":{"start":{"line":16,"column":6},"end":{"line":16,"column":42}},"type":"binary-expr","locations":[{"start":{"line":16,"column":6},"end":{"line":16,"column":14}},{"start":{"line":16,"column":18},"end":{"line":16,"column":42}}],"line":16},"3":{"loc":{"start":{"line":17,"column":4},"end":{"line":40,"column":5}},"type":"switch","locations":[{"start":{"line":18,"column":6},"end":{"line":24,"column":7}},{"start":{"line":25,"column":6},"end":{"line":29,"column":11}},{"start":{"line":30,"column":6},"end":{"line":34,"column":11}},{"start":{"line":35,"column":6},"end":{"line":39,"column":11}}],"line":17},"4":{"loc":{"start":{"line":19,"column":28},"end":{"line":19,"column":75}},"type":"cond-expr","locations":[{"start":{"line":19,"column":47},"end":{"line":19,"column":70}},{"start":{"line":19,"column":73},"end":{"line":19,"column":75}}],"line":19},"5":{"loc":{"start":{"line":43,"column":2},"end":{"line":48,"column":3}},"type":"if","locations":[{"start":{"line":43,"column":2},"end":{"line":48,"column":3}},{"start":{},"end":{}}],"line":43},"6":{"loc":{"start":{"line":43,"column":6},"end":{"line":43,"column":71}},"type":"binary-expr","locations":[{"start":{"line":43,"column":6},"end":{"line":43,"column":32}},{"start":{"line":43,"column":36},"end":{"line":43,"column":54}},{"start":{"line":43,"column":58},"end":{"line":43,"column":71}}],"line":43},"7":{"loc":{"start":{"line":50,"column":2},"end":{"line":60,"column":3}},"type":"if","locations":[{"start":{"line":50,"column":2},"end":{"line":60,"column":3}},{"start":{},"end":{}}],"line":50},"8":{"loc":{"start":{"line":51,"column":4},"end":{"line":54,"column":40}},"type":"binary-expr","locations":[{"start":{"line":51,"column":4},"end":{"line":51,"column":34}},{"start":{"line":52,"column":4},"end":{"line":52,"column":46}},{"start":{"line":53,"column":4},"end":{"line":53,"column":36}},{"start":{"line":54,"column":4},"end":{"line":54,"column":40}}],"line":51},"9":{"loc":{"start":{"line":65,"column":11},"end":{"line":65,"column":75}},"type":"cond-expr","locations":[{"start":{"line":65,"column":52},"end":{"line":65,"column":63}},{"start":{"line":65,"column":66},"end":{"line":65,"column":75}}],"line":65}},"s":{"0":11,"1":11,"2":34,"3":22,"4":12,"5":5,"6":2,"7":2,"8":1,"9":1,"10":1,"11":7,"12":1,"13":6,"14":4,"15":2},"f":{"0":34},"b":{"0":[22,12],"1":[5,7],"2":[12,5],"3":[2,1,1,1],"4":[1,1],"5":[1,6],"6":[7,1,1],"7":[4,2],"8":[6,5,4,3],"9":[1,1]},"_coverageSchema":"1a1c01bbd47fc00a2c39e90264f33305004495a9","hash":"5e761e94717f17f76ae8d8acbd5d522326ee860b"}
,"D:\\University\\BackEnd_Dev\\FinTrackAPI\\src\\api\\middlewares\\validate.middleware.js": {"path":"D:\\University\\BackEnd_Dev\\FinTrackAPI\\src\\api\\middlewares\\validate.middleware.js","statementMap":{"0":{"start":{"line":1,"column":12},"end":{"line":1,"column":26}},"1":{"start":{"line":2,"column":17},"end":{"line":2,"column":55}},"2":{"start":{"line":4,"column":17},"end":{"line":27,"column":1}},"3":{"start":{"line":4,"column":29},"end":{"line":27,"column":1}},"4":{"start":{"line":5,"column":22},"end":{"line":5,"column":41}},"5":{"start":{"line":6,"column":17},"end":{"line":6,"column":19}},"6":{"start":{"line":8,"column":2},"end":{"line":8,"column":48}},"7":{"start":{"line":8,"column":21},"end":{"line":8,"column":48}},"8":{"start":{"line":9,"column":2},"end":{"line":9,"column":45}},"9":{"start":{"line":9,"column":20},"end":{"line":9,"column":45}},"10":{"start":{"line":10,"column":2},"end":{"line":10,"column":42}},"11":{"start":{"line":10,"column":19},"end":{"line":10,"column":42}},"12":{"start":{"line":12,"column":27},"end":{"line":12,"column":98}},"13":{"start":{"line":14,"column":2},"end":{"line":20,"column":3}},"14":{"start":{"line":15,"column":25},"end":{"line":17,"column":17}},"15":{"start":{"line":16,"column":24},"end":{"line":16,"column":60}},"16":{"start":{"line":19,"column":4},"end":{"line":19,"column":75}},"17":{"start":{"line":22,"column":2},"end":{"line":22,"column":46}},"18":{"start":{"line":22,"column":20},"end":{"line":22,"column":46}},"19":{"start":{"line":23,"column":2},"end":{"line":23,"column":43}},"20":{"start":{"line":23,"column":19},"end":{"line":23,"column":43}},"21":{"start":{"line":24,"column":2},"end":{"line":24,"column":40}},"22":{"start":{"line":24,"column":18},"end":{"line":24,"column":40}},"23":{"start":{"line":26,"column":2},"end":{"line":26,"column":16}},"24":{"start":{"line":29,"column":0},"end":{"line":29,"column":26}}},"fnMap":{"0":{"name":"(anonymous_0)","decl":{"start":{"line":4,"column":17},"end":{"line":4,"column":18}},"loc":{"start":{"line":4,"column":29},"end":{"line":27,"column":1}},"line":4},"1":{"name":"(anonymous_1)","decl":{"start":{"line":4,"column":29},"end":{"line":4,"column":30}},"loc":{"start":{"line":4,"column":49},"end":{"line":27,"column":1}},"line":4},"2":{"name":"(anonymous_2)","decl":{"start":{"line":16,"column":11},"end":{"line":16,"column":12}},"loc":{"start":{"line":16,"column":24},"end":{"line":16,"column":60}},"line":16}},"branchMap":{"0":{"loc":{"start":{"line":8,"column":2},"end":{"line":8,"column":48}},"type":"if","locations":[{"start":{"line":8,"column":2},"end":{"line":8,"column":48}},{"start":{},"end":{}}],"line":8},"1":{"loc":{"start":{"line":9,"column":2},"end":{"line":9,"column":45}},"type":"if","locations":[{"start":{"line":9,"column":2},"end":{"line":9,"column":45}},{"start":{},"end":{}}],"line":9},"2":{"loc":{"start":{"line":10,"column":2},"end":{"line":10,"column":42}},"type":"if","locations":[{"start":{"line":10,"column":2},"end":{"line":10,"column":42}},{"start":{},"end":{}}],"line":10},"3":{"loc":{"start":{"line":14,"column":2},"end":{"line":20,"column":3}},"type":"if","locations":[{"start":{"line":14,"column":2},"end":{"line":20,"column":3}},{"start":{},"end":{}}],"line":14},"4":{"loc":{"start":{"line":22,"column":2},"end":{"line":22,"column":46}},"type":"if","locations":[{"start":{"line":22,"column":2},"end":{"line":22,"column":46}},{"start":{},"end":{}}],"line":22},"5":{"loc":{"start":{"line":23,"column":2},"end":{"line":23,"column":43}},"type":"if","locations":[{"start":{"line":23,"column":2},"end":{"line":23,"column":43}},{"start":{},"end":{}}],"line":23},"6":{"loc":{"start":{"line":24,"column":2},"end":{"line":24,"column":40}},"type":"if","locations":[{"start":{"line":24,"column":2},"end":{"line":24,"column":40}},{"start":{},"end":{}}],"line":24}},"s":{"0":10,"1":10,"2":10,"3":230,"4":65,"5":65,"6":65,"7":14,"8":65,"9":11,"10":65,"11":46,"12":65,"13":65,"14":6,"15":7,"16":6,"17":59,"18":14,"19":59,"20":10,"21":59,"22":41,"23":59,"24":10},"f":{"0":230,"1":65,"2":7},"b":{"0":[14,51],"1":[11,54],"2":[46,19],"3":[6,59],"4":[14,45],"5":[10,49],"6":[41,18]},"_coverageSchema":"1a1c01bbd47fc00a2c39e90264f33305004495a9","hash":"5dde1c2191396e0ee32b911b0c51c2549833188c"}
,"D:\\University\\BackEnd_Dev\\FinTrackAPI\\src\\models\\nosql\\AuditLog.js": {"path":"D:\\University\\BackEnd_Dev\\FinTrackAPI\\src\\models\\nosql\\AuditLog.js","statementMap":{"0":{"start":{"line":1,"column":17},"end":{"line":1,"column":36}},"1":{"start":{"line":3,"column":23},"end":{"line":20,"column":1}},"2":{"start":{"line":14,"column":8},"end":{"line":14,"column":25}},"3":{"start":{"line":15,"column":8},"end":{"line":15,"column":23}},"4":{"start":{"line":16,"column":8},"end":{"line":16,"column":19}},"5":{"start":{"line":22,"column":0},"end":{"line":22,"column":51}},"6":{"start":{"line":24,"column":0},"end":{"line":24,"column":60}}},"fnMap":{"0":{"name":"(anonymous_0)","decl":{"start":{"line":13,"column":17},"end":{"line":13,"column":18}},"loc":{"start":{"line":13,"column":31},"end":{"line":17,"column":7}},"line":13}},"branchMap":{},"s":{"0":13,"1":13,"2":1,"3":1,"4":1,"5":13,"6":13},"f":{"0":1},"b":{},"_coverageSchema":"1a1c01bbd47fc00a2c39e90264f33305004495a9","hash":"85e7047ac5735bea4de9aabba57bc387370f1305"}
,"D:\\University\\BackEnd_Dev\\FinTrackAPI\\src\\models\\nosql\\UserSetting.js": {"path":"D:\\University\\BackEnd_Dev\\FinTrackAPI\\src\\models\\nosql\\UserSetting.js","statementMap":{"0":{"start":{"line":1,"column":17},"end":{"line":1,"column":36}},"1":{"start":{"line":3,"column":26},"end":{"line":19,"column":1}},"2":{"start":{"line":13,"column":8},"end":{"line":13,"column":25}},"3":{"start":{"line":14,"column":8},"end":{"line":14,"column":23}},"4":{"start":{"line":15,"column":8},"end":{"line":15,"column":19}},"5":{"start":{"line":21,"column":0},"end":{"line":21,"column":66}}},"fnMap":{"0":{"name":"(anonymous_0)","decl":{"start":{"line":12,"column":17},"end":{"line":12,"column":18}},"loc":{"start":{"line":12,"column":31},"end":{"line":16,"column":7}},"line":12}},"branchMap":{},"s":{"0":12,"1":12,"2":2,"3":2,"4":2,"5":12},"f":{"0":2},"b":{},"_coverageSchema":"1a1c01bbd47fc00a2c39e90264f33305004495a9","hash":"055ceba7c0a44dd53024cc0057144319316c1526"}
,"D:\\University\\BackEnd_Dev\\FinTrackAPI\\src\\modules\\auth\\auth.controller.js": {"path":"D:\\University\\BackEnd_Dev\\FinTrackAPI\\src\\modules\\auth\\auth.controller.js","statementMap":{"0":{"start":{"line":1,"column":20},"end":{"line":1,"column":45}},"1":{"start":{"line":2,"column":19},"end":{"line":2,"column":59}},"2":{"start":{"line":3,"column":17},"end":{"line":3,"column":55}},"3":{"start":{"line":4,"column":28},"end":{"line":4,"column":71}},"4":{"start":{"line":7,"column":13},"end":{"line":20,"column":4}},"5":{"start":{"line":8,"column":36},"end":{"line":8,"column":44}},"6":{"start":{"line":10,"column":4},"end":{"line":10,"column":39}},"7":{"start":{"line":11,"column":4},"end":{"line":11,"column":31}},"8":{"start":{"line":13,"column":21},"end":{"line":13,"column":70}},"9":{"start":{"line":14,"column":4},"end":{"line":14,"column":40}},"10":{"start":{"line":16,"column":4},"end":{"line":19,"column":7}},"11":{"start":{"line":22,"column":10},"end":{"line":31,"column":4}},"12":{"start":{"line":23,"column":32},"end":{"line":23,"column":40}},"13":{"start":{"line":24,"column":21},"end":{"line":24,"column":61}},"14":{"start":{"line":25,"column":4},"end":{"line":25,"column":40}},"15":{"start":{"line":27,"column":4},"end":{"line":30,"column":7}},"16":{"start":{"line":33,"column":11},"end":{"line":37,"column":4}},"17":{"start":{"line":34,"column":4},"end":{"line":34,"column":36}},"18":{"start":{"line":35,"column":4},"end":{"line":35,"column":35}},"19":{"start":{"line":36,"column":4},"end":{"line":36,"column":72}},"20":{"start":{"line":39,"column":12},"end":{"line":52,"column":4}},"21":{"start":{"line":40,"column":29},"end":{"line":40,"column":40}},"22":{"start":{"line":41,"column":4},"end":{"line":43,"column":5}},"23":{"start":{"line":42,"column":6},"end":{"line":42,"column":62}},"24":{"start":{"line":45,"column":21},"end":{"line":45,"column":60}},"25":{"start":{"line":46,"column":4},"end":{"line":46,"column":40}},"26":{"start":{"line":48,"column":4},"end":{"line":51,"column":7}},"27":{"start":{"line":54,"column":7},"end":{"line":57,"column":4}},"28":{"start":{"line":55,"column":21},"end":{"line":55,"column":63}},"29":{"start":{"line":56,"column":4},"end":{"line":56,"column":30}},"30":{"start":{"line":60,"column":4},"end":{"line":63,"column":7}},"31":{"start":{"line":64,"column":4},"end":{"line":67,"column":7}},"32":{"start":{"line":71,"column":0},"end":{"line":71,"column":38}}},"fnMap":{"0":{"name":"(anonymous_0)","decl":{"start":{"line":7,"column":24},"end":{"line":7,"column":25}},"loc":{"start":{"line":7,"column":51},"end":{"line":20,"column":3}},"line":7},"1":{"name":"(anonymous_1)","decl":{"start":{"line":22,"column":21},"end":{"line":22,"column":22}},"loc":{"start":{"line":22,"column":48},"end":{"line":31,"column":3}},"line":22},"2":{"name":"(anonymous_2)","decl":{"start":{"line":33,"column":22},"end":{"line":33,"column":23}},"loc":{"start":{"line":33,"column":49},"end":{"line":37,"column":3}},"line":33},"3":{"name":"(anonymous_3)","decl":{"start":{"line":39,"column":23},"end":{"line":39,"column":24}},"loc":{"start":{"line":39,"column":50},"end":{"line":52,"column":3}},"line":39},"4":{"name":"(anonymous_4)","decl":{"start":{"line":54,"column":18},"end":{"line":54,"column":19}},"loc":{"start":{"line":54,"column":45},"end":{"line":57,"column":3}},"line":54},"5":{"name":"(anonymous_5)","decl":{"start":{"line":59,"column":2},"end":{"line":59,"column":3}},"loc":{"start":{"line":59,"column":33},"end":{"line":68,"column":3}},"line":59}},"branchMap":{"0":{"loc":{"start":{"line":41,"column":4},"end":{"line":43,"column":5}},"type":"if","locations":[{"start":{"line":41,"column":4},"end":{"line":43,"column":5}},{"start":{},"end":{}}],"line":41}},"s":{"0":10,"1":10,"2":10,"3":10,"4":10,"5":15,"6":15,"7":15,"8":12,"9":11,"10":11,"11":10,"12":6,"13":6,"14":4,"15":4,"16":10,"17":1,"18":1,"19":1,"20":10,"21":3,"22":3,"23":1,"24":2,"25":1,"26":1,"27":10,"28":1,"29":1,"30":16,"31":16,"32":10},"f":{"0":15,"1":6,"2":1,"3":3,"4":1,"5":16},"b":{"0":[1,2]},"_coverageSchema":"1a1c01bbd47fc00a2c39e90264f33305004495a9","hash":"4dcd1f0a543f05f41b9662490db513c27eb5160d"}
,"D:\\University\\BackEnd_Dev\\FinTrackAPI\\src\\modules\\auth\\auth.repository.js": {"path":"D:\\University\\BackEnd_Dev\\FinTrackAPI\\src\\modules\\auth\\auth.repository.js","statementMap":{"0":{"start":{"line":1,"column":15},"end":{"line":1,"column":54}},"1":{"start":{"line":5,"column":4},"end":{"line":5,"column":62}},"2":{"start":{"line":9,"column":4},"end":{"line":9,"column":59}},"3":{"start":{"line":13,"column":4},"end":{"line":15,"column":7}},"4":{"start":{"line":19,"column":0},"end":{"line":19,"column":38}}},"fnMap":{"0":{"name":"(anonymous_0)","decl":{"start":{"line":4,"column":2},"end":{"line":4,"column":3}},"loc":{"start":{"line":4,"column":27},"end":{"line":6,"column":3}},"line":4},"1":{"name":"(anonymous_1)","decl":{"start":{"line":8,"column":2},"end":{"line":8,"column":3}},"loc":{"start":{"line":8,"column":21},"end":{"line":10,"column":3}},"line":8},"2":{"name":"(anonymous_2)","decl":{"start":{"line":12,"column":2},"end":{"line":12,"column":3}},"loc":{"start":{"line":12,"column":42},"end":{"line":16,"column":3}},"line":12}},"branchMap":{},"s":{"0":13,"1":18,"2":6,"3":11,"4":13},"f":{"0":18,"1":6,"2":11},"b":{},"_coverageSchema":"1a1c01bbd47fc00a2c39e90264f33305004495a9","hash":"9923e8fb4ea8c1946817a036f133990d3810d782"}
,"D:\\University\\BackEnd_Dev\\FinTrackAPI\\src\\modules\\auth\\auth.routes.js": {"path":"D:\\University\\BackEnd_Dev\\FinTrackAPI\\src\\modules\\auth\\auth.routes.js","statementMap":{"0":{"start":{"line":1,"column":16},"end":{"line":1,"column":34}},"1":{"start":{"line":2,"column":15},"end":{"line":2,"column":31}},"2":{"start":{"line":3,"column":23},"end":{"line":3,"column":51}},"3":{"start":{"line":4,"column":23},"end":{"line":4,"column":71}},"4":{"start":{"line":5,"column":17},"end":{"line":5,"column":66}},"5":{"start":{"line":7,"column":17},"end":{"line":7,"column":69}},"6":{"start":{"line":8,"column":28},"end":{"line":8,"column":79}},"7":{"start":{"line":10,"column":0},"end":{"line":10,"column":92}},"8":{"start":{"line":11,"column":0},"end":{"line":11,"column":80}},"9":{"start":{"line":13,"column":0},"end":{"line":13,"column":48}},"10":{"start":{"line":14,"column":0},"end":{"line":14,"column":46}},"11":{"start":{"line":15,"column":0},"end":{"line":15,"column":53}},"12":{"start":{"line":17,"column":0},"end":{"line":17,"column":24}}},"fnMap":{},"branchMap":{},"s":{"0":10,"1":10,"2":10,"3":10,"4":10,"5":10,"6":10,"7":10,"8":10,"9":10,"10":10,"11":10,"12":10},"f":{},"b":{},"_coverageSchema":"1a1c01bbd47fc00a2c39e90264f33305004495a9","hash":"7e8e71e30e739b3362ede1eb0324d568dbb672b1"}
,"D:\\University\\BackEnd_Dev\\FinTrackAPI\\src\\modules\\auth\\auth.service.js": {"path":"D:\\University\\BackEnd_Dev\\FinTrackAPI\\src\\modules\\auth\\auth.service.js","statementMap":{"0":{"start":{"line":1,"column":23},"end":{"line":1,"column":51}},"1":{"start":{"line":2,"column":15},"end":{"line":2,"column":34}},"2":{"start":{"line":3,"column":12},"end":{"line":3,"column":35}},"3":{"start":{"line":4,"column":17},"end":{"line":4,"column":55}},"4":{"start":{"line":8,"column":28},"end":{"line":8,"column":54}},"5":{"start":{"line":9,"column":22},"end":{"line":9,"column":71}},"6":{"start":{"line":10,"column":4},"end":{"line":12,"column":5}},"7":{"start":{"line":11,"column":6},"end":{"line":11,"column":92}},"8":{"start":{"line":14,"column":25},"end":{"line":14,"column":56}},"9":{"start":{"line":15,"column":17},"end":{"line":15,"column":85}},"10":{"start":{"line":17,"column":19},"end":{"line":17,"column":74}},"11":{"start":{"line":18,"column":4},"end":{"line":21,"column":6}},"12":{"start":{"line":25,"column":28},"end":{"line":25,"column":54}},"13":{"start":{"line":26,"column":17},"end":{"line":26,"column":66}},"14":{"start":{"line":27,"column":4},"end":{"line":29,"column":5}},"15":{"start":{"line":28,"column":6},"end":{"line":28,"column":93}},"16":{"start":{"line":31,"column":25},"end":{"line":31,"column":70}},"17":{"start":{"line":32,"column":4},"end":{"line":34,"column":5}},"18":{"start":{"line":33,"column":6},"end":{"line":33,"column":93}},"19":{"start":{"line":36,"column":19},"end":{"line":36,"column":74}},"20":{"start":{"line":37,"column":4},"end":{"line":40,"column":6}},"21":{"start":{"line":44,"column":4},"end":{"line":46,"column":5}},"22":{"start":{"line":45,"column":6},"end":{"line":45,"column":69}},"23":{"start":{"line":48,"column":21},"end":{"line":48,"column":60}},"24":{"start":{"line":49,"column":4},"end":{"line":51,"column":5}},"25":{"start":{"line":50,"column":6},"end":{"line":50,"column":66}},"26":{"start":{"line":53,"column":17},"end":{"line":53,"column":59}},"27":{"start":{"line":54,"column":4},"end":{"line":56,"column":5}},"28":{"start":{"line":55,"column":6},"end":{"line":55,"column":61}},"29":{"start":{"line":58,"column":19},"end":{"line":58,"column":74}},"30":{"start":{"line":59,"column":4},"end":{"line":62,"column":6}},"31":{"start":{"line":66,"column":17},"end":{"line":66,"column":54}},"32":{"start":{"line":67,"column":4},"end":{"line":69,"column":5}},"33":{"start":{"line":68,"column":6},"end":{"line":68,"column":65}},"34":{"start":{"line":70,"column":4},"end":{"line":70,"column":63}},"35":{"start":{"line":74,"column":24},"end":{"line":76,"column":6}},"36":{"start":{"line":77,"column":25},"end":{"line":79,"column":6}},"37":{"start":{"line":80,"column":4},"end":{"line":80,"column":41}},"38":{"start":{"line":84,"column":4},"end":{"line":88,"column":5}},"39":{"start":{"line":85,"column":6},"end":{"line":85,"column":81}},"40":{"start":{"line":87,"column":6},"end":{"line":87,"column":18}},"41":{"start":{"line":92,"column":4},"end":{"line":96,"column":5}},"42":{"start":{"line":93,"column":6},"end":{"line":93,"column":83}},"43":{"start":{"line":95,"column":6},"end":{"line":95,"column":18}},"44":{"start":{"line":100,"column":0},"end":{"line":100,"column":35}}},"fnMap":{"0":{"name":"(anonymous_0)","decl":{"start":{"line":7,"column":2},"end":{"line":7,"column":3}},"loc":{"start":{"line":7,"column":40},"end":{"line":22,"column":3}},"line":7},"1":{"name":"(anonymous_1)","decl":{"start":{"line":24,"column":2},"end":{"line":24,"column":3}},"loc":{"start":{"line":24,"column":31},"end":{"line":41,"column":3}},"line":24},"2":{"name":"(anonymous_2)","decl":{"start":{"line":43,"column":2},"end":{"line":43,"column":3}},"loc":{"start":{"line":43,"column":30},"end":{"line":63,"column":3}},"line":43},"3":{"name":"(anonymous_3)","decl":{"start":{"line":65,"column":2},"end":{"line":65,"column":3}},"loc":{"start":{"line":65,"column":28},"end":{"line":71,"column":3}},"line":65},"4":{"name":"(anonymous_4)","decl":{"start":{"line":73,"column":2},"end":{"line":73,"column":3}},"loc":{"start":{"line":73,"column":26},"end":{"line":81,"column":3}},"line":73},"5":{"name":"(anonymous_5)","decl":{"start":{"line":83,"column":2},"end":{"line":83,"column":3}},"loc":{"start":{"line":83,"column":29},"end":{"line":89,"column":3}},"line":83},"6":{"name":"(anonymous_6)","decl":{"start":{"line":91,"column":2},"end":{"line":91,"column":3}},"loc":{"start":{"line":91,"column":30},"end":{"line":97,"column":3}},"line":91}},"branchMap":{"0":{"loc":{"start":{"line":10,"column":4},"end":{"line":12,"column":5}},"type":"if","locations":[{"start":{"line":10,"column":4},"end":{"line":12,"column":5}},{"start":{},"end":{}}],"line":10},"1":{"loc":{"start":{"line":27,"column":4},"end":{"line":29,"column":5}},"type":"if","locations":[{"start":{"line":27,"column":4},"end":{"line":29,"column":5}},{"start":{},"end":{}}],"line":27},"2":{"loc":{"start":{"line":32,"column":4},"end":{"line":34,"column":5}},"type":"if","locations":[{"start":{"line":32,"column":4},"end":{"line":34,"column":5}},{"start":{},"end":{}}],"line":32},"3":{"loc":{"start":{"line":44,"column":4},"end":{"line":46,"column":5}},"type":"if","locations":[{"start":{"line":44,"column":4},"end":{"line":46,"column":5}},{"start":{},"end":{}}],"line":44},"4":{"loc":{"start":{"line":49,"column":4},"end":{"line":51,"column":5}},"type":"if","locations":[{"start":{"line":49,"column":4},"end":{"line":51,"column":5}},{"start":{},"end":{}}],"line":49},"5":{"loc":{"start":{"line":54,"column":4},"end":{"line":56,"column":5}},"type":"if","locations":[{"start":{"line":54,"column":4},"end":{"line":56,"column":5}},{"start":{},"end":{}}],"line":54},"6":{"loc":{"start":{"line":67,"column":4},"end":{"line":69,"column":5}},"type":"if","locations":[{"start":{"line":67,"column":4},"end":{"line":69,"column":5}},{"start":{},"end":{}}],"line":67},"7":{"loc":{"start":{"line":74,"column":42},"end":{"line":74,"column":90}},"type":"binary-expr","locations":[{"start":{"line":74,"column":42},"end":{"line":74,"column":71}},{"start":{"line":74,"column":75},"end":{"line":74,"column":90}}],"line":74},"8":{"loc":{"start":{"line":77,"column":43},"end":{"line":77,"column":93}},"type":"binary-expr","locations":[{"start":{"line":77,"column":43},"end":{"line":77,"column":73}},{"start":{"line":77,"column":77},"end":{"line":77,"column":93}}],"line":77},"9":{"loc":{"start":{"line":85,"column":31},"end":{"line":85,"column":79}},"type":"binary-expr","locations":[{"start":{"line":85,"column":31},"end":{"line":85,"column":60}},{"start":{"line":85,"column":64},"end":{"line":85,"column":79}}],"line":85},"10":{"loc":{"start":{"line":93,"column":31},"end":{"line":93,"column":81}},"type":"binary-expr","locations":[{"start":{"line":93,"column":31},"end":{"line":93,"column":61}},{"start":{"line":93,"column":65},"end":{"line":93,"column":81}}],"line":93}},"s":{"0":12,"1":12,"2":12,"3":12,"4":12,"5":12,"6":12,"7":1,"8":11,"9":11,"10":11,"11":11,"12":6,"13":6,"14":6,"15":1,"16":5,"17":5,"18":1,"19":4,"20":4,"21":4,"22":1,"23":3,"24":3,"25":1,"26":2,"27":2,"28":1,"29":1,"30":1,"31":3,"32":2,"33":1,"34":1,"35":17,"36":17,"37":17,"38":49,"39":49,"40":2,"41":3,"42":3,"43":1,"44":12},"f":{"0":12,"1":6,"2":4,"3":3,"4":17,"5":49,"6":3},"b":{"0":[1,11],"1":[1,5],"2":[1,4],"3":[1,3],"4":[1,2],"5":[1,1],"6":[1,1],"7":[17,17],"8":[17,17],"9":[49,49],"10":[3,3]},"_coverageSchema":"1a1c01bbd47fc00a2c39e90264f33305004495a9","hash":"17a3e505bff203adad15af87c740969fa4723cc1"}
,"D:\\University\\BackEnd_Dev\\FinTrackAPI\\src\\modules\\budgets\\budget.controller.js": {"path":"D:\\University\\BackEnd_Dev\\FinTrackAPI\\src\\modules\\budgets\\budget.controller.js","statementMap":{"0":{"start":{"line":1,"column":22},"end":{"line":1,"column":49}},"1":{"start":{"line":2,"column":19},"end":{"line":2,"column":59}},"2":{"start":{"line":5,"column":20},"end":{"line":9,"column":4}},"3":{"start":{"line":6,"column":19},"end":{"line":6,"column":30}},"4":{"start":{"line":7,"column":19},"end":{"line":7,"column":77}},"5":{"start":{"line":8,"column":4},"end":{"line":8,"column":28}},"6":{"start":{"line":11,"column":11},"end":{"line":16,"column":4}},"7":{"start":{"line":12,"column":19},"end":{"line":12,"column":30}},"8":{"start":{"line":13,"column":28},"end":{"line":13,"column":36}},"9":{"start":{"line":14,"column":19},"end":{"line":14,"column":81}},"10":{"start":{"line":15,"column":4},"end":{"line":15,"column":40}},"11":{"start":{"line":18,"column":11},"end":{"line":23,"column":4}},"12":{"start":{"line":19,"column":19},"end":{"line":19,"column":30}},"13":{"start":{"line":20,"column":28},"end":{"line":20,"column":36}},"14":{"start":{"line":21,"column":20},"end":{"line":21,"column":92}},"15":{"start":{"line":22,"column":4},"end":{"line":22,"column":29}},"16":{"start":{"line":25,"column":11},"end":{"line":29,"column":4}},"17":{"start":{"line":26,"column":19},"end":{"line":26,"column":30}},"18":{"start":{"line":27,"column":19},"end":{"line":27,"column":78}},"19":{"start":{"line":28,"column":4},"end":{"line":28,"column":28}},"20":{"start":{"line":32,"column":0},"end":{"line":32,"column":40}}},"fnMap":{"0":{"name":"(anonymous_0)","decl":{"start":{"line":5,"column":31},"end":{"line":5,"column":32}},"loc":{"start":{"line":5,"column":58},"end":{"line":9,"column":3}},"line":5},"1":{"name":"(anonymous_1)","decl":{"start":{"line":11,"column":22},"end":{"line":11,"column":23}},"loc":{"start":{"line":11,"column":49},"end":{"line":16,"column":3}},"line":11},"2":{"name":"(anonymous_2)","decl":{"start":{"line":18,"column":22},"end":{"line":18,"column":23}},"loc":{"start":{"line":18,"column":49},"end":{"line":23,"column":3}},"line":18},"3":{"name":"(anonymous_3)","decl":{"start":{"line":25,"column":22},"end":{"line":25,"column":23}},"loc":{"start":{"line":25,"column":49},"end":{"line":29,"column":3}},"line":25}},"branchMap":{},"s":{"0":10,"1":10,"2":10,"3":1,"4":1,"5":1,"6":10,"7":3,"8":3,"9":3,"10":2,"11":10,"12":1,"13":1,"14":1,"15":1,"16":10,"17":1,"18":1,"19":1,"20":10},"f":{"0":1,"1":3,"2":1,"3":1},"b":{},"_coverageSchema":"1a1c01bbd47fc00a2c39e90264f33305004495a9","hash":"58a648468a8968594d922c296dd671646b7fa83a"}
,"D:\\University\\BackEnd_Dev\\FinTrackAPI\\src\\modules\\budgets\\budget.repository.js": {"path":"D:\\University\\BackEnd_Dev\\FinTrackAPI\\src\\modules\\budgets\\budget.repository.js","statementMap":{"0":{"start":{"line":1,"column":15},"end":{"line":1,"column":54}},"1":{"start":{"line":5,"column":4},"end":{"line":11,"column":7}},"2":{"start":{"line":15,"column":4},"end":{"line":17,"column":7}},"3":{"start":{"line":21,"column":4},"end":{"line":24,"column":7}},"4":{"start":{"line":28,"column":4},"end":{"line":30,"column":7}},"5":{"start":{"line":34,"column":4},"end":{"line":34,"column":48}},"6":{"start":{"line":38,"column":4},"end":{"line":41,"column":7}},"7":{"start":{"line":45,"column":4},"end":{"line":47,"column":7}},"8":{"start":{"line":51,"column":0},"end":{"line":51,"column":40}}},"fnMap":{"0":{"name":"(anonymous_0)","decl":{"start":{"line":4,"column":2},"end":{"line":4,"column":3}},"loc":{"start":{"line":4,"column":35},"end":{"line":12,"column":3}},"line":4},"1":{"name":"(anonymous_1)","decl":{"start":{"line":14,"column":2},"end":{"line":14,"column":3}},"loc":{"start":{"line":14,"column":25},"end":{"line":18,"column":3}},"line":14},"2":{"name":"(anonymous_2)","decl":{"start":{"line":20,"column":2},"end":{"line":20,"column":3}},"loc":{"start":{"line":20,"column":28},"end":{"line":25,"column":3}},"line":20},"3":{"name":"(anonymous_3)","decl":{"start":{"line":27,"column":2},"end":{"line":27,"column":3}},"loc":{"start":{"line":27,"column":44},"end":{"line":31,"column":3}},"line":27},"4":{"name":"(anonymous_4)","decl":{"start":{"line":33,"column":2},"end":{"line":33,"column":3}},"loc":{"start":{"line":33,"column":21},"end":{"line":35,"column":3}},"line":33},"5":{"name":"(anonymous_5)","decl":{"start":{"line":37,"column":2},"end":{"line":37,"column":3}},"loc":{"start":{"line":37,"column":25},"end":{"line":42,"column":3}},"line":37},"6":{"name":"(anonymous_6)","decl":{"start":{"line":44,"column":2},"end":{"line":44,"column":3}},"loc":{"start":{"line":44,"column":19},"end":{"line":48,"column":3}},"line":44}},"branchMap":{},"s":{"0":13,"1":1,"2":1,"3":1,"4":11,"5":2,"6":1,"7":2,"8":13},"f":{"0":1,"1":1,"2":1,"3":11,"4":2,"5":1,"6":2},"b":{},"_coverageSchema":"1a1c01bbd47fc00a2c39e90264f33305004495a9","hash":"602640ca9ca9069930b857d585e67a450a192789"}
,"D:\\University\\BackEnd_Dev\\FinTrackAPI\\src\\modules\\budgets\\budget.routes.js": {"path":"D:\\University\\BackEnd_Dev\\FinTrackAPI\\src\\modules\\budgets\\budget.routes.js","statementMap":{"0":{"start":{"line":1,"column":16},"end":{"line":1,"column":34}},"1":{"start":{"line":2,"column":15},"end":{"line":2,"column":31}},"2":{"start":{"line":3,"column":25},"end":{"line":3,"column":55}},"3":{"start":{"line":4,"column":17},"end":{"line":4,"column":66}},"4":{"start":{"line":5,"column":17},"end":{"line":5,"column":69}},"5":{"start":{"line":6,"column":22},"end":{"line":6,"column":75}},"6":{"start":{"line":7,"column":22},"end":{"line":7,"column":75}},"7":{"start":{"line":9,"column":0},"end":{"line":9,"column":81}},"8":{"start":{"line":10,"column":0},"end":{"line":10,"column":100}},"9":{"start":{"line":11,"column":0},"end":{"line":11,"column":99}},"10":{"start":{"line":12,"column":0},"end":{"line":17,"column":2}},"11":{"start":{"line":19,"column":0},"end":{"line":19,"column":24}}},"fnMap":{},"branchMap":{},"s":{"0":10,"1":10,"2":10,"3":10,"4":10,"5":10,"6":10,"7":10,"8":10,"9":10,"10":10,"11":10},"f":{},"b":{},"_coverageSchema":"1a1c01bbd47fc00a2c39e90264f33305004495a9","hash":"bfd322fcc70e30453bdd9d8167c4bafc36afd29b"}
,"D:\\University\\BackEnd_Dev\\FinTrackAPI\\src\\modules\\budgets\\budget.service.js": {"path":"D:\\University\\BackEnd_Dev\\FinTrackAPI\\src\\modules\\budgets\\budget.service.js","statementMap":{"0":{"start":{"line":1,"column":19},"end":{"line":1,"column":49}},"1":{"start":{"line":2,"column":17},"end":{"line":2,"column":55}},"2":{"start":{"line":6,"column":19},"end":{"line":6,"column":71}},"3":{"start":{"line":7,"column":4},"end":{"line":7,"column":79}},"4":{"start":{"line":7,"column":17},"end":{"line":7,"column":79}},"5":{"start":{"line":8,"column":4},"end":{"line":8,"column":18}},"6":{"start":{"line":12,"column":21},"end":{"line":12,"column":73}},"7":{"start":{"line":13,"column":4},"end":{"line":13,"column":89}},"8":{"start":{"line":13,"column":18},"end":{"line":13,"column":89}},"9":{"start":{"line":15,"column":4},"end":{"line":15,"column":72}},"10":{"start":{"line":19,"column":19},"end":{"line":19,"column":65}},"11":{"start":{"line":20,"column":4},"end":{"line":20,"column":63}},"12":{"start":{"line":24,"column":19},"end":{"line":24,"column":65}},"13":{"start":{"line":25,"column":4},"end":{"line":25,"column":39}},"14":{"start":{"line":26,"column":4},"end":{"line":26,"column":53}},"15":{"start":{"line":30,"column":0},"end":{"line":30,"column":37}}},"fnMap":{"0":{"name":"(anonymous_0)","decl":{"start":{"line":5,"column":2},"end":{"line":5,"column":3}},"loc":{"start":{"line":5,"column":44},"end":{"line":9,"column":3}},"line":5},"1":{"name":"(anonymous_1)","decl":{"start":{"line":11,"column":2},"end":{"line":11,"column":3}},"loc":{"start":{"line":11,"column":48},"end":{"line":16,"column":3}},"line":11},"2":{"name":"(anonymous_2)","decl":{"start":{"line":18,"column":2},"end":{"line":18,"column":3}},"loc":{"start":{"line":18,"column":58},"end":{"line":21,"column":3}},"line":18},"3":{"name":"(anonymous_3)","decl":{"start":{"line":23,"column":2},"end":{"line":23,"column":3}},"loc":{"start":{"line":23,"column":45},"end":{"line":27,"column":3}},"line":23}},"branchMap":{"0":{"loc":{"start":{"line":7,"column":4},"end":{"line":7,"column":79}},"type":"if","locations":[{"start":{"line":7,"column":4},"end":{"line":7,"column":79}},{"start":{},"end":{}}],"line":7},"1":{"loc":{"start":{"line":13,"column":4},"end":{"line":13,"column":89}},"type":"if","locations":[{"start":{"line":13,"column":4},"end":{"line":13,"column":89}},{"start":{},"end":{}}],"line":13}},"s":{"0":12,"1":12,"2":4,"3":4,"4":1,"5":3,"6":3,"7":3,"8":1,"9":2,"10":1,"11":1,"12":1,"13":1,"14":1,"15":12},"f":{"0":4,"1":3,"2":1,"3":1},"b":{"0":[1,3],"1":[1,2]},"_coverageSchema":"1a1c01bbd47fc00a2c39e90264f33305004495a9","hash":"2c8c5506ef960a56de82c277d9f7e452b4e2124d"}
,"D:\\University\\BackEnd_Dev\\FinTrackAPI\\src\\modules\\categories\\category.controller.js": {"path":"D:\\University\\BackEnd_Dev\\FinTrackAPI\\src\\modules\\categories\\category.controller.js","statementMap":{"0":{"start":{"line":1,"column":24},"end":{"line":1,"column":53}},"1":{"start":{"line":2,"column":19},"end":{"line":2,"column":59}},"2":{"start":{"line":5,"column":11},"end":{"line":10,"column":4}},"3":{"start":{"line":6,"column":19},"end":{"line":6,"column":30}},"4":{"start":{"line":7,"column":45},"end":{"line":7,"column":54}},"5":{"start":{"line":8,"column":19},"end":{"line":8,"column":76}},"6":{"start":{"line":9,"column":4},"end":{"line":9,"column":28}},"7":{"start":{"line":12,"column":12},"end":{"line":17,"column":4}},"8":{"start":{"line":13,"column":19},"end":{"line":13,"column":30}},"9":{"start":{"line":14,"column":23},"end":{"line":14,"column":36}},"10":{"start":{"line":15,"column":21},"end":{"line":15,"column":70}},"11":{"start":{"line":16,"column":4},"end":{"line":16,"column":30}},"12":{"start":{"line":19,"column":11},"end":{"line":24,"column":4}},"13":{"start":{"line":20,"column":19},"end":{"line":20,"column":30}},"14":{"start":{"line":21,"column":34},"end":{"line":21,"column":42}},"15":{"start":{"line":22,"column":21},"end":{"line":22,"column":76}},"16":{"start":{"line":23,"column":4},"end":{"line":23,"column":42}},"17":{"start":{"line":26,"column":11},"end":{"line":32,"column":4}},"18":{"start":{"line":27,"column":19},"end":{"line":27,"column":30}},"19":{"start":{"line":28,"column":23},"end":{"line":28,"column":36}},"20":{"start":{"line":29,"column":21},"end":{"line":29,"column":29}},"21":{"start":{"line":30,"column":28},"end":{"line":30,"column":82}},"22":{"start":{"line":31,"column":4},"end":{"line":31,"column":37}},"23":{"start":{"line":34,"column":11},"end":{"line":39,"column":4}},"24":{"start":{"line":35,"column":19},"end":{"line":35,"column":30}},"25":{"start":{"line":36,"column":23},"end":{"line":36,"column":36}},"26":{"start":{"line":37,"column":19},"end":{"line":37,"column":67}},"27":{"start":{"line":38,"column":4},"end":{"line":38,"column":28}},"28":{"start":{"line":42,"column":0},"end":{"line":42,"column":42}}},"fnMap":{"0":{"name":"(anonymous_0)","decl":{"start":{"line":5,"column":22},"end":{"line":5,"column":23}},"loc":{"start":{"line":5,"column":49},"end":{"line":10,"column":3}},"line":5},"1":{"name":"(anonymous_1)","decl":{"start":{"line":12,"column":23},"end":{"line":12,"column":24}},"loc":{"start":{"line":12,"column":50},"end":{"line":17,"column":3}},"line":12},"2":{"name":"(anonymous_2)","decl":{"start":{"line":19,"column":22},"end":{"line":19,"column":23}},"loc":{"start":{"line":19,"column":49},"end":{"line":24,"column":3}},"line":19},"3":{"name":"(anonymous_3)","decl":{"start":{"line":26,"column":22},"end":{"line":26,"column":23}},"loc":{"start":{"line":26,"column":49},"end":{"line":32,"column":3}},"line":26},"4":{"name":"(anonymous_4)","decl":{"start":{"line":34,"column":22},"end":{"line":34,"column":23}},"loc":{"start":{"line":34,"column":49},"end":{"line":39,"column":3}},"line":34}},"branchMap":{"0":{"loc":{"start":{"line":7,"column":12},"end":{"line":7,"column":20}},"type":"default-arg","locations":[{"start":{"line":7,"column":19},"end":{"line":7,"column":20}}],"line":7},"1":{"loc":{"start":{"line":7,"column":22},"end":{"line":7,"column":32}},"type":"default-arg","locations":[{"start":{"line":7,"column":30},"end":{"line":7,"column":32}}],"line":7}},"s":{"0":11,"1":11,"2":11,"3":1,"4":1,"5":1,"6":1,"7":11,"8":2,"9":2,"10":2,"11":1,"12":11,"13":8,"14":8,"15":8,"16":8,"17":11,"18":1,"19":1,"20":1,"21":1,"22":1,"23":11,"24":1,"25":1,"26":1,"27":1,"28":11},"f":{"0":1,"1":2,"2":8,"3":1,"4":1},"b":{"0":[1],"1":[1]},"_coverageSchema":"1a1c01bbd47fc00a2c39e90264f33305004495a9","hash":"843af27d7b535a7b063edd7e05608776743e7edd"}
,"D:\\University\\BackEnd_Dev\\FinTrackAPI\\src\\modules\\categories\\category.repository.js": {"path":"D:\\University\\BackEnd_Dev\\FinTrackAPI\\src\\modules\\categories\\category.repository.js","statementMap":{"0":{"start":{"line":1,"column":15},"end":{"line":1,"column":54}},"1":{"start":{"line":5,"column":18},"end":{"line":8,"column":5}},"2":{"start":{"line":10,"column":4},"end":{"line":15,"column":5}},"3":{"start":{"line":11,"column":6},"end":{"line":14,"column":8}},"4":{"start":{"line":17,"column":4},"end":{"line":22,"column":7}},"5":{"start":{"line":26,"column":18},"end":{"line":29,"column":5}},"6":{"start":{"line":31,"column":4},"end":{"line":36,"column":5}},"7":{"start":{"line":32,"column":6},"end":{"line":35,"column":8}},"8":{"start":{"line":38,"column":4},"end":{"line":38,"column":57}},"9":{"start":{"line":42,"column":4},"end":{"line":45,"column":7}},"10":{"start":{"line":49,"column":4},"end":{"line":49,"column":50}},"11":{"start":{"line":53,"column":4},"end":{"line":56,"column":7}},"12":{"start":{"line":60,"column":4},"end":{"line":63,"column":7}},"13":{"start":{"line":67,"column":0},"end":{"line":67,"column":42}}},"fnMap":{"0":{"name":"(anonymous_0)","decl":{"start":{"line":4,"column":2},"end":{"line":4,"column":3}},"loc":{"start":{"line":4,"column":43},"end":{"line":23,"column":3}},"line":4},"1":{"name":"(anonymous_1)","decl":{"start":{"line":25,"column":2},"end":{"line":25,"column":3}},"loc":{"start":{"line":25,"column":33},"end":{"line":39,"column":3}},"line":25},"2":{"name":"(anonymous_2)","decl":{"start":{"line":41,"column":2},"end":{"line":41,"column":3}},"loc":{"start":{"line":41,"column":28},"end":{"line":46,"column":3}},"line":41},"3":{"name":"(anonymous_3)","decl":{"start":{"line":48,"column":2},"end":{"line":48,"column":3}},"loc":{"start":{"line":48,"column":21},"end":{"line":50,"column":3}},"line":48},"4":{"name":"(anonymous_4)","decl":{"start":{"line":52,"column":2},"end":{"line":52,"column":3}},"loc":{"start":{"line":52,"column":25},"end":{"line":57,"column":3}},"line":52},"5":{"name":"(anonymous_5)","decl":{"start":{"line":59,"column":2},"end":{"line":59,"column":3}},"loc":{"start":{"line":59,"column":23},"end":{"line":64,"column":3}},"line":59}},"branchMap":{"0":{"loc":{"start":{"line":10,"column":4},"end":{"line":15,"column":5}},"type":"if","locations":[{"start":{"line":10,"column":4},"end":{"line":15,"column":5}},{"start":{},"end":{}}],"line":10},"1":{"loc":{"start":{"line":31,"column":4},"end":{"line":36,"column":5}},"type":"if","locations":[{"start":{"line":31,"column":4},"end":{"line":36,"column":5}},{"start":{},"end":{}}],"line":31}},"s":{"0":13,"1":4,"2":4,"3":1,"4":4,"5":3,"6":3,"7":1,"8":3,"9":3,"10":8,"11":1,"12":1,"13":13},"f":{"0":4,"1":3,"2":3,"3":8,"4":1,"5":1},"b":{"0":[1,3],"1":[1,2]},"_coverageSchema":"1a1c01bbd47fc00a2c39e90264f33305004495a9","hash":"92697c7569f42e03a02188beb8dd51a1968321c5"}
,"D:\\University\\BackEnd_Dev\\FinTrackAPI\\src\\modules\\categories\\category.routes.js": {"path":"D:\\University\\BackEnd_Dev\\FinTrackAPI\\src\\modules\\categories\\category.routes.js","statementMap":{"0":{"start":{"line":1,"column":16},"end":{"line":1,"column":34}},"1":{"start":{"line":2,"column":15},"end":{"line":2,"column":31}},"2":{"start":{"line":3,"column":27},"end":{"line":3,"column":59}},"3":{"start":{"line":4,"column":17},"end":{"line":4,"column":66}},"4":{"start":{"line":5,"column":17},"end":{"line":5,"column":69}},"5":{"start":{"line":6,"column":43},"end":{"line":6,"column":98}},"6":{"start":{"line":7,"column":39},"end":{"line":7,"column":92}},"7":{"start":{"line":9,"column":0},"end":{"line":9,"column":70}},"8":{"start":{"line":10,"column":0},"end":{"line":10,"column":68}},"9":{"start":{"line":11,"column":0},"end":{"line":11,"column":99}},"10":{"start":{"line":12,"column":0},"end":{"line":17,"column":2}},"11":{"start":{"line":18,"column":0},"end":{"line":18,"column":99}},"12":{"start":{"line":20,"column":0},"end":{"line":20,"column":24}}},"fnMap":{},"branchMap":{},"s":{"0":10,"1":10,"2":10,"3":10,"4":10,"5":10,"6":10,"7":10,"8":10,"9":10,"10":10,"11":10,"12":10},"f":{},"b":{},"_coverageSchema":"1a1c01bbd47fc00a2c39e90264f33305004495a9","hash":"da888dc062039787a241caa0b0894fb3f0ed716e"}
,"D:\\University\\BackEnd_Dev\\FinTrackAPI\\src\\modules\\categories\\category.service.js": {"path":"D:\\University\\BackEnd_Dev\\FinTrackAPI\\src\\modules\\categories\\category.service.js","statementMap":{"0":{"start":{"line":1,"column":21},"end":{"line":1,"column":53}},"1":{"start":{"line":2,"column":17},"end":{"line":2,"column":55}},"2":{"start":{"line":6,"column":23},"end":{"line":6,"column":46}},"3":{"start":{"line":7,"column":17},"end":{"line":7,"column":42}},"4":{"start":{"line":8,"column":17},"end":{"line":8,"column":40}},"5":{"start":{"line":10,"column":23},"end":{"line":10,"column":76}},"6":{"start":{"line":11,"column":23},"end":{"line":11,"column":66}},"7":{"start":{"line":12,"column":23},"end":{"line":12,"column":51}},"8":{"start":{"line":14,"column":4},"end":{"line":22,"column":6}},"9":{"start":{"line":26,"column":21},"end":{"line":26,"column":59}},"10":{"start":{"line":27,"column":4},"end":{"line":27,"column":65}},"11":{"start":{"line":27,"column":19},"end":{"line":27,"column":65}},"12":{"start":{"line":28,"column":4},"end":{"line":28,"column":20}},"13":{"start":{"line":32,"column":4},"end":{"line":32,"column":68}},"14":{"start":{"line":36,"column":4},"end":{"line":36,"column":35}},"15":{"start":{"line":37,"column":4},"end":{"line":37,"column":51}},"16":{"start":{"line":41,"column":4},"end":{"line":41,"column":35}},"17":{"start":{"line":42,"column":4},"end":{"line":42,"column":38}},"18":{"start":{"line":43,"column":4},"end":{"line":43,"column":48}},"19":{"start":{"line":47,"column":0},"end":{"line":47,"column":39}}},"fnMap":{"0":{"name":"(anonymous_0)","decl":{"start":{"line":5,"column":2},"end":{"line":5,"column":3}},"loc":{"start":{"line":5,"column":44},"end":{"line":23,"column":3}},"line":5},"1":{"name":"(anonymous_1)","decl":{"start":{"line":25,"column":2},"end":{"line":25,"column":3}},"loc":{"start":{"line":25,"column":28},"end":{"line":29,"column":3}},"line":25},"2":{"name":"(anonymous_2)","decl":{"start":{"line":31,"column":2},"end":{"line":31,"column":3}},"loc":{"start":{"line":31,"column":42},"end":{"line":33,"column":3}},"line":31},"3":{"name":"(anonymous_3)","decl":{"start":{"line":35,"column":2},"end":{"line":35,"column":3}},"loc":{"start":{"line":35,"column":33},"end":{"line":38,"column":3}},"line":35},"4":{"name":"(anonymous_4)","decl":{"start":{"line":40,"column":2},"end":{"line":40,"column":3}},"loc":{"start":{"line":40,"column":27},"end":{"line":44,"column":3}},"line":40}},"branchMap":{"0":{"loc":{"start":{"line":6,"column":23},"end":{"line":6,"column":46}},"type":"binary-expr","locations":[{"start":{"line":6,"column":23},"end":{"line":6,"column":41}},{"start":{"line":6,"column":45},"end":{"line":6,"column":46}}],"line":6},"1":{"loc":{"start":{"line":7,"column":17},"end":{"line":7,"column":42}},"type":"binary-expr","locations":[{"start":{"line":7,"column":17},"end":{"line":7,"column":36}},{"start":{"line":7,"column":40},"end":{"line":7,"column":42}}],"line":7},"2":{"loc":{"start":{"line":27,"column":4},"end":{"line":27,"column":65}},"type":"if","locations":[{"start":{"line":27,"column":4},"end":{"line":27,"column":65}},{"start":{},"end":{}}],"line":27}},"s":{"0":12,"1":12,"2":2,"3":2,"4":2,"5":2,"6":2,"7":2,"8":2,"9":3,"10":3,"11":1,"12":2,"13":8,"14":1,"15":1,"16":1,"17":1,"18":1,"19":12},"f":{"0":2,"1":3,"2":8,"3":1,"4":1},"b":{"0":[2,1],"1":[2,1],"2":[1,2]},"_coverageSchema":"1a1c01bbd47fc00a2c39e90264f33305004495a9","hash":"af42078d208eebda15ea5c399a76cc0a8ab8b1f4"}
,"D:\\University\\BackEnd_Dev\\FinTrackAPI\\src\\modules\\export\\export.controller.js": {"path":"D:\\University\\BackEnd_Dev\\FinTrackAPI\\src\\modules\\export\\export.controller.js","statementMap":{"0":{"start":{"line":1,"column":22},"end":{"line":1,"column":49}},"1":{"start":{"line":2,"column":19},"end":{"line":2,"column":59}},"2":{"start":{"line":5,"column":18},"end":{"line":25,"column":4}},"3":{"start":{"line":6,"column":19},"end":{"line":6,"column":30}},"4":{"start":{"line":7,"column":61},"end":{"line":7,"column":70}},"5":{"start":{"line":9,"column":19},"end":{"line":15,"column":6}},"6":{"start":{"line":16,"column":21},"end":{"line":16,"column":84}},"7":{"start":{"line":18,"column":4},"end":{"line":21,"column":6}},"8":{"start":{"line":22,"column":4},"end":{"line":22,"column":77}},"9":{"start":{"line":24,"column":4},"end":{"line":24,"column":28}},"10":{"start":{"line":28,"column":0},"end":{"line":28,"column":40}}},"fnMap":{"0":{"name":"(anonymous_0)","decl":{"start":{"line":5,"column":29},"end":{"line":5,"column":30}},"loc":{"start":{"line":5,"column":56},"end":{"line":25,"column":3}},"line":5}},"branchMap":{},"s":{"0":10,"1":10,"2":10,"3":1,"4":1,"5":1,"6":1,"7":1,"8":1,"9":1,"10":10},"f":{"0":1},"b":{},"_coverageSchema":"1a1c01bbd47fc00a2c39e90264f33305004495a9","hash":"3207954bb12af5353884e925763cca8150e93bad"}
,"D:\\University\\BackEnd_Dev\\FinTrackAPI\\src\\modules\\export\\export.routes.js": {"path":"D:\\University\\BackEnd_Dev\\FinTrackAPI\\src\\modules\\export\\export.routes.js","statementMap":{"0":{"start":{"line":1,"column":16},"end":{"line":1,"column":34}},"1":{"start":{"line":2,"column":15},"end":{"line":2,"column":31}},"2":{"start":{"line":3,"column":25},"end":{"line":3,"column":55}},"3":{"start":{"line":4,"column":17},"end":{"line":4,"column":69}},"4":{"start":{"line":5,"column":24},"end":{"line":5,"column":77}},"5":{"start":{"line":7,"column":0},"end":{"line":7,"column":75}},"6":{"start":{"line":9,"column":0},"end":{"line":9,"column":24}}},"fnMap":{},"branchMap":{},"s":{"0":10,"1":10,"2":10,"3":10,"4":10,"5":10,"6":10},"f":{},"b":{},"_coverageSchema":"1a1c01bbd47fc00a2c39e90264f33305004495a9","hash":"7346be7aa19556db0569563878057ed27f764633"}
,"D:\\University\\BackEnd_Dev\\FinTrackAPI\\src\\modules\\export\\export.service.js": {"path":"D:\\University\\BackEnd_Dev\\FinTrackAPI\\src\\modules\\export\\export.service.js","statementMap":{"0":{"start":{"line":1,"column":24},"end":{"line":1,"column":73}},"1":{"start":{"line":2,"column":16},"end":{"line":2,"column":34}},"2":{"start":{"line":3,"column":17},"end":{"line":3,"column":55}},"3":{"start":{"line":7,"column":25},"end":{"line":7,"column":81}},"4":{"start":{"line":9,"column":4},"end":{"line":19,"column":5}},"5":{"start":{"line":10,"column":31},"end":{"line":10,"column":73}},"6":{"start":{"line":12,"column":6},"end":{"line":18,"column":7}},"7":{"start":{"line":13,"column":8},"end":{"line":15,"column":10}},"8":{"start":{"line":17,"column":8},"end":{"line":17,"column":100}},"9":{"start":{"line":21,"column":21},"end":{"line":21,"column":43}},"10":{"start":{"line":22,"column":22},"end":{"line":22,"column":62}},"11":{"start":{"line":24,"column":4},"end":{"line":30,"column":6}},"12":{"start":{"line":32,"column":22},"end":{"line":32,"column":41}},"13":{"start":{"line":33,"column":4},"end":{"line":33,"column":26}},"14":{"start":{"line":35,"column":4},"end":{"line":54,"column":7}},"15":{"start":{"line":36,"column":6},"end":{"line":40,"column":8}},"16":{"start":{"line":41,"column":6},"end":{"line":46,"column":8}},"17":{"start":{"line":47,"column":6},"end":{"line":47,"column":68}},"18":{"start":{"line":48,"column":6},"end":{"line":53,"column":8}},"19":{"start":{"line":56,"column":4},"end":{"line":88,"column":7}},"20":{"start":{"line":58,"column":8},"end":{"line":60,"column":56}},"21":{"start":{"line":62,"column":18},"end":{"line":68,"column":8}},"22":{"start":{"line":70,"column":6},"end":{"line":70,"column":48}},"23":{"start":{"line":72,"column":6},"end":{"line":81,"column":9}},"24":{"start":{"line":73,"column":8},"end":{"line":73,"column":51}},"25":{"start":{"line":74,"column":8},"end":{"line":74,"column":79}},"26":{"start":{"line":75,"column":8},"end":{"line":80,"column":10}},"27":{"start":{"line":83,"column":6},"end":{"line":87,"column":7}},"28":{"start":{"line":84,"column":8},"end":{"line":84,"column":85}},"29":{"start":{"line":86,"column":8},"end":{"line":86,"column":85}},"30":{"start":{"line":90,"column":4},"end":{"line":90,"column":35}},"31":{"start":{"line":91,"column":4},"end":{"line":91,"column":92}},"32":{"start":{"line":93,"column":4},"end":{"line":93,"column":45}},"33":{"start":{"line":97,"column":0},"end":{"line":97,"column":37}}},"fnMap":{"0":{"name":"(anonymous_0)","decl":{"start":{"line":6,"column":2},"end":{"line":6,"column":3}},"loc":{"start":{"line":6,"column":39},"end":{"line":94,"column":3}},"line":6},"1":{"name":"(anonymous_1)","decl":{"start":{"line":35,"column":23},"end":{"line":35,"column":24}},"loc":{"start":{"line":35,"column":33},"end":{"line":54,"column":5}},"line":35},"2":{"name":"(anonymous_2)","decl":{"start":{"line":56,"column":25},"end":{"line":56,"column":26}},"loc":{"start":{"line":56,"column":32},"end":{"line":88,"column":5}},"line":56},"3":{"name":"(anonymous_3)","decl":{"start":{"line":72,"column":19},"end":{"line":72,"column":20}},"loc":{"start":{"line":72,"column":29},"end":{"line":81,"column":7}},"line":72}},"branchMap":{"0":{"loc":{"start":{"line":9,"column":4},"end":{"line":19,"column":5}},"type":"if","locations":[{"start":{"line":9,"column":4},"end":{"line":19,"column":5}},{"start":{},"end":{}}],"line":9},"1":{"loc":{"start":{"line":9,"column":8},"end":{"line":9,"column":50}},"type":"binary-expr","locations":[{"start":{"line":9,"column":8},"end":{"line":9,"column":21}},{"start":{"line":9,"column":25},"end":{"line":9,"column":50}}],"line":9},"2":{"loc":{"start":{"line":10,"column":45},"end":{"line":10,"column":58}},"type":"binary-expr","locations":[{"start":{"line":10,"column":45},"end":{"line":10,"column":52}},{"start":{"line":10,"column":56},"end":{"line":10,"column":58}}],"line":10},"3":{"loc":{"start":{"line":12,"column":6},"end":{"line":18,"column":7}},"type":"if","locations":[{"start":{"line":12,"column":6},"end":{"line":18,"column":7}},{"start":{"line":16,"column":13},"end":{"line":18,"column":7}}],"line":12},"4":{"loc":{"start":{"line":58,"column":8},"end":{"line":60,"column":56}},"type":"cond-expr","locations":[{"start":{"line":59,"column":12},"end":{"line":59,"column":46}},{"start":{"line":60,"column":12},"end":{"line":60,"column":56}}],"line":58},"5":{"loc":{"start":{"line":64,"column":18},"end":{"line":64,"column":66}},"type":"cond-expr","locations":[{"start":{"line":64,"column":31},"end":{"line":64,"column":46}},{"start":{"line":64,"column":49},"end":{"line":64,"column":66}}],"line":64},"6":{"loc":{"start":{"line":65,"column":14},"end":{"line":65,"column":55}},"type":"cond-expr","locations":[{"start":{"line":65,"column":36},"end":{"line":65,"column":43}},{"start":{"line":65,"column":46},"end":{"line":65,"column":55}}],"line":65},"7":{"loc":{"start":{"line":67,"column":21},"end":{"line":67,"column":57}},"type":"cond-expr","locations":[{"start":{"line":67,"column":32},"end":{"line":67,"column":52}},{"start":{"line":67,"column":55},"end":{"line":67,"column":57}}],"line":67},"8":{"loc":{"start":{"line":83,"column":6},"end":{"line":87,"column":7}},"type":"if","locations":[{"start":{"line":83,"column":6},"end":{"line":87,"column":7}},{"start":{"line":85,"column":13},"end":{"line":87,"column":7}}],"line":83}},"s":{"0":12,"1":12,"2":12,"3":5,"4":5,"5":3,"6":3,"7":1,"8":2,"9":2,"10":2,"11":2,"12":2,"13":2,"14":2,"15":10,"16":10,"17":10,"18":10,"19":2,"20":2,"21":2,"22":2,"23":2,"24":10,"25":10,"26":10,"27":2,"28":1,"29":1,"30":2,"31":2,"32":2,"33":12},"f":{"0":5,"1":10,"2":2,"3":10},"b":{"0":[3,2],"1":[5,5],"2":[3,1],"3":[1,2],"4":[1,1],"5":[1,1],"6":[1,1],"7":[1,1],"8":[1,1]},"_coverageSchema":"1a1c01bbd47fc00a2c39e90264f33305004495a9","hash":"b63e4f21134442a66488772accb6da622709437c"}
,"D:\\University\\BackEnd_Dev\\FinTrackAPI\\src\\modules\\logs\\log.controller.js": {"path":"D:\\University\\BackEnd_Dev\\FinTrackAPI\\src\\modules\\logs\\log.controller.js","statementMap":{"0":{"start":{"line":1,"column":19},"end":{"line":1,"column":43}},"1":{"start":{"line":5,"column":4},"end":{"line":10,"column":5}},"2":{"start":{"line":6,"column":19},"end":{"line":6,"column":48}},"3":{"start":{"line":7,"column":6},"end":{"line":7,"column":28}},"4":{"start":{"line":9,"column":6},"end":{"line":9,"column":14}},"5":{"start":{"line":14,"column":4},"end":{"line":20,"column":5}},"6":{"start":{"line":15,"column":25},"end":{"line":15,"column":35}},"7":{"start":{"line":16,"column":19},"end":{"line":16,"column":55}},"8":{"start":{"line":17,"column":6},"end":{"line":17,"column":28}},"9":{"start":{"line":19,"column":6},"end":{"line":19,"column":14}},"10":{"start":{"line":24,"column":0},"end":{"line":24,"column":37}}},"fnMap":{"0":{"name":"(anonymous_0)","decl":{"start":{"line":4,"column":2},"end":{"line":4,"column":3}},"loc":{"start":{"line":4,"column":35},"end":{"line":11,"column":3}},"line":4},"1":{"name":"(anonymous_1)","decl":{"start":{"line":13,"column":2},"end":{"line":13,"column":3}},"loc":{"start":{"line":13,"column":36},"end":{"line":21,"column":3}},"line":13}},"branchMap":{},"s":{"0":12,"1":2,"2":2,"3":1,"4":1,"5":2,"6":2,"7":2,"8":1,"9":1,"10":12},"f":{"0":2,"1":2},"b":{},"_coverageSchema":"1a1c01bbd47fc00a2c39e90264f33305004495a9","hash":"5ffea426c4f5a09cae70ab07045305b0b57c2ced"}
,"D:\\University\\BackEnd_Dev\\FinTrackAPI\\src\\modules\\logs\\log.repository.js": {"path":"D:\\University\\BackEnd_Dev\\FinTrackAPI\\src\\modules\\logs\\log.repository.js","statementMap":{"0":{"start":{"line":1,"column":17},"end":{"line":1,"column":55}},"1":{"start":{"line":5,"column":4},"end":{"line":5,"column":57}},"2":{"start":{"line":9,"column":4},"end":{"line":9,"column":67}},"3":{"start":{"line":13,"column":4},"end":{"line":13,"column":42}},"4":{"start":{"line":17,"column":0},"end":{"line":17,"column":37}}},"fnMap":{"0":{"name":"(anonymous_0)","decl":{"start":{"line":4,"column":2},"end":{"line":4,"column":3}},"loc":{"start":{"line":4,"column":18},"end":{"line":6,"column":3}},"line":4},"1":{"name":"(anonymous_1)","decl":{"start":{"line":8,"column":2},"end":{"line":8,"column":3}},"loc":{"start":{"line":8,"column":29},"end":{"line":10,"column":3}},"line":8},"2":{"name":"(anonymous_2)","decl":{"start":{"line":12,"column":2},"end":{"line":12,"column":3}},"loc":{"start":{"line":12,"column":24},"end":{"line":14,"column":3}},"line":12}},"branchMap":{},"s":{"0":13,"1":3,"2":2,"3":1,"4":13},"f":{"0":3,"1":2,"2":1},"b":{},"_coverageSchema":"1a1c01bbd47fc00a2c39e90264f33305004495a9","hash":"be8ddfe53ce3e207a62b84ab701092b3a1efe9c2"}
,"D:\\University\\BackEnd_Dev\\FinTrackAPI\\src\\modules\\logs\\log.routes.js": {"path":"D:\\University\\BackEnd_Dev\\FinTrackAPI\\src\\modules\\logs\\log.routes.js","statementMap":{"0":{"start":{"line":1,"column":16},"end":{"line":1,"column":34}},"1":{"start":{"line":2,"column":15},"end":{"line":2,"column":31}},"2":{"start":{"line":3,"column":22},"end":{"line":3,"column":49}},"3":{"start":{"line":5,"column":0},"end":{"line":5,"column":61}},"4":{"start":{"line":7,"column":0},"end":{"line":7,"column":24}}},"fnMap":{},"branchMap":{},"s":{"0":10,"1":10,"2":10,"3":10,"4":10},"f":{},"b":{},"_coverageSchema":"1a1c01bbd47fc00a2c39e90264f33305004495a9","hash":"981def28fa557b3ea88b6fb041b1b84d88f0af7c"}
,"D:\\University\\BackEnd_Dev\\FinTrackAPI\\src\\modules\\logs\\log.service.js": {"path":"D:\\University\\BackEnd_Dev\\FinTrackAPI\\src\\modules\\logs\\log.service.js","statementMap":{"0":{"start":{"line":1,"column":22},"end":{"line":1,"column":49}},"1":{"start":{"line":5,"column":4},"end":{"line":5,"column":41}},"2":{"start":{"line":9,"column":4},"end":{"line":9,"column":52}},"3":{"start":{"line":13,"column":0},"end":{"line":13,"column":34}}},"fnMap":{"0":{"name":"(anonymous_0)","decl":{"start":{"line":4,"column":2},"end":{"line":4,"column":3}},"loc":{"start":{"line":4,"column":21},"end":{"line":6,"column":3}},"line":4},"1":{"name":"(anonymous_1)","decl":{"start":{"line":8,"column":2},"end":{"line":8,"column":3}},"loc":{"start":{"line":8,"column":28},"end":{"line":10,"column":3}},"line":8}},"branchMap":{},"s":{"0":13,"1":2,"2":2,"3":13},"f":{"0":2,"1":2},"b":{},"_coverageSchema":"1a1c01bbd47fc00a2c39e90264f33305004495a9","hash":"9e170719a9099247fe018d37fb5a9867d23ca055"}
,"D:\\University\\BackEnd_Dev\\FinTrackAPI\\src\\modules\\reports\\report.controller.js": {"path":"D:\\University\\BackEnd_Dev\\FinTrackAPI\\src\\modules\\reports\\report.controller.js","statementMap":{"0":{"start":{"line":1,"column":22},"end":{"line":1,"column":49}},"1":{"start":{"line":2,"column":19},"end":{"line":2,"column":59}},"2":{"start":{"line":5,"column":15},"end":{"line":10,"column":4}},"3":{"start":{"line":6,"column":19},"end":{"line":6,"column":30}},"4":{"start":{"line":7,"column":35},"end":{"line":7,"column":44}},"5":{"start":{"line":8,"column":20},"end":{"line":8,"column":78}},"6":{"start":{"line":9,"column":4},"end":{"line":9,"column":29}},"7":{"start":{"line":12,"column":18},"end":{"line":17,"column":4}},"8":{"start":{"line":13,"column":19},"end":{"line":13,"column":30}},"9":{"start":{"line":14,"column":41},"end":{"line":14,"column":50}},"10":{"start":{"line":15,"column":17},"end":{"line":15,"column":84}},"11":{"start":{"line":16,"column":4},"end":{"line":16,"column":26}},"12":{"start":{"line":19,"column":13},"end":{"line":24,"column":4}},"13":{"start":{"line":20,"column":19},"end":{"line":20,"column":30}},"14":{"start":{"line":21,"column":45},"end":{"line":21,"column":54}},"15":{"start":{"line":22,"column":17},"end":{"line":22,"column":83}},"16":{"start":{"line":23,"column":4},"end":{"line":23,"column":26}},"17":{"start":{"line":26,"column":25},"end":{"line":30,"column":4}},"18":{"start":{"line":27,"column":19},"end":{"line":27,"column":30}},"19":{"start":{"line":28,"column":17},"end":{"line":28,"column":65}},"20":{"start":{"line":29,"column":4},"end":{"line":29,"column":26}},"21":{"start":{"line":33,"column":0},"end":{"line":33,"column":40}}},"fnMap":{"0":{"name":"(anonymous_0)","decl":{"start":{"line":5,"column":26},"end":{"line":5,"column":27}},"loc":{"start":{"line":5,"column":53},"end":{"line":10,"column":3}},"line":5},"1":{"name":"(anonymous_1)","decl":{"start":{"line":12,"column":29},"end":{"line":12,"column":30}},"loc":{"start":{"line":12,"column":49},"end":{"line":17,"column":3}},"line":12},"2":{"name":"(anonymous_2)","decl":{"start":{"line":19,"column":24},"end":{"line":19,"column":25}},"loc":{"start":{"line":19,"column":51},"end":{"line":24,"column":3}},"line":19},"3":{"name":"(anonymous_3)","decl":{"start":{"line":26,"column":36},"end":{"line":26,"column":37}},"loc":{"start":{"line":26,"column":63},"end":{"line":30,"column":3}},"line":26}},"branchMap":{},"s":{"0":10,"1":10,"2":10,"3":1,"4":1,"5":1,"6":1,"7":10,"8":1,"9":1,"10":1,"11":1,"12":10,"13":1,"14":1,"15":1,"16":1,"17":10,"18":1,"19":1,"20":1,"21":10},"f":{"0":1,"1":1,"2":1,"3":1},"b":{},"_coverageSchema":"1a1c01bbd47fc00a2c39e90264f33305004495a9","hash":"b8360adfc9ca7ff0c26419641959f2d56f4b2180"}
,"D:\\University\\BackEnd_Dev\\FinTrackAPI\\src\\modules\\reports\\report.repository.js": {"path":"D:\\University\\BackEnd_Dev\\FinTrackAPI\\src\\modules\\reports\\report.repository.js","statementMap":{"0":{"start":{"line":1,"column":15},"end":{"line":1,"column":54}},"1":{"start":{"line":5,"column":24},"end":{"line":9,"column":5}},"2":{"start":{"line":11,"column":22},"end":{"line":14,"column":6}},"3":{"start":{"line":16,"column":23},"end":{"line":19,"column":6}},"4":{"start":{"line":21,"column":24},"end":{"line":21,"column":50}},"5":{"start":{"line":22,"column":25},"end":{"line":22,"column":52}},"6":{"start":{"line":24,"column":4},"end":{"line":28,"column":6}},"7":{"start":{"line":32,"column":20},"end":{"line":41,"column":6}},"8":{"start":{"line":43,"column":24},"end":{"line":43,"column":84}},"9":{"start":{"line":43,"column":43},"end":{"line":43,"column":55}},"10":{"start":{"line":43,"column":72},"end":{"line":43,"column":83}},"11":{"start":{"line":44,"column":23},"end":{"line":47,"column":6}},"12":{"start":{"line":49,"column":4},"end":{"line":59,"column":41}},"13":{"start":{"line":51,"column":25},"end":{"line":51,"column":73}},"14":{"start":{"line":51,"column":48},"end":{"line":51,"column":72}},"15":{"start":{"line":52,"column":8},"end":{"line":57,"column":10}},"16":{"start":{"line":59,"column":22},"end":{"line":59,"column":39}},"17":{"start":{"line":63,"column":4},"end":{"line":71,"column":7}},"18":{"start":{"line":75,"column":16},"end":{"line":75,"column":26}},"19":{"start":{"line":76,"column":25},"end":{"line":76,"column":71}},"20":{"start":{"line":77,"column":23},"end":{"line":77,"column":73}},"21":{"start":{"line":79,"column":20},"end":{"line":82,"column":6}},"22":{"start":{"line":84,"column":24},"end":{"line":111,"column":5}},"23":{"start":{"line":86,"column":25},"end":{"line":95,"column":10}},"24":{"start":{"line":97,"column":22},"end":{"line":97,"column":47}},"25":{"start":{"line":98,"column":22},"end":{"line":98,"column":48}},"26":{"start":{"line":99,"column":27},"end":{"line":99,"column":64}},"27":{"start":{"line":101,"column":8},"end":{"line":109,"column":10}},"28":{"start":{"line":113,"column":4},"end":{"line":113,"column":23}},"29":{"start":{"line":117,"column":0},"end":{"line":117,"column":40}}},"fnMap":{"0":{"name":"(anonymous_0)","decl":{"start":{"line":4,"column":2},"end":{"line":4,"column":3}},"loc":{"start":{"line":4,"column":47},"end":{"line":29,"column":3}},"line":4},"1":{"name":"(anonymous_1)","decl":{"start":{"line":31,"column":2},"end":{"line":31,"column":3}},"loc":{"start":{"line":31,"column":56},"end":{"line":60,"column":3}},"line":31},"2":{"name":"(anonymous_2)","decl":{"start":{"line":43,"column":36},"end":{"line":43,"column":37}},"loc":{"start":{"line":43,"column":43},"end":{"line":43,"column":55}},"line":43},"3":{"name":"(anonymous_3)","decl":{"start":{"line":43,"column":64},"end":{"line":43,"column":65}},"loc":{"start":{"line":43,"column":72},"end":{"line":43,"column":83}},"line":43},"4":{"name":"(anonymous_4)","decl":{"start":{"line":50,"column":11},"end":{"line":50,"column":12}},"loc":{"start":{"line":50,"column":21},"end":{"line":58,"column":7}},"line":50},"5":{"name":"(anonymous_5)","decl":{"start":{"line":51,"column":41},"end":{"line":51,"column":42}},"loc":{"start":{"line":51,"column":48},"end":{"line":51,"column":72}},"line":51},"6":{"name":"(anonymous_6)","decl":{"start":{"line":59,"column":12},"end":{"line":59,"column":13}},"loc":{"start":{"line":59,"column":22},"end":{"line":59,"column":39}},"line":59},"7":{"name":"(anonymous_7)","decl":{"start":{"line":62,"column":2},"end":{"line":62,"column":3}},"loc":{"start":{"line":62,"column":60},"end":{"line":72,"column":3}},"line":62},"8":{"name":"(anonymous_8)","decl":{"start":{"line":74,"column":2},"end":{"line":74,"column":3}},"loc":{"start":{"line":74,"column":37},"end":{"line":114,"column":3}},"line":74},"9":{"name":"(anonymous_9)","decl":{"start":{"line":85,"column":18},"end":{"line":85,"column":19}},"loc":{"start":{"line":85,"column":36},"end":{"line":110,"column":7}},"line":85}},"branchMap":{"0":{"loc":{"start":{"line":21,"column":24},"end":{"line":21,"column":50}},"type":"binary-expr","locations":[{"start":{"line":21,"column":24},"end":{"line":21,"column":45}},{"start":{"line":21,"column":49},"end":{"line":21,"column":50}}],"line":21},"1":{"loc":{"start":{"line":22,"column":25},"end":{"line":22,"column":52}},"type":"binary-expr","locations":[{"start":{"line":22,"column":25},"end":{"line":22,"column":47}},{"start":{"line":22,"column":51},"end":{"line":22,"column":52}}],"line":22},"2":{"loc":{"start":{"line":97,"column":22},"end":{"line":97,"column":47}},"type":"binary-expr","locations":[{"start":{"line":97,"column":22},"end":{"line":97,"column":42}},{"start":{"line":97,"column":46},"end":{"line":97,"column":47}}],"line":97},"3":{"loc":{"start":{"line":99,"column":27},"end":{"line":99,"column":64}},"type":"cond-expr","locations":[{"start":{"line":99,"column":39},"end":{"line":99,"column":60}},{"start":{"line":99,"column":63},"end":{"line":99,"column":64}}],"line":99}},"s":{"0":12,"1":2,"2":2,"3":2,"4":2,"5":2,"6":2,"7":2,"8":2,"9":3,"10":3,"11":2,"12":2,"13":3,"14":4,"15":3,"16":1,"17":1,"18":3,"19":3,"20":3,"21":3,"22":3,"23":3,"24":3,"25":3,"26":3,"27":3,"28":3,"29":12},"f":{"0":2,"1":2,"2":3,"3":3,"4":3,"5":4,"6":1,"7":1,"8":3,"9":3},"b":{"0":[2,2],"1":[2,1],"2":[3,1],"3":[2,1]},"_coverageSchema":"1a1c01bbd47fc00a2c39e90264f33305004495a9","hash":"c54366db7fe8dc2a033da40da286b74929261b87"}
,"D:\\University\\BackEnd_Dev\\FinTrackAPI\\src\\modules\\reports\\report.routes.js": {"path":"D:\\University\\BackEnd_Dev\\FinTrackAPI\\src\\modules\\reports\\report.routes.js","statementMap":{"0":{"start":{"line":1,"column":16},"end":{"line":1,"column":34}},"1":{"start":{"line":2,"column":15},"end":{"line":2,"column":31}},"2":{"start":{"line":3,"column":25},"end":{"line":3,"column":55}},"3":{"start":{"line":4,"column":17},"end":{"line":4,"column":69}},"4":{"start":{"line":5,"column":42},"end":{"line":5,"column":95}},"5":{"start":{"line":6,"column":27},"end":{"line":6,"column":80}},"6":{"start":{"line":8,"column":0},"end":{"line":8,"column":78}},"7":{"start":{"line":9,"column":0},"end":{"line":9,"column":87}},"8":{"start":{"line":10,"column":0},"end":{"line":10,"column":71}},"9":{"start":{"line":11,"column":0},"end":{"line":11,"column":73}},"10":{"start":{"line":13,"column":0},"end":{"line":13,"column":24}}},"fnMap":{},"branchMap":{},"s":{"0":10,"1":10,"2":10,"3":10,"4":10,"5":10,"6":10,"7":10,"8":10,"9":10,"10":10},"f":{},"b":{},"_coverageSchema":"1a1c01bbd47fc00a2c39e90264f33305004495a9","hash":"fe83c2048ecda6678e0635605601b032516a7c25"}
,"D:\\University\\BackEnd_Dev\\FinTrackAPI\\src\\modules\\reports\\report.service.js": {"path":"D:\\University\\BackEnd_Dev\\FinTrackAPI\\src\\modules\\reports\\report.service.js","statementMap":{"0":{"start":{"line":1,"column":19},"end":{"line":1,"column":49}},"1":{"start":{"line":2,"column":17},"end":{"line":2,"column":55}},"2":{"start":{"line":6,"column":16},"end":{"line":6,"column":26}},"3":{"start":{"line":7,"column":18},"end":{"line":7,"column":98}},"4":{"start":{"line":8,"column":16},"end":{"line":8,"column":96}},"5":{"start":{"line":10,"column":4},"end":{"line":12,"column":5}},"6":{"start":{"line":11,"column":6},"end":{"line":11,"column":76}},"7":{"start":{"line":14,"column":4},"end":{"line":14,"column":26}},"8":{"start":{"line":18,"column":27},"end":{"line":18,"column":68}},"9":{"start":{"line":19,"column":4},"end":{"line":19,"column":59}},"10":{"start":{"line":23,"column":27},"end":{"line":23,"column":68}},"11":{"start":{"line":24,"column":4},"end":{"line":24,"column":68}},"12":{"start":{"line":28,"column":27},"end":{"line":28,"column":68}},"13":{"start":{"line":29,"column":25},"end":{"line":29,"column":85}},"14":{"start":{"line":31,"column":20},"end":{"line":43,"column":10}},"15":{"start":{"line":32,"column":22},"end":{"line":32,"column":45}},"16":{"start":{"line":33,"column":18},"end":{"line":33,"column":91}},"17":{"start":{"line":35,"column":6},"end":{"line":37,"column":7}},"18":{"start":{"line":36,"column":8},"end":{"line":36,"column":56}},"19":{"start":{"line":39,"column":6},"end":{"line":39,"column":73}},"20":{"start":{"line":39,"column":34},"end":{"line":39,"column":73}},"21":{"start":{"line":40,"column":6},"end":{"line":40,"column":75}},"22":{"start":{"line":40,"column":35},"end":{"line":40,"column":75}},"23":{"start":{"line":42,"column":6},"end":{"line":42,"column":17}},"24":{"start":{"line":45,"column":4},"end":{"line":45,"column":34}},"25":{"start":{"line":49,"column":4},"end":{"line":49,"column":57}},"26":{"start":{"line":53,"column":0},"end":{"line":53,"column":37}}},"fnMap":{"0":{"name":"(anonymous_0)","decl":{"start":{"line":5,"column":2},"end":{"line":5,"column":3}},"loc":{"start":{"line":5,"column":39},"end":{"line":15,"column":3}},"line":5},"1":{"name":"(anonymous_1)","decl":{"start":{"line":17,"column":2},"end":{"line":17,"column":3}},"loc":{"start":{"line":17,"column":47},"end":{"line":20,"column":3}},"line":17},"2":{"name":"(anonymous_2)","decl":{"start":{"line":22,"column":2},"end":{"line":22,"column":3}},"loc":{"start":{"line":22,"column":68},"end":{"line":25,"column":3}},"line":22},"3":{"name":"(anonymous_3)","decl":{"start":{"line":27,"column":2},"end":{"line":27,"column":3}},"loc":{"start":{"line":27,"column":63},"end":{"line":46,"column":3}},"line":27},"4":{"name":"(anonymous_4)","decl":{"start":{"line":31,"column":40},"end":{"line":31,"column":41}},"loc":{"start":{"line":31,"column":55},"end":{"line":43,"column":5}},"line":31},"5":{"name":"(anonymous_5)","decl":{"start":{"line":48,"column":2},"end":{"line":48,"column":3}},"loc":{"start":{"line":48,"column":37},"end":{"line":50,"column":3}},"line":48}},"branchMap":{"0":{"loc":{"start":{"line":7,"column":18},"end":{"line":7,"column":98}},"type":"cond-expr","locations":[{"start":{"line":7,"column":30},"end":{"line":7
[...]
"end":{"line":1,"column":59}},"1":{"start":{"line":2,"column":19},"end":{"line":2,"column":58}},"2":{"start":{"line":3,"column":17},"end":{"line":3,"column":55}},"3":{"start":{"line":7,"column":23},"end":{"line":7,"column":46}},"4":{"start":{"line":8,"column":17},"end":{"line":8,"column":42}},"5":{"start":{"line":9,"column":17},"end":{"line":9,"column":40}},"6":{"start":{"line":11,"column":25},"end":{"line":11,"column":82}},"7":{"start":{"line":12,"column":23},"end":{"line":12,"column":70}},"8":{"start":{"line":13,"column":4},"end":{"line":13,"column":76}},"9":{"start":{"line":17,"column":23},"end":{"line":17,"column":46}},"10":{"start":{"line":18,"column":17},"end":{"line":18,"column":42}},"11":{"start":{"line":19,"column":17},"end":{"line":19,"column":40}},"12":{"start":{"line":21,"column":25},"end":{"line":27,"column":5}},"13":{"start":{"line":28,"column":23},"end":{"line":28,"column":89}},"14":{"start":{"line":29,"column":4},"end":{"line":29,"column":76}},"15":{"start":{"line":33,"column":24},"end":{"line":33,"column":65}},"16":{"start":{"line":34,"column":4},"end":{"line":34,"column":71}},"17":{"start":{"line":34,"column":22},"end":{"line":34,"column":71}},"18":{"start":{"line":35,"column":4},"end":{"line":35,"column":23}},"19":{"start":{"line":39,"column":4},"end":{"line":41,"column":5}},"20":{"start":{"line":40,"column":6},"end":{"line":40,"column":80}},"21":{"start":{"line":43,"column":4},"end":{"line":56,"column":5}},"22":{"start":{"line":44,"column":21},"end":{"line":44,"column":73}},"23":{"start":{"line":46,"column":6},"end":{"line":55,"column":7}},"24":{"start":{"line":47,"column":29},"end":{"line":47,"column":93}},"25":{"start":{"line":48,"column":38},"end":{"line":48,"column":75}},"26":{"start":{"line":50,"column":8},"end":{"line":54,"column":9}},"27":{"start":{"line":51,"column":10},"end":{"line":53,"column":12}},"28":{"start":{"line":58,"column":17},"end":{"line":58,"column":75}},"29":{"start":{"line":59,"column":4},"end":{"line":59,"column":70}},"30":{"start":{"line":63,"column":4},"end":{"line":63,"column":35}},"31":{"start":{"line":64,"column":41},"end":{"line":64,"column":51}},"32":{"start":{"line":65,"column":4},"end":{"line":65,"column":63}},"33":{"start":{"line":65,"column":23},"end":{"line":65,"column":63}},"34":{"start":{"line":66,"column":4},"end":{"line":66,"column":67}},"35":{"start":{"line":70,"column":4},"end":{"line":70,"column":35}},"36":{"start":{"line":71,"column":4},"end":{"line":71,"column":41}},"37":{"start":{"line":72,"column":4},"end":{"line":72,"column":51}},"38":{"start":{"line":76,"column":4},"end":{"line":84,"column":6}},"39":{"start":{"line":88,"column":0},"end":{"line":88,"column":42}}},"fnMap":{"0":{"name":"(anonymous_0)","decl":{"start":{"line":6,"column":2},"end":{"line":6,"column":3}},"loc":{"start":{"line":6,"column":50},"end":{"line":14,"column":3}},"line":6},"1":{"name":"(anonymous_1)","decl":{"start":{"line":16,"column":2},"end":{"line":16,"column":3}},"loc":{"start":{"line":16,"column":69},"end":{"line":30,"column":3}},"line":16},"2":{"name":"(anonymous_2)","decl":{"start":{"line":32,"column":2},"end":{"line":32,"column":3}},"loc":{"start":{"line":32,"column":28},"end":{"line":36,"column":3}},"line":32},"3":{"name":"(anonymous_3)","decl":{"start":{"line":38,"column":2},"end":{"line":38,"column":3}},"loc":{"start":{"line":38,"column":68},"end":{"line":60,"column":3}},"line":38},"4":{"name":"(anonymous_4)","decl":{"start":{"line":62,"column":2},"end":{"line":62,"column":3}},"loc":{"start":{"line":62,"column":39},"end":{"line":67,"column":3}},"line":62},"5":{"name":"(anonymous_5)","decl":{"start":{"line":69,"column":2},"end":{"line":69,"column":3}},"loc":{"start":{"line":69,"column":27},"end":{"line":73,"column":3}},"line":69},"6":{"name":"(anonymous_6)","decl":{"start":{"line":75,"column":2},"end":{"line":75,"column":3}},"loc":{"start":{"line":75,"column":48},"end":{"line":85,"column":3}},"line":75}},"branchMap":{"0":{"loc":{"start":{"line":6,"column":36},"end":{"line":6,"column":48}},"type":"default-arg","locations":[{"start":{"line":6,"column":46},"end":{"line":6,"column":48}}],"line":6},"1":{"loc":{"start":{"line":7,"column":23},"end":{"line":7,"column":46}},"type":"binary-expr","locations":[{"start":{"line":7,"column":23},"end":{"line":7,"column":41}},{"start":{"line":7,"column":45},"end":{"line":7,"column":46}}],"line":7},"2":{"loc":{"start":{"line":8,"column":17},"end":{"line":8,"column":42}},"type":"binary-expr","locations":[{"start":{"line":8,"column":17},"end":{"line":8,"column":36}},{"start":{"line":8,"column":40},"end":{"line":8,"column":42}}],"line":8},"3":{"loc":{"start":{"line":16,"column":55},"end":{"line":16,"column":67}},"type":"default-arg","locations":[{"start":{"line":16,"column":65},"end":{"line":16,"column":67}}],"line":16},"4":{"loc":{"start":{"line":17,"column":23},"end":{"line":17,"column":46}},"type":"binary-expr","locations":[{"start":{"line":17,"column":23},"end":{"line":17,"column":41}},{"start":{"line":17,"column":45},"end":{"line":17,"column":46}}],"line":17},"5":{"loc":{"start":{"line":18,"column":17},"end":{"line":18,"column":42}},"type":"binary-expr","locations":[{"start":{"line":18,"column":17},"end":{"line":18,"column":36}},{"start":{"line":18,"column":40},"end":{"line":18,"column":42}}],"line":18},"6":{"loc":{"start":{"line":34,"column":4},"end":{"line":34,"column":71}},"type":"if","locations":[{"start":{"line":34,"column":4},"end":{"line":34,"column":71}},{"start":{},"end":{}}],"line":34},"7":{"loc":{"start":{"line":39,"column":4},"end":{"line":41,"column":5}},"type":"if","locations":[{"start":{"line":39,"column":4},"end":{"line":41,"column":5}},{"start":{},"end":{}}],"line":39},"8":{"loc":{"start":{"line":43,"column":4},"end":{"line":56,"column":5}},"type":"if","locations":[{"start":{"line":43,"column":4},"end":{"line":56,"column":5}},{"start":{},"end":{}}],"line":43},"9":{"loc":{"start":{"line":46,"column":6},"end":{"line":55,"column":7}},"type":"if","locations":[{"start":{"line":46,"column":6},"end":{"line":55,"column":7}},{"start":{},"end":{}}],"line":46},"10":{"loc":{"start":{"line":50,"column":8},"end":{"line":54,"column":9}},"type":"if","locations":[{"start":{"line":50,"column":8},"end":{"line":54,"column":9}},{"start":{},"end":{}}],"line":50},"11":{"loc":{"start":{"line":65,"column":4},"end":{"line":65,"column":63}},"type":"if","locations":[{"start":{"line":65,"column":4},"end":{"line":65,"column":63}},{"start":{},"end":{}}],"line":65}},"s":{"0":12,"1":12,"2":12,"3":5,"4":5,"5":5,"6":5,"7":5,"8":5,"9":2,"10":2,"11":2,"12":2,"13":2,"14":2,"15":5,"16":5,"17":2,"18":3,"19":7,"20":1,"21":6,"22":4,"23":4,"24":2,"25":2,"26":2,"27":1,"28":5,"29":5,"30":2,"31":2,"32":2,"33":1,"34":2,"35":1,"36":1,"37":1,"38":7,"39":12},"f":{"0":5,"1":2,"2":5,"3":7,"4":2,"5":1,"6":7},"b":{"0":[1],"1":[5,1],"2":[5,1],"3":[1],"4":[2,1],"5":[2,1],"6":[2,3],"7":[1,6],"8":[4,2],"9":[2,2],"10":[1,1],"11":[1,1]},"_coverageSchema":"1a1c01bbd47fc00a2c39e90264f33305004495a9","hash":"dcdba597410b70ae30cb044e648e1dc5465e1ee9"}
,"D:\\University\\BackEnd_Dev\\FinTrackAPI\\src\\shared\\database\\prisma.js": {"path":"D:\\University\\BackEnd_Dev\\FinTrackAPI\\src\\shared\\database\\prisma.js","statementMap":{"0":{"start":{"line":1,"column":25},"end":{"line":1,"column":50}},"1":{"start":{"line":2,"column":17},"end":{"line":2,"column":30}},"2":{"start":{"line":3,"column":21},"end":{"line":3,"column":50}},"3":{"start":{"line":5,"column":13},"end":{"line":7,"column":2}},"4":{"start":{"line":9,"column":16},"end":{"line":9,"column":34}},"5":{"start":{"line":11,"column":15},"end":{"line":11,"column":44}},"6":{"start":{"line":13,"column":0},"end":{"line":13,"column":24}}},"fnMap":{},"branchMap":{},"s":{"0":13,"1":13,"2":13,"3":13,"4":13,"5":13,"6":13},"f":{},"b":{},"_coverageSchema":"1a1c01bbd47fc00a2c39e90264f33305004495a9","hash":"b8dbf040199eb275484016e78b2e954afc95bbd1"}
,"D:\\University\\BackEnd_Dev\\FinTrackAPI\\src\\shared\\utils\\ApiError.js": {"path":"D:\\University\\BackEnd_Dev\\FinTrackAPI\\src\\shared\\utils\\ApiError.js","statementMap":{"0":{"start":{"line":3,"column":4},"end":{"line":3,"column":19}},"1":{"start":{"line":4,"column":4},"end":{"line":4,"column":25}},"2":{"start":{"line":8,"column":4},"end":{"line":8,"column":38}},"3":{"start":{"line":12,"column":4},"end":{"line":12,"column":38}},"4":{"start":{"line":16,"column":4},"end":{"line":16,"column":38}},"5":{"start":{"line":20,"column":4},"end":{"line":20,"column":38}},"6":{"start":{"line":24,"column":4},"end":{"line":24,"column":38}},"7":{"start":{"line":28,"column":0},"end":{"line":28,"column":26}}},"fnMap":{"0":{"name":"(anonymous_0)","decl":{"start":{"line":2,"column":2},"end":{"line":2,"column":3}},"loc":{"start":{"line":2,"column":31},"end":{"line":5,"column":3}},"line":2},"1":{"name":"(anonymous_1)","decl":{"start":{"line":7,"column":2},"end":{"line":7,"column":3}},"loc":{"start":{"line":7,"column":29},"end":{"line":9,"column":3}},"line":7},"2":{"name":"(anonymous_2)","decl":{"start":{"line":11,"column":2},"end":{"line":11,"column":3}},"loc":{"start":{"line":11,"column":48},"end":{"line":13,"column":3}},"line":11},"3":{"name":"(anonymous_3)","decl":{"start":{"line":15,"column":2},"end":{"line":15,"column":3}},"loc":{"start":{"line":15,"column":42},"end":{"line":17,"column":3}},"line":15},"4":{"name":"(anonymous_4)","decl":{"start":{"line":19,"column":2},"end":{"line":19,"column":3}},"loc":{"start":{"line":19,"column":27},"end":{"line":21,"column":3}},"line":19},"5":{"name":"(anonymous_5)","decl":{"start":{"line":23,"column":2},"end":{"line":23,"column":3}},"loc":{"start":{"line":23,"column":27},"end":{"line":25,"column":3}},"line":23}},"branchMap":{"0":{"loc":{"start":{"line":11,"column":22},"end":{"line":11,"column":46}},"type":"default-arg","locations":[{"start":{"line":11,"column":32},"end":{"line":11,"column":46}}],"line":11},"1":{"loc":{"start":{"line":15,"column":19},"end":{"line":15,"column":40}},"type":"default-arg","locations":[{"start":{"line":15,"column":29},"end":{"line":15,"column":40}}],"line":15}},"s":{"0":36,"1":36,"2":16,"3":8,"4":2,"5":9,"6":1,"7":12},"f":{"0":36,"1":16,"2":8,"3":2,"4":9,"5":1},"b":{"0":[3],"1":[1]},"_coverageSchema":"1a1c01bbd47fc00a2c39e90264f33305004495a9","hash":"57e35eb8d266c33c8622d1396a5759780baebee0"}
,"D:\\University\\BackEnd_Dev\\FinTrackAPI\\src\\shared\\utils\\catchAsync.js": {"path":"D:\\University\\BackEnd_Dev\\FinTrackAPI\\src\\shared\\utils\\catchAsync.js","statementMap":{"0":{"start":{"line":1,"column":0},"end":{"line":5,"column":2}},"1":{"start":{"line":2,"column":2},"end":{"line":4,"column":4}},"2":{"start":{"line":3,"column":4},"end":{"line":3,"column":49}},"3":{"start":{"line":3,"column":38},"end":{"line":3,"column":47}}},"fnMap":{"0":{"name":"(anonymous_0)","decl":{"start":{"line":1,"column":17},"end":{"line":1,"column":18}},"loc":{"start":{"line":1,"column":25},"end":{"line":5,"column":1}},"line":1},"1":{"name":"(anonymous_1)","decl":{"start":{"line":2,"column":9},"end":{"line":2,"column":10}},"loc":{"start":{"line":2,"column":29},"end":{"line":4,"column":3}},"line":2},"2":{"name":"(anonymous_2)","decl":{"start":{"line":3,"column":29},"end":{"line":3,"column":30}},"loc":{"start":{"line":3,"column":38},"end":{"line":3,"column":47}},"line":3}},"branchMap":{},"s":{"0":11,"1":281,"2":67,"3":14},"f":{"0":281,"1":67,"2":14},"b":{},"_coverageSchema":"1a1c01bbd47fc00a2c39e90264f33305004495a9","hash":"d1f5cb75526d625fcff8d6d4706287426319bbaa"}
,"D:\\University\\BackEnd_Dev\\FinTrackAPI\\src\\shared\\utils\\swagger.js": {"path":"D:\\University\\BackEnd_Dev\\FinTrackAPI\\src\\shared\\utils\\swagger.js","statementMap":{"0":{"start":{"line":1,"column":18},"end":{"line":1,"column":47}},"1":{"start":{"line":3,"column":24},"end":{"line":801,"column":1}},"2":{"start":{"line":803,"column":21},"end":{"line":805,"column":1}},"3":{"start":{"line":804,"column":2},"end":{"line":804,"column":74}},"4":{"start":{"line":807,"column":0},"end":{"line":807,"column":30}}},"fnMap":{"0":{"name":"(anonymous_0)","decl":{"start":{"line":803,"column":21},"end":{"line":803,"column":22}},"loc":{"start":{"line":803,"column":30},"end":{"line":805,"column":1}},"line":803}},"branchMap":{},"s":{"0":10,"1":10,"2":10,"3":10,"4":10},"f":{"0":10},"b":{},"_coverageSchema":"1a1c01bbd47fc00a2c39e90264f33305004495a9","hash":"3a634251dceb08f47b0dc82212d3404ab83af191"}
,"D:\\University\\BackEnd_Dev\\FinTrackAPI\\src\\shared\\utils\\validateEmail.js": {"path":"D:\\University\\BackEnd_Dev\\FinTrackAPI\\src\\shared\\utils\\validateEmail.js","statementMap":{"0":{"start":{"line":1,"column":17},"end":{"line":1,"column":38}},"1":{"start":{"line":3,"column":28},"end":{"line":32,"column":1}},"2":{"start":{"line":4,"column":17},"end":{"line":4,"column":50}},"3":{"start":{"line":7,"column":22},"end":{"line":7,"column":50}},"4":{"start":{"line":8,"column":27},"end":{"line":8,"column":69}},"5":{"start":{"line":10,"column":2},"end":{"line":15,"column":3}},"6":{"start":{"line":11,"column":30},"end":{"line":11,"column":50}},"7":{"start":{"line":12,"column":33},"end":{"line":12,"column":51}},"8":{"start":{"line":14,"column":4},"end":{"line":14,"column":91}},"9":{"start":{"line":18,"column":16},"end":{"line":25,"column":3}},"10":{"start":{"line":27,"column":2},"end":{"line":31,"column":3}},"11":{"start":{"line":28,"column":4},"end":{"line":30,"column":6}},"12":{"start":{"line":34,"column":0},"end":{"line":34,"column":37}}},"fnMap":{"0":{"name":"(anonymous_0)","decl":{"start":{"line":3,"column":28},"end":{"line":3,"column":29}},"loc":{"start":{"line":3,"column":39},"end":{"line":32,"column":1}},"line":3},"1":{"name":"(anonymous_1)","decl":{"start":{"line":11,"column":21},"end":{"line":11,"column":22}},"loc":{"start":{"line":11,"column":30},"end":{"line":11,"column":50}},"line":11},"2":{"name":"(anonymous_2)","decl":{"start":{"line":12,"column":26},"end":{"line":12,"column":27}},"loc":{"start":{"line":12,"column":33},"end":{"line":12,"column":51}},"line":12}},"branchMap":{"0":{"loc":{"start":{"line":10,"column":2},"end":{"line":15,"column":3}},"type":"if","locations":[{"start":{"line":10,"column":2},"end":{"line":15,"column":3}},{"start":{},"end":{}}],"line":10},"1":{"loc":{"start":{"line":11,"column":4},"end":{"line":12,"column":52}},"type":"binary-expr","locations":[{"start":{"line":11,"column":4},"end":{"line":11,"column":51}},{"start":{"line":12,"column":4},"end":{"line":12,"column":52}}],"line":11},"2":{"loc":{"start":{"line":27,"column":2},"end":{"line":31,"column":3}},"type":"if","locations":[{"start":{"line":27,"column":2},"end":{"line":31,"column":3}},{"start":{},"end":{}}],"line":27}},"s":{"0":10,"1":10,"2":15,"3":15,"4":15,"5":15,"6":55,"7":52,"8":2,"9":13,"10":13,"11":1,"12":10},"f":{"0":15,"1":55,"2":52},"b":{"0":[2,13],"1":[15,13],"2":[1,12]},"_coverageSchema":"1a1c01bbd47fc00a2c39e90264f33305004495a9","hash":"f5fd78a2e805884610ca4933f064b4d4971f513c"}
,"D:\\University\\BackEnd_Dev\\FinTrackAPI\\src\\shared\\validations\\auth.validation.js": {"path":"D:\\University\\BackEnd_Dev\\FinTrackAPI\\src\\shared\\validations\\auth.validation.js","statementMap":{"0":{"start":{"line":1,"column":12},"end":{"line":1,"column":26}},"1":{"start":{"line":3,"column":17},"end":{"line":9,"column":1}},"2":{"start":{"line":11,"column":14},"end":{"line":16,"column":1}},"3":{"start":{"line":18,"column":0},"end":{"line":21,"column":2}}},"fnMap":{},"branchMap":{},"s":{"0":10,"1":10,"2":10,"3":10},"f":{},"b":{},"_coverageSchema":"1a1c01bbd47fc00a2c39e90264f33305004495a9","hash":"690cfbc20aa6188d73739e7dd992a0cbfe5877b4"}
,"D:\\University\\BackEnd_Dev\\FinTrackAPI\\src\\shared\\validations\\budget.validation.js": {"path":"D:\\University\\BackEnd_Dev\\FinTrackAPI\\src\\shared\\validations\\budget.validation.js","statementMap":{"0":{"start":{"line":1,"column":12},"end":{"line":1,"column":26}},"1":{"start":{"line":3,"column":18},"end":{"line":10,"column":1}},"2":{"start":{"line":12,"column":0},"end":{"line":14,"column":2}}},"fnMap":{},"branchMap":{},"s":{"0":10,"1":10,"2":10},"f":{},"b":{},"_coverageSchema":"1a1c01bbd47fc00a2c39e90264f33305004495a9","hash":"dc18bd48b70d94d1de00e59d2c5b837f6f408ca3"}
,"D:\\University\\BackEnd_Dev\\FinTrackAPI\\src\\shared\\validations\\category.validation.js": {"path":"D:\\University\\BackEnd_Dev\\FinTrackAPI\\src\\shared\\validations\\category.validation.js","statementMap":{"0":{"start":{"line":1,"column":12},"end":{"line":1,"column":26}},"1":{"start":{"line":3,"column":23},"end":{"line":11,"column":1}},"2":{"start":{"line":13,"column":23},"end":{"line":25,"column":1}},"3":{"start":{"line":27,"column":0},"end":{"line":30,"column":2}}},"fnMap":{},"branchMap":{},"s":{"0":10,"1":10,"2":10,"3":10},"f":{},"b":{},"_coverageSchema":"1a1c01bbd47fc00a2c39e90264f33305004495a9","hash":"689c1bf1b7bf2222c521cd59467ac27c209a996c"}
,"D:\\University\\BackEnd_Dev\\FinTrackAPI\\src\\shared\\validations\\common.validation.js": {"path":"D:\\University\\BackEnd_Dev\\FinTrackAPI\\src\\shared\\validations\\common.validation.js","statementMap":{"0":{"start":{"line":1,"column":12},"end":{"line":1,"column":26}},"1":{"start":{"line":3,"column":18},"end":{"line":7,"column":1}},"2":{"start":{"line":9,"column":24},"end":{"line":17,"column":1}},"3":{"start":{"line":19,"column":23},"end":{"line":26,"column":1}},"4":{"start":{"line":28,"column":0},"end":{"line":32,"column":2}}},"fnMap":{},"branchMap":{},"s":{"0":10,"1":10,"2":10,"3":10,"4":10},"f":{},"b":{},"_coverageSchema":"1a1c01bbd47fc00a2c39e90264f33305004495a9","hash":"9f1200f758c53031d64c1e4c3389345429d46e21"}
,"D:\\University\\BackEnd_Dev\\FinTrackAPI\\src\\shared\\validations\\export.validation.js": {"path":"D:\\University\\BackEnd_Dev\\FinTrackAPI\\src\\shared\\validations\\export.validation.js","statementMap":{"0":{"start":{"line":1,"column":12},"end":{"line":1,"column":26}},"1":{"start":{"line":3,"column":20},"end":{"line":13,"column":1}},"2":{"start":{"line":15,"column":0},"end":{"line":17,"column":2}}},"fnMap":{},"branchMap":{},"s":{"0":10,"1":10,"2":10},"f":{},"b":{},"_coverageSchema":"1a1c01bbd47fc00a2c39e90264f33305004495a9","hash":"244325ac0245d2ff63a57a07cceff049dacabaed"}
,"D:\\University\\BackEnd_Dev\\FinTrackAPI\\src\\shared\\validations\\report.validation.js": {"path":"D:\\University\\BackEnd_Dev\\FinTrackAPI\\src\\shared\\validations\\report.validation.js","statementMap":{"0":{"start":{"line":1,"column":12},"end":{"line":1,"column":26}},"1":{"start":{"line":3,"column":25},"end":{"line":11,"column":1}},"2":{"start":{"line":13,"column":20},"end":{"line":21,"column":1}},"3":{"start":{"line":23,"column":0},"end":{"line":26,"column":2}}},"fnMap":{},"branchMap":{},"s":{"0":10,"1":10,"2":10,"3":10},"f":{},"b":{},"_coverageSchema":"1a1c01bbd47fc00a2c39e90264f33305004495a9","hash":"afaf8cd49e74c6ec6ec925019c63fba440477128"}
,"D:\\University\\BackEnd_Dev\\FinTrackAPI\\src\\shared\\validations\\setting.validation.js": {"path":"D:\\University\\BackEnd_Dev\\FinTrackAPI\\src\\shared\\validations\\setting.validation.js","statementMap":{"0":{"start":{"line":1,"column":12},"end":{"line":1,"column":26}},"1":{"start":{"line":3,"column":20},"end":{"line":7,"column":1}},"2":{"start":{"line":9,"column":0},"end":{"line":11,"column":2}}},"fnMap":{},"branchMap":{},"s":{"0":10,"1":10,"2":10},"f":{},"b":{},"_coverageSchema":"1a1c01bbd47fc00a2c39e90264f33305004495a9","hash":"6d8a4e3226f95fbbcadd19ba19548cc444eaf687"}
,"D:\\University\\BackEnd_Dev\\FinTrackAPI\\src\\shared\\validations\\transaction.validation.js": {"path":"D:\\University\\BackEnd_Dev\\FinTrackAPI\\src\\shared\\validations\\transaction.validation.js","statementMap":{"0":{"start":{"line":1,"column":12},"end":{"line":1,"column":26}},"1":{"start":{"line":3,"column":26},"end":{"line":11,"column":1}},"2":{"start":{"line":13,"column":26},"end":{"line":26,"column":1}},"3":{"start":{"line":28,"column":0},"end":{"line":31,"column":2}}},"fnMap":{},"branchMap":{},"s":{"0":10,"1":10,"2":10,"3":10},"f":{},"b":{},"_coverageSchema":"1a1c01bbd47fc00a2c39e90264f33305004495a9","hash":"3fcc16feb7cb47507ca5fefaf14e29effda4e75a"}
}
