TN:
SF:src\app.js
FN:16,(anonymous_0)
FN:20,(anonymous_1)
FNF:2
FNH:2
FNDA:1,(anonymous_0)
FNDA:1,(anonymous_1)
DA:1,10
DA:2,10
DA:3,10
DA:4,10
DA:5,10
DA:6,10
DA:8,10
DA:9,10
DA:11,10
DA:12,10
DA:14,10
DA:16,10
DA:17,1
DA:20,10
DA:21,1
DA:24,10
DA:26,10
LF:17
LH:17
BRF:0
BRH:0
end_of_record
TN:
SF:src\api\router.js
FNF:0
FNH:0
DA:1,10
DA:2,10
DA:4,10
DA:5,10
DA:6,10
DA:7,10
DA:8,10
DA:9,10
DA:10,10
DA:11,10
DA:13,10
DA:14,10
DA:16,10
DA:18,10
DA:19,10
DA:20,10
DA:21,10
DA:22,10
DA:23,10
DA:24,10
DA:26,10
LF:21
LH:21
BRF:0
BRH:0
end_of_record
TN:
SF:src\api\middlewares\audit.middleware.js
FN:3,(anonymous_0)
FN:4,(anonymous_1)
FN:5,(anonymous_2)
FN:26,(anonymous_3)
FNF:4
FNH:4
FNDA:122,(anonymous_0)
FNDA:46,(anonymous_1)
FNDA:46,(anonymous_2)
FNDA:1,(anonymous_3)
DA:1,11
DA:3,11
DA:4,122
DA:5,46
DA:6,46
DA:7,37
DA:8,37
DA:10,37
DA:15,37
DA:16,33
DA:18,36
DA:19,9
DA:22,36
DA:27,1
DA:30,1
DA:34,46
DA:38,11
LF:17
LH:17
BRDA:6,0,0,37
BRDA:6,0,1,9
BRDA:6,1,0,46
BRDA:6,1,1,46
BRDA:8,2,0,21
BRDA:8,2,1,16
BRDA:15,3,0,33
BRDA:15,3,1,3
BRDA:15,4,0,37
BRDA:15,4,1,33
BRDA:15,4,2,33
BRDA:18,5,0,9
BRDA:18,5,1,27
BRDA:18,6,0,36
BRDA:18,6,1,36
BRF:15
BRH:15
end_of_record
TN:
SF:src\api\middlewares\auth.middleware.js
FN:4,(anonymous_0)
FNF:1
FNH:1
FNDA:50,(anonymous_0)
DA:1,11
DA:2,11
DA:4,11
DA:5,50
DA:6,50
DA:7,50
DA:8,1
DA:11,49
DA:12,48
DA:13,1
DA:16,47
DA:17,47
DA:19,1
LF:13
LH:13
BRDA:7,0,0,1
BRDA:7,0,1,49
BRDA:12,1,0,1
BRDA:12,1,1,47
BRF:4
BRH:4
end_of_record
TN:
SF:src\api\middlewares\error.middleware.js
FN:3,(anonymous_0)
FNF:1
FNH:1
FNDA:34,(anonymous_0)
DA:1,11
DA:3,11
DA:9,34
DA:10,22
DA:16,12
DA:17,5
DA:19,2
DA:20,2
DA:26,1
DA:31,1
DA:36,1
DA:43,7
DA:44,1
DA:50,6
DA:56,4
DA:62,2
LF:16
LH:16
BRDA:9,0,0,22
BRDA:9,0,1,12
BRDA:16,1,0,5
BRDA:16,1,1,7
BRDA:16,2,0,12
BRDA:16,2,1,5
BRDA:17,3,0,2
BRDA:17,3,1,1
BRDA:17,3,2,1
BRDA:17,3,3,1
BRDA:19,4,0,1
BRDA:19,4,1,1
BRDA:43,5,0,1
BRDA:43,5,1,6
BRDA:43,6,0,7
BRDA:43,6,1,1
BRDA:43,6,2,1
BRDA:50,7,0,4
BRDA:50,7,1,2
BRDA:51,8,0,6
BRDA:51,8,1,5
BRDA:51,8,2,4
BRDA:51,8,3,3
BRDA:65,9,0,1
BRDA:65,9,1,1
BRF:25
BRH:25
end_of_record
TN:
SF:src\api\middlewares\validate.middleware.js
FN:4,(anonymous_0)
FN:4,(anonymous_1)
FN:16,(anonymous_2)
FNF:3
FNH:3
FNDA:230,(anonymous_0)
FNDA:65,(anonymous_1)
FNDA:7,(anonymous_2)
DA:1,10
DA:2,10
DA:4,230
DA:5,65
DA:6,65
DA:8,65
DA:9,65
DA:10,65
DA:12,65
DA:14,65
DA:15,6
DA:16,7
DA:19,6
DA:22,59
DA:23,59
DA:24,59
DA:26,59
DA:29,10
LF:18
LH:18
BRDA:8,0,0,14
BRDA:8,0,1,51
BRDA:9,1,0,11
BRDA:9,1,1,54
BRDA:10,2,0,46
BRDA:10,2,1,19
BRDA:14,3,0,6
BRDA:14,3,1,59
BRDA:22,4,0,14
BRDA:22,4,1,45
BRDA:23,5,0,10
BRDA:23,5,1,49
BRDA:24,6,0,41
BRDA:24,6,1,18
BRF:14
BRH:14
end_of_record
TN:
SF:src\models\nosql\AuditLog.js
FN:13,(anonymous_0)
FNF:1
FNH:1
FNDA:1,(anonymous_0)
DA:1,13
DA:3,13
DA:14,1
DA:15,1
DA:16,1
DA:22,13
DA:24,13
LF:7
LH:7
BRF:0
BRH:0
end_of_record
TN:
SF:src\models\nosql\UserSetting.js
FN:12,(anonymous_0)
FNF:1
FNH:1
FNDA:2,(anonymous_0)
DA:1,12
DA:3,12
DA:13,2
DA:14,2
DA:15,2
DA:21,12
LF:6
LH:6
BRF:0
BRH:0
end_of_record
TN:
SF:src\modules\auth\auth.controller.js
FN:7,(anonymous_0)
FN:22,(anonymous_1)
FN:33,(anonymous_2)
FN:39,(anonymous_3)
FN:54,(anonymous_4)
FN:59,(anonymous_5)
FNF:6
FNH:6
FNDA:15,(anonymous_0)
FNDA:6,(anonymous_1)
FNDA:1,(anonymous_2)
FNDA:3,(anonymous_3)
FNDA:1,(anonymous_4)
FNDA:16,(anonymous_5)
DA:1,10
DA:2,10
DA:3,10
DA:4,10
DA:7,10
DA:8,15
DA:10,15
DA:11,15
DA:13,12
DA:14,11
DA:16,11
DA:22,10
DA:23,6
DA:24,6
DA:25,4
DA:27,4
DA:33,10
DA:34,1
DA:35,1
DA:36,1
DA:39,10
DA:40,3
DA:41,3
DA:42,1
DA:45,2
DA:46,1
DA:48,1
DA:54,10
DA:55,1
DA:56,1
DA:60,16
DA:64,16
DA:71,10
LF:33
LH:33
BRDA:41,0,0,1
BRDA:41,0,1,2
BRF:2
BRH:2
end_of_record
TN:
SF:src\modules\auth\auth.repository.js
FN:4,(anonymous_0)
FN:8,(anonymous_1)
FN:12,(anonymous_2)
FNF:3
FNH:3
FNDA:18,(anonymous_0)
FNDA:6,(anonymous_1)
FNDA:11,(anonymous_2)
DA:1,13
DA:5,18
DA:9,6
DA:13,11
DA:19,13
LF:5
LH:5
BRF:0
BRH:0
end_of_record
TN:
SF:src\modules\auth\auth.routes.js
FNF:0
FNH:0
DA:1,10
DA:2,10
DA:3,10
DA:4,10
DA:5,10
DA:7,10
DA:8,10
DA:10,10
DA:11,10
DA:13,10
DA:14,10
DA:15,10
DA:17,10
LF:13
LH:13
BRF:0
BRH:0
end_of_record
TN:
SF:src\modules\auth\auth.service.js
FN:7,(anonymous_0)
FN:24,(anonymous_1)
FN:43,(anonymous_2)
FN:65,(anonymous_3)
FN:73,(anonymous_4)
FN:83,(anonymous_5)
FN:91,(anonymous_6)
FNF:7
FNH:7
FNDA:12,(anonymous_0)
FNDA:6,(anonymous_1)
FNDA:4,(anonymous_2)
FNDA:3,(anonymous_3)
FNDA:17,(anonymous_4)
FNDA:49,(anonymous_5)
FNDA:3,(anonymous_6)
DA:1,12
DA:2,12
DA:3,12
DA:4,12
DA:8,12
DA:9,12
DA:10,12
DA:11,1
DA:14,11
DA:15,11
DA:17,11
DA:18,11
DA:25,6
DA:26,6
DA:27,6
DA:28,1
DA:31,5
DA:32,5
DA:33,1
DA:36,4
DA:37,4
DA:44,4
DA:45,1
DA:48,3
DA:49,3
DA:50,1
DA:53,2
DA:54,2
DA:55,1
DA:58,1
DA:59,1
DA:66,3
DA:67,2
DA:68,1
DA:70,1
DA:74,17
DA:77,17
DA:80,17
DA:84,49
DA:85,49
DA:87,2
DA:92,3
DA:93,3
DA:95,1
DA:100,12
LF:45
LH:45
BRDA:10,0,0,1
BRDA:10,0,1,11
BRDA:27,1,0,1
BRDA:27,1,1,5
BRDA:32,2,0,1
BRDA:32,2,1,4
BRDA:44,3,0,1
BRDA:44,3,1,3
BRDA:49,4,0,1
BRDA:49,4,1,2
BRDA:54,5,0,1
BRDA:54,5,1,1
BRDA:67,6,0,1
BRDA:67,6,1,1
BRDA:74,7,0,17
BRDA:74,7,1,17
BRDA:77,8,0,17
BRDA:77,8,1,17
BRDA:85,9,0,49
BRDA:85,9,1,49
BRDA:93,10,0,3
BRDA:93,10,1,3
BRF:22
BRH:22
end_of_record
TN:
SF:src\modules\budgets\budget.controller.js
FN:5,(anonymous_0)
FN:11,(anonymous_1)
FN:18,(anonymous_2)
FN:25,(anonymous_3)
FNF:4
FNH:4
FNDA:1,(anonymous_0)
FNDA:3,(anonymous_1)
FNDA:1,(anonymous_2)
FNDA:1,(anonymous_3)
DA:1,10
DA:2,10
DA:5,10
DA:6,1
DA:7,1
DA:8,1
DA:11,10
DA:12,3
DA:13,3
DA:14,3
DA:15,2
DA:18,10
DA:19,1
DA:20,1
DA:21,1
DA:22,1
DA:25,10
DA:26,1
DA:27,1
DA:28,1
DA:32,10
LF:21
LH:21
BRF:0
BRH:0
end_of_record
TN:
SF:src\modules\budgets\budget.repository.js
FN:4,(anonymous_0)
FN:14,(anonymous_1)
FN:20,(anonymous_2)
FN:27,(anonymous_3)
FN:33,(anonymous_4)
FN:37,(anonymous_5)
FN:44,(anonymous_6)
FNF:7
FNH:7
FNDA:1,(anonymous_0)
FNDA:1,(anonymous_1)
FNDA:1,(anonymous_2)
FNDA:11,(anonymous_3)
FNDA:2,(anonymous_4)
FNDA:1,(anonymous_5)
FNDA:2,(anonymous_6)
DA:1,13
DA:5,1
DA:15,1
DA:21,1
DA:28,11
DA:34,2
DA:38,1
DA:45,2
DA:51,13
LF:9
LH:9
BRF:0
BRH:0
end_of_record
TN:
SF:src\modules\budgets\budget.routes.js
FNF:0
FNH:0
DA:1,10
DA:2,10
DA:3,10
DA:4,10
DA:5,10
DA:6,10
DA:7,10
DA:9,10
DA:10,10
DA:11,10
DA:12,10
DA:19,10
LF:12
LH:12
BRF:0
BRH:0
end_of_record
TN:
SF:src\modules\budgets\budget.service.js
FN:5,(anonymous_0)
FN:11,(anonymous_1)
FN:18,(anonymous_2)
FN:23,(anonymous_3)
FNF:4
FNH:4
FNDA:4,(anonymous_0)
FNDA:3,(anonymous_1)
FNDA:1,(anonymous_2)
FNDA:1,(anonymous_3)
DA:1,12
DA:2,12
DA:6,4
DA:7,4
DA:8,3
DA:12,3
DA:13,3
DA:15,2
DA:19,1
DA:20,1
DA:24,1
DA:25,1
DA:26,1
DA:30,12
LF:14
LH:14
BRDA:7,0,0,1
BRDA:7,0,1,3
BRDA:13,1,0,1
BRDA:13,1,1,2
BRF:4
BRH:4
end_of_record
TN:
SF:src\modules\categories\category.controller.js
FN:5,(anonymous_0)
FN:12,(anonymous_1)
FN:19,(anonymous_2)
FN:26,(anonymous_3)
FN:34,(anonymous_4)
FNF:5
FNH:5
FNDA:1,(anonymous_0)
FNDA:2,(anonymous_1)
FNDA:8,(anonymous_2)
FNDA:1,(anonymous_3)
FNDA:1,(anonymous_4)
DA:1,11
DA:2,11
DA:5,11
DA:6,1
DA:7,1
DA:8,1
DA:9,1
DA:12,11
DA:13,2
DA:14,2
DA:15,2
DA:16,1
DA:19,11
DA:20,8
DA:21,8
DA:22,8
DA:23,8
DA:26,11
DA:27,1
DA:28,1
DA:29,1
DA:30,1
DA:31,1
DA:34,11
DA:35,1
DA:36,1
DA:37,1
DA:38,1
DA:42,11
LF:29
LH:29
BRDA:7,0,0,1
BRDA:7,1,0,1
BRF:2
BRH:2
end_of_record
TN:
SF:src\modules\categories\category.repository.js
FN:4,(anonymous_0)
FN:25,(anonymous_1)
FN:41,(anonymous_2)
FN:48,(anonymous_3)
FN:52,(anonymous_4)
FN:59,(anonymous_5)
FNF:6
FNH:6
FNDA:4,(anonymous_0)
FNDA:3,(anonymous_1)
FNDA:3,(anonymous_2)
FNDA:8,(anonymous_3)
FNDA:1,(anonymous_4)
FNDA:1,(anonymous_5)
DA:1,13
DA:5,4
DA:10,4
DA:11,1
DA:17,4
DA:26,3
DA:31,3
DA:32,1
DA:38,3
DA:42,3
DA:49,8
DA:53,1
DA:60,1
DA:67,13
LF:14
LH:14
BRDA:10,0,0,1
BRDA:10,0,1,3
BRDA:31,1,0,1
BRDA:31,1,1,2
BRF:4
BRH:4
end_of_record
TN:
SF:src\modules\categories\category.routes.js
FNF:0
FNH:0
DA:1,10
DA:2,10
DA:3,10
DA:4,10
DA:5,10
DA:6,10
DA:7,10
DA:9,10
DA:10,10
DA:11,10
DA:12,10
DA:18,10
DA:20,10
LF:13
LH:13
BRF:0
BRH:0
end_of_record
TN:
SF:src\modules\categories\category.service.js
FN:5,(anonymous_0)
FN:25,(anonymous_1)
FN:31,(anonymous_2)
FN:35,(anonymous_3)
FN:40,(anonymous_4)
FNF:5
FNH:5
FNDA:2,(anonymous_0)
FNDA:3,(anonymous_1)
FNDA:8,(anonymous_2)
FNDA:1,(anonymous_3)
FNDA:1,(anonymous_4)
DA:1,12
DA:2,12
DA:6,2
DA:7,2
DA:8,2
DA:10,2
DA:11,2
DA:12,2
DA:14,2
DA:26,3
DA:27,3
DA:28,2
DA:32,8
DA:36,1
DA:37,1
DA:41,1
DA:42,1
DA:43,1
DA:47,12
LF:19
LH:19
BRDA:6,0,0,2
BRDA:6,0,1,1
BRDA:7,1,0,2
BRDA:7,1,1,1
BRDA:27,2,0,1
BRDA:27,2,1,2
BRF:6
BRH:6
end_of_record
TN:
SF:src\modules\export\export.controller.js
FN:5,(anonymous_0)
FNF:1
FNH:1
FNDA:1,(anonymous_0)
DA:1,10
DA:2,10
DA:5,10
DA:6,1
DA:7,1
DA:9,1
DA:16,1
DA:18,1
DA:22,1
DA:24,1
DA:28,10
LF:11
LH:11
BRF:0
BRH:0
end_of_record
TN:
SF:src\modules\export\export.routes.js
FNF:0
FNH:0
DA:1,10
DA:2,10
DA:3,10
DA:4,10
DA:5,10
DA:7,10
DA:9,10
LF:7
LH:7
BRF:0
BRH:0
end_of_record
TN:
SF:src\modules\export\export.service.js
FN:6,(anonymous_0)
FN:35,(anonymous_1)
FN:56,(anonymous_2)
FN:72,(anonymous_3)
FNF:4
FNH:4
FNDA:5,(anonymous_0)
FNDA:10,(anonymous_1)
FNDA:2,(anonymous_2)
FNDA:10,(anonymous_3)
DA:1,12
DA:2,12
DA:3,12
DA:7,5
DA:9,5
DA:10,3
DA:12,3
DA:13,1
DA:17,2
DA:21,2
DA:22,2
DA:24,2
DA:32,2
DA:33,2
DA:35,2
DA:36,10
DA:41,10
DA:47,10
DA:48,10
DA:56,2
DA:58,2
DA:62,2
DA:70,2
DA:72,2
DA:73,10
DA:74,10
DA:75,10
DA:83,2
DA:84,1
DA:86,1
DA:90,2
DA:91,2
DA:93,2
DA:97,12
LF:34
LH:34
BRDA:9,0,0,3
BRDA:9,0,1,2
BRDA:9,1,0,5
BRDA:9,1,1,5
BRDA:10,2,0,3
BRDA:10,2,1,1
BRDA:12,3,0,1
BRDA:12,3,1,2
BRDA:58,4,0,1
BRDA:58,4,1,1
BRDA:64,5,0,1
BRDA:64,5,1,1
BRDA:65,6,0,1
BRDA:65,6,1,1
BRDA:67,7,0,1
BRDA:67,7,1,1
BRDA:83,8,0,1
BRDA:83,8,1,1
BRF:18
BRH:18
end_of_record
TN:
SF:src\modules\logs\log.controller.js
FN:4,(anonymous_0)
FN:13,(anonymous_1)
FNF:2
FNH:2
FNDA:2,(anonymous_0)
FNDA:2,(anonymous_1)
DA:1,12
DA:5,2
DA:6,2
DA:7,1
DA:9,1
DA:14,2
DA:15,2
DA:16,2
DA:17,1
DA:19,1
DA:24,12
LF:11
LH:11
BRF:0
BRH:0
end_of_record
TN:
SF:src\modules\logs\log.repository.js
FN:4,(anonymous_0)
FN:8,(anonymous_1)
FN:12,(anonymous_2)
FNF:3
FNH:3
FNDA:3,(anonymous_0)
FNDA:2,(anonymous_1)
FNDA:1,(anonymous_2)
DA:1,13
DA:5,3
DA:9,2
DA:13,1
DA:17,13
LF:5
LH:5
BRF:0
BRH:0
end_of_record
TN:
SF:src\modules\logs\log.routes.js
FNF:0
FNH:0
DA:1,10
DA:2,10
DA:3,10
DA:5,10
DA:7,10
LF:5
LH:5
BRF:0
BRH:0
end_of_record
TN:
SF:src\modules\logs\log.service.js
FN:4,(anonymous_0)
FN:8,(anonymous_1)
FNF:2
FNH:2
FNDA:2,(anonymous_0)
FNDA:2,(anonymous_1)
DA:1,13
DA:5,2
DA:9,2
DA:13,13
LF:4
LH:4
BRF:0
BRH:0
end_of_record
TN:
SF:src\modules\reports\report.controller.js
FN:5,(anonymous_0)
FN:12,(anonymous_1)
FN:19,(anonymous_2)
FN:26,(anonymous_3)
FNF:4
FNH:4
FNDA:1,(anonymous_0)
FNDA:1,(anonymous_1)
FNDA:1,(anonymous_2)
FNDA:1,(anonymous_3)
DA:1,10
DA:2,10
DA:5,10
DA:6,1
DA:7,1
DA:8,1
DA:9,1
DA:12,10
DA:13,1
DA:14,1
DA:15,1
DA:16,1
DA:19,10
DA:20,1
DA:21,1
DA:22,1
DA:23,1
DA:26,10
DA:27,1
DA:28,1
DA:29,1
DA:33,10
LF:22
LH:22
BRF:0
BRH:0
end_of_record
TN:
SF:src\modules\reports\report.repository.js
FN:4,(anonymous_0)
FN:31,(anonymous_1)
FN:43,(anonymous_2)
FN:43,(anonymous_3)
FN:50,(anonymous_4)
FN:51,(anonymous_5)
FN:59,(anonymous_6)
FN:62,(anonymous_7)
FN:74,(anonymous_8)
FN:85,(anonymous_9)
FNF:10
FNH:10
FNDA:2,(anonymous_0)
FNDA:2,(anonymous_1)
FNDA:3,(anonymous_2)
FNDA:3,(anonymous_3)
FNDA:3,(anonymous_4)
FNDA:4,(anonymous_5)
FNDA:1,(anonymous_6)
FNDA:1,(anonymous_7)
FNDA:3,(anonymous_8)
FNDA:3,(anonymous_9)
DA:1,12
DA:5,2
DA:11,2
DA:16,2
DA:21,2
DA:22,2
DA:24,2
DA:32,2
DA:43,3
DA:44,2
DA:49,2
DA:51,4
DA:52,3
DA:59,1
DA:63,1
DA:75,3
DA:76,3
DA:77,3
DA:79,3
DA:84,3
DA:86,3
DA:97,3
DA:98,3
DA:99,3
DA:101,3
DA:113,3
DA:117,12
LF:27
LH:27
BRDA:21,0,0,2
BRDA:21,0,1,2
BRDA:22,1,0,2
BRDA:22,1,1,1
BRDA:97,2,0,3
BRDA:97,2,1,1
BRDA:99,3,0,2
BRDA:99,3,1,1
BRF:8
BRH:8
end_of_record
TN:
SF:src\modules\reports\report.routes.js
FNF:0
FNH:0
DA:1,10
DA:2,10
DA:3,10
DA:4,10
DA:5,10
DA:6,10
DA:8,10
DA:9,10
DA:10,10
DA:11,10
DA:13,10
LF:11
LH:11
BRF:0
BRH:0
end_of_record
TN:
SF:src\modules\reports\report.service.js
FN:5,(anonymous_0)
FN:17,(anonymous_1)
FN:22,(anonymous_2)
FN:27,(anonymous_3)
FN:31,(anonymous_4)
FN:48,(anonymous_5)
FNF:6
FNH:6
FNDA:6,(anonymous_0)
FNDA:1,(anonymous_1)
FNDA:1,(anonymous_2)
FNDA:3,(anonymous_3)
FNDA:4,(anonymous_4)
FNDA:1,(anonymous_5)
DA:1,12
DA:2,12
DA:6,6
DA:7,6
DA:8,6
DA:10,6
DA:11,1
DA:14,5
DA:18,1
DA:19,1
DA:23,1
DA:24,1
DA:28,3
DA:29,3
DA:31,3
DA:32,4
DA:33,4
DA:35,4
DA:36,2
DA:39,4
DA:40,4
DA:42,4
DA:45,3
DA:49,1
DA:53,12
LF:25
LH:25
BRDA:7,0,0,2
BRDA:7,0,1,4
BRDA:8,1,0,2
BRDA:8,1,1,4
BRDA:10,2,0,1
BRDA:10,2,1,5
BRDA:22,3,0,1
BRDA:27,4,0,1
BRDA:33,5,0,3
BRDA:33,5,1,1
BRDA:35,6,0,2
BRDA:35,6,1,2
BRDA:39,7,0,1
BRDA:39,7,1,3
BRDA:40,8,0,2
BRDA:40,8,1,2
BRF:16
BRH:16
end_of_record
TN:
SF:src\modules\settings\setting.controller.js
FN:5,(anonymous_0)
FN:11,(anonymous_1)
FNF:2
FNH:2
FNDA:1,(anonymous_0)
FNDA:1,(anonymous_1)
DA:1,10
DA:2,10
DA:5,10
DA:6,1
DA:7,1
DA:8,1
DA:11,10
DA:12,1
DA:13,1
DA:14,1
DA:15,1
DA:19,10
LF:12
LH:12
BRF:0
BRH:0
end_of_record
TN:
SF:src\modules\settings\setting.repository.js
FN:4,(anonymous_0)
FN:12,(anonymous_1)
FNF:2
FNH:2
FNDA:3,(anonymous_0)
FNDA:1,(anonymous_1)
DA:1,12
DA:5,3
DA:6,3
DA:7,2
DA:9,3
DA:13,1
DA:21,12
LF:7
LH:7
BRDA:6,0,0,2
BRDA:6,0,1,1
BRF:2
BRH:2
end_of_record
TN:
SF:src\modules\settings\setting.routes.js
FNF:0
FNH:0
DA:1,10
DA:2,10
DA:3,10
DA:4,10
DA:5,10
DA:6,10
DA:8,10
DA:9,10
DA:16,10
LF:9
LH:9
BRF:0
BRH:0
end_of_record
TN:
SF:src\modules\settings\setting.service.js
FN:4,(anonymous_0)
FN:8,(anonymous_1)
FNF:2
FNH:2
FNDA:1,(anonymous_0)
FNDA:1,(anonymous_1)
DA:1,10
DA:5,1
DA:9,1
DA:13,10
LF:4
LH:4
BRF:0
BRH:0
end_of_record
TN:
SF:src\modules\transactions\transaction.controller.js
FN:5,(anonymous_0)
FN:18,(anonymous_1)
FN:31,(anonymous_2)
FN:37,(anonymous_3)
FN:51,(anonymous_4)
FN:57,(anonymous_5)
FNF:6
FNH:6
FNDA:4,(anonymous_0)
FNDA:1,(anonymous_1)
FNDA:3,(anonymous_2)
FNDA:5,(anonymous_3)
FNDA:1,(anonymous_4)
FNDA:1,(anonymous_5)
DA:1,11
DA:2,11
DA:5,11
DA:6,4
DA:7,4
DA:8,4
DA:15,4
DA:18,11
DA:19,1
DA:20,1
DA:21,1
DA:22,1
DA:28,1
DA:31,11
DA:32,3
DA:33,3
DA:34,1
DA:37,11
DA:38,5
DA:39,5
DA:40,5
DA:48,3
DA:51,11
DA:52,1
DA:53,1
DA:54,1
DA:57,11
DA:58,1
DA:59,1
DA:60,1
DA:64,11
LF:31
LH:31
BRDA:7,0,0,3
BRDA:7,1,0,3
BRDA:21,2,0,1
BRDA:21,3,0,1
BRF:4
BRH:4
end_of_record
TN:
SF:src\modules\transactions\transaction.repository.js
FN:4,(anonymous_0)
FN:18,(anonymous_1)
FN:23,(anonymous_2)
FN:34,(anonymous_3)
FN:39,(anonymous_4)
FN:46,(anonymous_5)
FN:47,(anonymous_6)
FN:61,(anonymous_7)
FN:62,(anonymous_8)
FN:78,(anonymous_9)
FN:85,(anonymous_10)
FN:105,(anonymous_11)
FNF:12
FNH:12
FNDA:10,(anonymous_0)
FNDA:5,(anonymous_1)
FNDA:2,(anonymous_2)
FNDA:2,(anonymous_3)
FNDA:5,(anonymous_4)
FNDA:5,(anonymous_5)
FNDA:5,(anonymous_6)
FNDA:3,(anonymous_7)
FNDA:3,(anonymous_8)
FNDA:1,(anonymous_9)
FNDA:19,(anonymous_10)
FNDA:2,(anonymous_11)
DA:1,13
DA:5,10
DA:6,10
DA:19,5
DA:20,5
DA:24,2
DA:25,2
DA:35,2
DA:36,2
DA:40,5
DA:47,5
DA:48,5
DA:49,4
DA:50,3
DA:54,4
DA:62,3
DA:63,3
DA:64,3
DA:65,1
DA:71,3
DA:79,1
DA:86,19
DA:106,2
DA:107,2
DA:108,2
DA:110,2
DA:124,2
DA:128,13
LF:28
LH:28
BRDA:49,0,0,3
BRDA:49,0,1,1
BRDA:64,1,0,1
BRDA:64,1,1,2
BRDA:89,2,0,19
BRDA:89,2,1,1
BRDA:90,3,0,19
BRDA:90,3,1,4
BRDA:91,4,0,19
BRDA:91,4,1,16
BRDA:91,4,2,3
BRDA:93,5,0,3
BRDA:93,5,1,3
BRDA:94,6,0,3
BRDA:94,6,1,2
BRDA:97,7,0,19
BRDA:97,7,1,1
BRDA:124,8,0,2
BRDA:124,8,1,2
BRF:19
BRH:19
end_of_record
TN:
SF:src\modules\transactions\transaction.routes.js
FNF:0
FNH:0
DA:1,10
DA:2,10
DA:3,10
DA:4,10
DA:5,10
DA:9,10
DA:10,10
DA:12,10
DA:18,10
DA:19,10
DA:20,10
DA:26,10
DA:32,10
DA:39,10
LF:14
LH:14
BRF:0
BRH:0
end_of_record
TN:
SF:src\modules\transactions\transaction.service.js
FN:6,(anonymous_0)
FN:16,(anonymous_1)
FN:32,(anonymous_2)
FN:38,(anonymous_3)
FN:62,(anonymous_4)
FN:69,(anonymous_5)
FN:75,(anonymous_6)
FNF:7
FNH:7
FNDA:5,(anonymous_0)
FNDA:2,(anonymous_1)
FNDA:5,(anonymous_2)
FNDA:7,(anonymous_3)
FNDA:2,(anonymous_4)
FNDA:1,(anonymous_5)
FNDA:7,(anonymous_6)
DA:1,12
DA:2,12
DA:3,12
DA:7,5
DA:8,5
DA:9,5
DA:11,5
DA:12,5
DA:13,5
DA:17,2
DA:18,2
DA:19,2
DA:21,2
DA:28,2
DA:29,2
DA:33,5
DA:34,5
DA:35,3
DA:39,7
DA:40,1
DA:43,6
DA:44,4
DA:46,4
DA:47,2
DA:48,2
DA:50,2
DA:51,1
DA:58,5
DA:59,5
DA:63,2
DA:64,2
DA:65,2
DA:66,2
DA:70,1
DA:71,1
DA:72,1
DA:76,7
DA:88,12
LF:38
LH:38
BRDA:6,0,0,1
BRDA:7,1,0,5
BRDA:7,1,1,1
BRDA:8,2,0,5
BRDA:8,2,1,1
BRDA:16,3,0,1
BRDA:17,4,0,2
BRDA:17,4,1,1
BRDA:18,5,0,2
BRDA:18,5,1,1
BRDA:34,6,0,2
BRDA:34,6,1,3
BRDA:39,7,0,1
BRDA:39,7,1,6
BRDA:43,8,0,4
BRDA:43,8,1,2
BRDA:46,9,0,2
BRDA:46,9,1,2
BRDA:50,10,0,1
BRDA:50,10,1,1
BRDA:65,11,0,1
BRDA:65,11,1,1
BRF:22
BRH:22
end_of_record
TN:
SF:src\shared\database\prisma.js
FNF:0
FNH:0
DA:1,13
DA:2,13
DA:3,13
DA:5,13
DA:9,13
DA:11,13
DA:13,13
LF:7
LH:7
BRF:0
BRH:0
end_of_record
TN:
SF:src\shared\utils\ApiError.js
FN:2,(anonymous_0)
FN:7,(anonymous_1)
FN:11,(anonymous_2)
FN:15,(anonymous_3)
FN:19,(anonymous_4)
FN:23,(anonymous_5)
FNF:6
FNH:6
FNDA:36,(anonymous_0)
FNDA:16,(anonymous_1)
FNDA:8,(anonymous_2)
FNDA:2,(anonymous_3)
FNDA:9,(anonymous_4)
FNDA:1,(anonymous_5)
DA:3,36
DA:4,36
DA:8,16
DA:12,8
DA:16,2
DA:20,9
DA:24,1
DA:28,12
LF:8
LH:8
BRDA:11,0,0,3
BRDA:15,1,0,1
BRF:2
BRH:2
end_of_record
TN:
SF:src\shared\utils\catchAsync.js
FN:1,(anonymous_0)
FN:2,(anonymous_1)
FN:3,(anonymous_2)
FNF:3
FNH:3
FNDA:281,(anonymous_0)
FNDA:67,(anonymous_1)
FNDA:14,(anonymous_2)
DA:1,11
DA:2,281
DA:3,67
LF:3
LH:3
BRF:0
BRH:0
end_of_record
TN:
SF:src\shared\utils\swagger.js
FN:803,(anonymous_0)
FNF:1
FNH:1
FNDA:10,(anonymous_0)
DA:1,10
DA:3,10
DA:803,10
DA:804,10
DA:807,10
LF:5
LH:5
BRF:0
BRH:0
end_of_record
TN:
SF:src\shared\utils\validateEmail.js
FN:3,(anonymous_0)
FN:11,(anonymous_1)
FN:12,(anonymous_2)
FNF:3
FNH:3
FNDA:15,(anonymous_0)
FNDA:55,(anonymous_1)
FNDA:52,(anonymous_2)
DA:1,10
DA:3,10
DA:4,15
DA:7,15
DA:8,15
DA:10,15
DA:11,55
DA:12,52
DA:14,2
DA:18,13
DA:27,13
DA:28,1
DA:34,10
LF:13
LH:13
BRDA:10,0,0,2
BRDA:10,0,1,13
BRDA:11,1,0,15
BRDA:11,1,1,13
BRDA:27,2,0,1
BRDA:27,2,1,12
BRF:6
BRH:6
end_of_record
TN:
SF:src\shared\validations\auth.validation.js
FNF:0
FNH:0
DA:1,10
DA:3,10
DA:11,10
DA:18,10
LF:4
LH:4
BRF:0
BRH:0
end_of_record
TN:
SF:src\shared\validations\budget.validation.js
FNF:0
FNH:0
DA:1,10
DA:3,10
DA:12,10
LF:3
LH:3
BRF:0
BRH:0
end_of_record
TN:
SF:src\shared\validations\category.validation.js
FNF:0
FNH:0
DA:1,10
DA:3,10
DA:13,10
DA:27,10
LF:4
LH:4
BRF:0
BRH:0
end_of_record
TN:
SF:src\shared\validations\common.validation.js
FNF:0
FNH:0
DA:1,10
DA:3,10
DA:9,10
DA:19,10
DA:28,10
LF:5
LH:5
BRF:0
BRH:0
end_of_record
TN:
SF:src\shared\validations\export.validation.js
FNF:0
FNH:0
DA:1,10
DA:3,10
DA:15,10
LF:3
LH:3
BRF:0
BRH:0
end_of_record
TN:
SF:src\shared\validations\report.validation.js
FNF:0
FNH:0
DA:1,10
DA:3,10
DA:13,10
DA:23,10
LF:4
LH:4
BRF:0
BRH:0
end_of_record
TN:
SF:src\shared\validations\setting.validation.js
FNF:0
FNH:0
DA:1,10
DA:3,10
DA:9,10
LF:3
LH:3
BRF:0
BRH:0
end_of_record
TN:
SF:src\shared\validations\transaction.validation.js
FNF:0
FNH:0
DA:1,10
DA:3,10
DA:13,10
DA:28,10
LF:4
LH:4
BRF:0
BRH:0
end_of_record
