TN:
SF:src\app.js
FN:16,(anonymous_0)
FN:20,(anonymous_1)
FNF:2
FNH:2
FNDA:1,(anonymous_0)
FNDA:1,(anonymous_1)
DA:1,10
DA:2,10
DA:3,10
DA:4,10
DA:5,10
DA:6,10
DA:8,10
DA:9,10
DA:11,10
DA:12,10
DA:14,10
DA:16,10
DA:17,1
DA:20,10
DA:21,1
DA:24,10
DA:26,10
LF:17
LH:17
BRF:0
BRH:0
end_of_record
TN:
SF:src\api\router.js
FNF:0
FNH:0
DA:1,10
DA:2,10
DA:4,10
DA:5,10
DA:6,10
DA:7,10
DA:8,10
DA:9,10
DA:10,10
DA:11,10
DA:13,10
DA:14,10
DA:16,10
DA:18,10
DA:19,10
DA:20,10
DA:21,10
DA:22,10
DA:23,10
DA:24,10
DA:26,10
LF:21
LH:21
BRF:0
BRH:0
end_of_record
TN:
SF:src\api\middlewares\audit.middleware.js
FN:3,(anonymous_0)
FN:4,(anonymous_1)
FN:5,(anonymous_2)
FN:26,(anonymous_3)
FNF:4
FNH:3
FNDA:120,(anonymous_0)
FNDA:49,(anonymous_1)
FNDA:49,(anonymous_2)
FNDA:0,(anonymous_3)
DA:1,10
DA:3,10
DA:4,120
DA:5,49
DA:6,49
DA:7,35
DA:8,35
DA:10,35
DA:15,35
DA:16,32
DA:18,35
DA:19,8
DA:22,35
DA:27,0
DA:30,0
DA:34,49
DA:38,10
LF:17
LH:15
BRDA:6,0,0,35
BRDA:6,0,1,14
BRDA:6,1,0,49
BRDA:6,1,1,49
BRDA:8,2,0,20
BRDA:8,2,1,15
BRDA:15,3,0,32
BRDA:15,3,1,3
BRDA:15,4,0,35
BRDA:15,4,1,32
BRDA:15,4,2,32
BRDA:18,5,0,8
BRDA:18,5,1,27
BRDA:18,6,0,35
BRDA:18,6,1,35
BRF:15
BRH:15
end_of_record
TN:
SF:src\api\middlewares\auth.middleware.js
FN:4,(anonymous_0)
FNF:1
FNH:1
FNDA:49,(anonymous_0)
DA:1,10
DA:2,10
DA:4,10
DA:5,49
DA:6,49
DA:7,49
DA:8,1
DA:11,48
DA:12,48
DA:13,1
DA:16,47
DA:17,47
DA:19,0
LF:13
LH:12
BRDA:7,0,0,1
BRDA:7,0,1,48
BRDA:12,1,0,1
BRDA:12,1,1,47
BRF:4
BRH:4
end_of_record
TN:
SF:src\api\middlewares\error.middleware.js
FN:3,(anonymous_0)
FNF:1
FNH:1
FNDA:24,(anonymous_0)
DA:1,10
DA:3,10
DA:4,24
DA:5,3
DA:8,24
DA:9,20
DA:15,4
DA:16,1
DA:18,0
DA:19,0
DA:25,0
DA:30,1
DA:35,0
DA:42,3
DA:43,1
DA:49,2
DA:55,2
DA:61,0
LF:18
LH:13
BRDA:4,0,0,3
BRDA:4,0,1,21
BRDA:4,1,0,24
BRDA:4,1,1,24
BRDA:4,1,2,21
BRDA:8,2,0,20
BRDA:8,2,1,4
BRDA:15,3,0,1
BRDA:15,3,1,3
BRDA:15,4,0,4
BRDA:15,4,1,1
BRDA:16,5,0,0
BRDA:16,5,1,0
BRDA:16,5,2,1
BRDA:16,5,3,0
BRDA:18,6,0,0
BRDA:18,6,1,0
BRDA:42,7,0,1
BRDA:42,7,1,2
BRDA:42,8,0,3
BRDA:42,8,1,1
BRDA:42,8,2,1
BRDA:49,9,0,2
BRDA:49,9,1,0
BRDA:50,10,0,2
BRDA:50,10,1,2
BRDA:50,10,2,0
BRDA:50,10,3,0
BRDA:64,11,0,0
BRDA:64,11,1,0
BRF:30
BRH:20
end_of_record
TN:
SF:src\models\nosql\AuditLog.js
FN:13,(anonymous_0)
FNF:1
FNH:1
FNDA:1,(anonymous_0)
DA:1,12
DA:3,12
DA:14,1
DA:15,1
DA:16,1
DA:22,12
DA:24,12
LF:7
LH:7
BRF:0
BRH:0
end_of_record
TN:
SF:src\models\nosql\UserSetting.js
FN:12,(anonymous_0)
FNF:1
FNH:1
FNDA:2,(anonymous_0)
DA:1,11
DA:3,11
DA:13,2
DA:14,2
DA:15,2
DA:21,11
LF:6
LH:6
BRF:0
BRH:0
end_of_record
TN:
SF:src\modules\auth\auth.controller.js
FN:7,(anonymous_0)
FN:43,(anonymous_1)
FN:62,(anonymous_2)
FN:68,(anonymous_3)
FN:85,(anonymous_4)
FNF:5
FNH:5
FNDA:16,(anonymous_0)
FNDA:6,(anonymous_1)
FNDA:1,(anonymous_2)
FNDA:3,(anonymous_3)
FNDA:1,(anonymous_4)
DA:1,10
DA:2,10
DA:3,10
DA:4,10
DA:7,10
DA:8,16
DA:10,16
DA:11,1
DA:14,15
DA:16,15
DA:17,15
DA:18,0
DA:21,15
DA:23,12
DA:24,0
DA:27,12
DA:28,0
DA:31,12
DA:32,11
DA:36,11
DA:37,11
DA:43,10
DA:44,6
DA:46,6
DA:47,0
DA:50,6
DA:51,4
DA:55,4
DA:56,4
DA:62,10
DA:63,1
DA:64,1
DA:65,1
DA:68,10
DA:69,3
DA:70,3
DA:71,1
DA:73,2
DA:74,1
DA:78,1
DA:79,1
DA:85,10
DA:86,1
DA:87,1
DA:91,10
LF:45
LH:41
BRDA:10,0,0,1
BRDA:10,0,1,15
BRDA:10,1,0,16
BRDA:10,1,1,16
BRDA:10,1,2,15
BRDA:17,2,0,0
BRDA:17,2,1,15
BRDA:23,3,0,0
BRDA:23,3,1,12
BRDA:27,4,0,0
BRDA:27,4,1,12
BRDA:27,5,0,12
BRDA:27,5,1,12
BRDA:46,6,0,0
BRDA:46,6,1,6
BRDA:46,7,0,6
BRDA:46,7,1,6
BRDA:70,8,0,1
BRDA:70,8,1,2
BRF:19
BRH:15
end_of_record
TN:
SF:src\modules\auth\auth.repository.js
FN:4,(anonymous_0)
FN:8,(anonymous_1)
FN:12,(anonymous_2)
FN:18,(anonymous_3)
FN:26,(anonymous_4)
FNF:5
FNH:3
FNDA:18,(anonymous_0)
FNDA:4,(anonymous_1)
FNDA:11,(anonymous_2)
FNDA:0,(anonymous_3)
FNDA:0,(anonymous_4)
DA:1,12
DA:5,18
DA:9,4
DA:13,11
DA:19,0
DA:27,0
DA:33,12
LF:7
LH:5
BRF:0
BRH:0
end_of_record
TN:
SF:src\modules\auth\auth.routes.js
FNF:0
FNH:0
DA:1,10
DA:2,10
DA:3,10
DA:4,10
DA:5,10
DA:7,10
DA:8,10
DA:9,10
DA:10,10
DA:12,10
DA:14,10
LF:11
LH:11
BRF:0
BRH:0
end_of_record
TN:
SF:src\modules\auth\auth.service.js
FN:7,(anonymous_0)
FN:24,(anonymous_1)
FN:43,(anonymous_2)
FN:65,(anonymous_3)
FN:73,(anonymous_4)
FN:83,(anonymous_5)
FN:91,(anonymous_6)
FNF:7
FNH:7
FNDA:12,(anonymous_0)
FNDA:6,(anonymous_1)
FNDA:3,(anonymous_2)
FNDA:2,(anonymous_3)
FNDA:16,(anonymous_4)
FNDA:49,(anonymous_5)
FNDA:2,(anonymous_6)
DA:1,11
DA:2,11
DA:3,11
DA:4,11
DA:8,12
DA:9,12
DA:10,12
DA:11,1
DA:14,11
DA:15,11
DA:17,11
DA:18,11
DA:25,6
DA:26,6
DA:27,6
DA:28,1
DA:31,5
DA:32,5
DA:33,1
DA:36,4
DA:37,4
DA:44,3
DA:45,1
DA:48,2
DA:49,2
DA:50,1
DA:53,1
DA:54,1
DA:55,0
DA:58,1
DA:59,1
DA:66,2
DA:67,1
DA:68,0
DA:70,1
DA:74,16
DA:77,16
DA:80,16
DA:84,49
DA:85,49
DA:87,2
DA:92,2
DA:93,2
DA:95,1
DA:100,11
LF:45
LH:43
BRDA:10,0,0,1
BRDA:10,0,1,11
BRDA:27,1,0,1
BRDA:27,1,1,5
BRDA:32,2,0,1
BRDA:32,2,1,4
BRDA:44,3,0,1
BRDA:44,3,1,2
BRDA:49,4,0,1
BRDA:49,4,1,1
BRDA:54,5,0,0
BRDA:54,5,1,1
BRDA:67,6,0,0
BRDA:67,6,1,1
BRDA:74,7,0,16
BRDA:74,7,1,16
BRDA:77,8,0,16
BRDA:77,8,1,16
BRDA:85,9,0,49
BRDA:85,9,1,49
BRDA:93,10,0,2
BRDA:93,10,1,2
BRF:22
BRH:20
end_of_record
TN:
SF:src\modules\budgets\budget.controller.js
FN:5,(anonymous_0)
FN:11,(anonymous_1)
FN:18,(anonymous_2)
FN:25,(anonymous_3)
FNF:4
FNH:4
FNDA:1,(anonymous_0)
FNDA:3,(anonymous_1)
FNDA:1,(anonymous_2)
FNDA:1,(anonymous_3)
DA:1,10
DA:2,10
DA:5,10
DA:6,1
DA:7,1
DA:8,1
DA:11,10
DA:12,3
DA:13,3
DA:14,3
DA:15,2
DA:18,10
DA:19,1
DA:20,1
DA:21,1
DA:22,1
DA:25,10
DA:26,1
DA:27,1
DA:28,1
DA:32,10
LF:21
LH:21
BRF:0
BRH:0
end_of_record
TN:
SF:src\modules\budgets\budget.repository.js
FN:4,(anonymous_0)
FN:14,(anonymous_1)
FN:20,(anonymous_2)
FN:27,(anonymous_3)
FN:33,(anonymous_4)
FN:37,(anonymous_5)
FN:44,(anonymous_6)
FNF:7
FNH:4
FNDA:0,(anonymous_0)
FNDA:0,(anonymous_1)
FNDA:0,(anonymous_2)
FNDA:11,(anonymous_3)
FNDA:2,(anonymous_4)
FNDA:1,(anonymous_5)
FNDA:2,(anonymous_6)
DA:1,12
DA:5,0
DA:15,0
DA:21,0
DA:28,11
DA:34,2
DA:38,1
DA:45,2
DA:51,12
LF:9
LH:6
BRF:0
BRH:0
end_of_record
TN:
SF:src\modules\budgets\budget.routes.js
FNF:0
FNH:0
DA:1,10
DA:2,10
DA:3,10
DA:4,10
DA:6,10
DA:7,10
DA:8,10
DA:9,10
DA:11,10
LF:9
LH:9
BRF:0
BRH:0
end_of_record
TN:
SF:src\modules\budgets\budget.service.js
FN:5,(anonymous_0)
FN:11,(anonymous_1)
FN:18,(anonymous_2)
FN:23,(anonymous_3)
FNF:4
FNH:4
FNDA:3,(anonymous_0)
FNDA:3,(anonymous_1)
FNDA:1,(anonymous_2)
FNDA:1,(anonymous_3)
DA:1,11
DA:2,11
DA:6,3
DA:7,3
DA:8,3
DA:12,3
DA:13,3
DA:15,2
DA:19,1
DA:20,1
DA:24,1
DA:25,1
DA:26,1
DA:30,11
LF:14
LH:14
BRDA:7,0,0,0
BRDA:7,0,1,3
BRDA:13,1,0,1
BRDA:13,1,1,2
BRF:4
BRH:3
end_of_record
TN:
SF:src\modules\categories\category.controller.js
FN:5,(anonymous_0)
FN:12,(anonymous_1)
FN:19,(anonymous_2)
FN:26,(anonymous_3)
FN:34,(anonymous_4)
FNF:5
FNH:5
FNDA:1,(anonymous_0)
FNDA:1,(anonymous_1)
FNDA:9,(anonymous_2)
FNDA:1,(anonymous_3)
FNDA:1,(anonymous_4)
DA:1,10
DA:2,10
DA:5,10
DA:6,1
DA:7,1
DA:8,1
DA:9,1
DA:12,10
DA:13,1
DA:14,1
DA:15,1
DA:16,0
DA:19,10
DA:20,9
DA:21,9
DA:22,9
DA:23,8
DA:26,10
DA:27,1
DA:28,1
DA:29,1
DA:30,1
DA:31,1
DA:34,10
DA:35,1
DA:36,1
DA:37,1
DA:38,1
DA:42,10
LF:29
LH:28
BRDA:7,0,0,1
BRDA:7,1,0,1
BRF:2
BRH:2
end_of_record
TN:
SF:src\modules\categories\category.repository.js
FN:4,(anonymous_0)
FN:25,(anonymous_1)
FN:41,(anonymous_2)
FN:48,(anonymous_3)
FN:52,(anonymous_4)
FN:59,(anonymous_5)
FNF:6
FNH:6
FNDA:2,(anonymous_0)
FNDA:1,(anonymous_1)
FNDA:3,(anonymous_2)
FNDA:9,(anonymous_3)
FNDA:1,(anonymous_4)
FNDA:1,(anonymous_5)
DA:1,12
DA:5,2
DA:10,2
DA:11,0
DA:17,2
DA:26,1
DA:31,1
DA:32,0
DA:38,1
DA:42,3
DA:49,9
DA:53,1
DA:60,1
DA:67,12
LF:14
LH:12
BRDA:10,0,0,0
BRDA:10,0,1,2
BRDA:31,1,0,0
BRDA:31,1,1,1
BRF:4
BRH:2
end_of_record
TN:
SF:src\modules\categories\category.routes.js
FNF:0
FNH:0
DA:1,10
DA:2,10
DA:3,10
DA:4,10
DA:6,10
DA:7,10
DA:8,10
DA:9,10
DA:10,10
DA:12,10
LF:10
LH:10
BRF:0
BRH:0
end_of_record
TN:
SF:src\modules\categories\category.service.js
FN:5,(anonymous_0)
FN:24,(anonymous_1)
FN:32,(anonymous_2)
FN:41,(anonymous_3)
FN:49,(anonymous_4)
FNF:5
FNH:5
FNDA:1,(anonymous_0)
FNDA:1,(anonymous_1)
FNDA:9,(anonymous_2)
FNDA:1,(anonymous_3)
FNDA:1,(anonymous_4)
DA:1,11
DA:2,11
DA:6,1
DA:7,1
DA:9,1
DA:10,1
DA:11,1
DA:13,1
DA:25,1
DA:26,1
DA:27,1
DA:29,0
DA:33,9
DA:42,1
DA:43,1
DA:44,0
DA:46,1
DA:50,1
DA:51,1
DA:52,0
DA:55,1
DA:56,1
DA:60,11
LF:23
LH:20
BRDA:26,0,0,1
BRDA:26,0,1,0
BRDA:43,1,0,0
BRDA:43,1,1,1
BRDA:51,2,0,0
BRDA:51,2,1,1
BRF:6
BRH:3
end_of_record
TN:
SF:src\modules\export\export.controller.js
FN:5,(anonymous_0)
FNF:1
FNH:1
FNDA:1,(anonymous_0)
DA:1,10
DA:2,10
DA:5,10
DA:6,1
DA:7,1
DA:9,1
DA:10,0
DA:14,1
DA:15,0
DA:20,1
DA:27,1
DA:29,1
DA:33,1
DA:35,1
DA:39,10
LF:15
LH:13
BRDA:9,0,0,0
BRDA:9,0,1,1
BRDA:9,1,0,1
BRDA:9,1,1,0
BRDA:14,2,0,0
BRDA:14,2,1,1
BRDA:14,3,0,1
BRDA:14,3,1,0
BRF:8
BRH:4
end_of_record
TN:
SF:src\modules\export\export.routes.js
FNF:0
FNH:0
DA:1,10
DA:2,10
DA:3,10
DA:5,10
DA:7,10
LF:5
LH:5
BRF:0
BRH:0
end_of_record
TN:
SF:src\modules\export\export.service.js
FN:6,(anonymous_0)
FN:41,(anonymous_1)
FN:62,(anonymous_2)
FN:78,(anonymous_3)
FNF:4
FNH:4
FNDA:1,(anonymous_0)
FNDA:5,(anonymous_1)
FNDA:1,(anonymous_2)
FNDA:5,(anonymous_3)
DA:1,11
DA:2,11
DA:3,11
DA:7,1
DA:9,1
DA:11,0
DA:18,0
DA:19,0
DA:23,0
DA:27,1
DA:28,1
DA:30,1
DA:38,1
DA:39,1
DA:41,1
DA:42,5
DA:47,5
DA:53,5
DA:54,5
DA:62,1
DA:64,1
DA:68,1
DA:76,1
DA:78,1
DA:79,5
DA:80,5
DA:81,5
DA:89,1
DA:90,0
DA:92,1
DA:96,1
DA:97,1
DA:99,1
DA:103,11
LF:34
LH:29
BRDA:9,0,0,0
BRDA:9,0,1,1
BRDA:9,1,0,1
BRDA:9,1,1,1
BRDA:11,2,0,0
BRDA:11,2,1,0
BRDA:11,2,2,0
BRDA:11,2,3,0
BRDA:11,2,4,0
BRDA:11,2,5,0
BRDA:18,3,0,0
BRDA:18,3,1,0
BRDA:64,4,0,1
BRDA:64,4,1,0
BRDA:70,5,0,1
BRDA:70,5,1,0
BRDA:71,6,0,1
BRDA:71,6,1,0
BRDA:73,7,0,1
BRDA:73,7,1,0
BRDA:89,8,0,0
BRDA:89,8,1,1
BRF:22
BRH:8
end_of_record
TN:
SF:src\modules\logs\log.controller.js
FN:4,(anonymous_0)
FN:13,(anonymous_1)
FNF:2
FNH:2
FNDA:1,(anonymous_0)
FNDA:1,(anonymous_1)
DA:1,11
DA:5,1
DA:6,1
DA:7,1
DA:9,0
DA:14,1
DA:15,1
DA:16,1
DA:17,1
DA:19,0
DA:24,11
LF:11
LH:9
BRF:0
BRH:0
end_of_record
TN:
SF:src\modules\logs\log.repository.js
FN:4,(anonymous_0)
FN:8,(anonymous_1)
FN:12,(anonymous_2)
FNF:3
FNH:2
FNDA:3,(anonymous_0)
FNDA:2,(anonymous_1)
FNDA:0,(anonymous_2)
DA:1,12
DA:5,3
DA:9,2
DA:13,0
DA:17,12
LF:5
LH:4
BRF:0
BRH:0
end_of_record
TN:
SF:src\modules\logs\log.routes.js
FNF:0
FNH:0
DA:1,10
DA:2,10
DA:3,10
DA:5,10
DA:7,10
LF:5
LH:5
BRF:0
BRH:0
end_of_record
TN:
SF:src\modules\logs\log.service.js
FN:4,(anonymous_0)
FN:8,(anonymous_1)
FNF:2
FNH:2
FNDA:2,(anonymous_0)
FNDA:2,(anonymous_1)
DA:1,12
DA:5,2
DA:9,2
DA:13,12
LF:4
LH:4
BRF:0
BRH:0
end_of_record
TN:
SF:src\modules\reports\report.controller.js
FN:5,(anonymous_0)
FN:12,(anonymous_1)
FN:19,(anonymous_2)
FN:26,(anonymous_3)
FNF:4
FNH:4
FNDA:2,(anonymous_0)
FNDA:1,(anonymous_1)
FNDA:1,(anonymous_2)
FNDA:1,(anonymous_3)
DA:1,10
DA:2,10
DA:5,10
DA:6,2
DA:7,2
DA:8,2
DA:9,1
DA:12,10
DA:13,1
DA:14,1
DA:15,1
DA:16,1
DA:19,10
DA:20,1
DA:21,1
DA:22,1
DA:23,1
DA:26,10
DA:27,1
DA:28,1
DA:29,1
DA:33,10
LF:22
LH:22
BRF:0
BRH:0
end_of_record
TN:
SF:src\modules\reports\report.repository.js
FN:4,(anonymous_0)
FN:31,(anonymous_1)
FN:43,(anonymous_2)
FN:43,(anonymous_3)
FN:50,(anonymous_4)
FN:51,(anonymous_5)
FN:59,(anonymous_6)
FN:62,(anonymous_7)
FN:74,(anonymous_8)
FN:85,(anonymous_9)
FNF:10
FNH:8
FNDA:2,(anonymous_0)
FNDA:1,(anonymous_1)
FNDA:1,(anonymous_2)
FNDA:1,(anonymous_3)
FNDA:1,(anonymous_4)
FNDA:1,(anonymous_5)
FNDA:0,(anonymous_6)
FNDA:1,(anonymous_7)
FNDA:2,(anonymous_8)
FNDA:0,(anonymous_9)
DA:1,11
DA:5,2
DA:11,2
DA:16,2
DA:21,2
DA:22,2
DA:24,2
DA:32,1
DA:43,1
DA:44,1
DA:49,1
DA:51,1
DA:52,1
DA:59,0
DA:63,1
DA:75,2
DA:76,2
DA:77,2
DA:79,2
DA:84,2
DA:86,0
DA:97,0
DA:98,0
DA:99,0
DA:101,0
DA:113,2
DA:117,11
LF:27
LH:21
BRDA:21,0,0,2
BRDA:21,0,1,2
BRDA:22,1,0,2
BRDA:22,1,1,1
BRDA:54,2,0,1
BRDA:54,2,1,0
BRDA:55,3,0,1
BRDA:55,3,1,0
BRDA:97,4,0,0
BRDA:97,4,1,0
BRDA:99,5,0,0
BRDA:99,5,1,0
BRF:12
BRH:6
end_of_record
TN:
SF:src\modules\reports\report.routes.js
FNF:0
FNH:0
DA:1,10
DA:2,10
DA:3,10
DA:5,10
DA:6,10
DA:7,10
DA:8,10
DA:10,10
LF:8
LH:8
BRF:0
BRH:0
end_of_record
TN:
SF:src\modules\reports\report.service.js
FN:5,(anonymous_0)
FN:14,(anonymous_1)
FN:19,(anonymous_2)
FN:24,(anonymous_3)
FN:28,(anonymous_4)
FN:45,(anonymous_5)
FNF:6
FNH:6
FNDA:4,(anonymous_0)
FNDA:2,(anonymous_1)
FNDA:1,(anonymous_2)
FNDA:1,(anonymous_3)
FNDA:1,(anonymous_4)
FNDA:1,(anonymous_5)
DA:1,11
DA:2,11
DA:6,4
DA:7,4
DA:8,4
DA:10,4
DA:11,3
DA:15,2
DA:16,1
DA:20,1
DA:21,1
DA:25,1
DA:26,1
DA:28,1
DA:29,1
DA:30,1
DA:32,1
DA:33,1
DA:36,1
DA:37,1
DA:39,1
DA:42,1
DA:46,1
DA:50,11
LF:24
LH:24
BRDA:7,0,0,1
BRDA:7,0,1,3
BRDA:8,1,0,1
BRDA:8,1,1,3
BRDA:10,2,0,1
BRDA:10,2,1,3
BRDA:19,3,0,1
BRDA:24,4,0,0
BRDA:30,5,0,0
BRDA:30,5,1,1
BRDA:32,6,0,1
BRDA:32,6,1,0
BRDA:36,7,0,0
BRDA:36,7,1,1
BRDA:37,8,0,1
BRDA:37,8,1,0
BRF:16
BRH:11
end_of_record
TN:
SF:src\modules\settings\setting.controller.js
FN:5,(anonymous_0)
FN:11,(anonymous_1)
FNF:2
FNH:2
FNDA:1,(anonymous_0)
FNDA:1,(anonymous_1)
DA:1,10
DA:2,10
DA:5,10
DA:6,1
DA:7,1
DA:8,1
DA:11,10
DA:12,1
DA:13,1
DA:14,1
DA:15,1
DA:19,10
LF:12
LH:12
BRF:0
BRH:0
end_of_record
TN:
SF:src\modules\settings\setting.repository.js
FN:4,(anonymous_0)
FN:12,(anonymous_1)
FNF:2
FNH:2
FNDA:1,(anonymous_0)
FNDA:1,(anonymous_1)
DA:1,11
DA:5,1
DA:6,1
DA:7,1
DA:9,1
DA:13,1
DA:21,11
LF:7
LH:7
BRDA:6,0,0,1
BRDA:6,0,1,0
BRF:2
BRH:1
end_of_record
TN:
SF:src\modules\settings\setting.routes.js
FNF:0
FNH:0
DA:1,10
DA:2,10
DA:3,10
DA:4,10
DA:6,10
DA:7,10
DA:9,10
LF:7
LH:7
BRF:0
BRH:0
end_of_record
TN:
SF:src\modules\settings\setting.service.js
FN:5,(anonymous_0)
FN:9,(anonymous_1)
FNF:2
FNH:2
FNDA:1,(anonymous_0)
FNDA:1,(anonymous_1)
DA:1,10
DA:2,10
DA:6,1
DA:10,1
DA:11,0
DA:13,1
DA:17,10
LF:7
LH:6
BRDA:10,0,0,0
BRDA:10,0,1,1
BRF:2
BRH:1
end_of_record
TN:
SF:src\modules\transactions\transaction.controller.js
FN:5,(anonymous_0)
FN:18,(anonymous_1)
FN:31,(anonymous_2)
FN:37,(anonymous_3)
FN:51,(anonymous_4)
FN:57,(anonymous_5)
FNF:6
FNH:6
FNDA:4,(anonymous_0)
FNDA:1,(anonymous_1)
FNDA:2,(anonymous_2)
FNDA:8,(anonymous_3)
FNDA:1,(anonymous_4)
FNDA:1,(anonymous_5)
DA:1,10
DA:2,10
DA:5,10
DA:6,4
DA:7,4
DA:8,4
DA:15,4
DA:18,10
DA:19,1
DA:20,1
DA:21,1
DA:22,1
DA:28,1
DA:31,10
DA:32,2
DA:33,2
DA:34,0
DA:37,10
DA:38,8
DA:39,8
DA:40,8
DA:48,3
DA:51,10
DA:52,1
DA:53,1
DA:54,1
DA:57,10
DA:58,1
DA:59,1
DA:60,1
DA:64,10
LF:31
LH:30
BRDA:7,0,0,3
BRDA:7,1,0,3
BRDA:21,2,0,1
BRDA:21,3,0,1
BRF:4
BRH:4
end_of_record
TN:
SF:src\modules\transactions\transaction.repository.js
FN:4,(anonymous_0)
FN:18,(anonymous_1)
FN:23,(anonymous_2)
FN:34,(anonymous_3)
FN:39,(anonymous_4)
FN:46,(anonymous_5)
FN:47,(anonymous_6)
FN:61,(anonymous_7)
FN:62,(anonymous_8)
FN:78,(anonymous_9)
FN:85,(anonymous_10)
FN:105,(anonymous_11)
FNF:12
FNH:12
FNDA:7,(anonymous_0)
FNDA:4,(anonymous_1)
FNDA:1,(anonymous_2)
FNDA:1,(anonymous_3)
FNDA:4,(anonymous_4)
FNDA:5,(anonymous_5)
FNDA:5,(anonymous_6)
FNDA:1,(anonymous_7)
FNDA:1,(anonymous_8)
FNDA:1,(anonymous_9)
FNDA:13,(anonymous_10)
FNDA:2,(anonymous_11)
DA:1,12
DA:5,7
DA:6,7
DA:19,4
DA:20,4
DA:24,1
DA:25,1
DA:35,1
DA:36,1
DA:40,4
DA:47,5
DA:48,5
DA:49,3
DA:50,3
DA:54,3
DA:62,1
DA:63,1
DA:64,1
DA:65,0
DA:71,1
DA:79,1
DA:86,13
DA:106,2
DA:107,2
DA:108,2
DA:110,2
DA:124,2
DA:128,12
LF:28
LH:27
BRDA:49,0,0,3
BRDA:49,0,1,0
BRDA:64,1,0,0
BRDA:64,1,1,1
BRDA:89,2,0,13
BRDA:89,2,1,0
BRDA:90,3,0,13
BRDA:90,3,1,2
BRDA:91,4,0,13
BRDA:91,4,1,10
BRDA:91,4,2,3
BRDA:93,5,0,3
BRDA:93,5,1,3
BRDA:94,6,0,3
BRDA:94,6,1,2
BRDA:97,7,0,13
BRDA:97,7,1,0
BRDA:124,8,0,2
BRDA:124,8,1,2
BRF:19
BRH:15
end_of_record
TN:
SF:src\modules\transactions\transaction.routes.js
FNF:0
FNH:0
DA:1,10
DA:2,10
DA:3,10
DA:4,10
DA:6,10
DA:7,10
DA:8,10
DA:9,10
DA:10,10
DA:11,10
DA:13,10
LF:11
LH:11
BRF:0
BRH:0
end_of_record
TN:
SF:src\modules\transactions\transaction.service.js
FN:6,(anonymous_0)
FN:14,(anonymous_1)
FN:28,(anonymous_2)
FN:34,(anonymous_3)
FN:58,(anonymous_4)
FN:65,(anonymous_5)
FN:71,(anonymous_6)
FNF:7
FNH:7
FNDA:4,(anonymous_0)
FNDA:1,(anonymous_1)
FNDA:4,(anonymous_2)
FNDA:8,(anonymous_3)
FNDA:1,(anonymous_4)
FNDA:1,(anonymous_5)
FNDA:5,(anonymous_6)
DA:1,11
DA:2,11
DA:3,11
DA:7,4
DA:8,4
DA:9,4
DA:10,4
DA:11,4
DA:15,1
DA:16,1
DA:17,1
DA:24,1
DA:25,1
DA:29,4
DA:30,4
DA:31,2
DA:35,8
DA:36,2
DA:39,6
DA:40,4
DA:42,4
DA:43,1
DA:44,1
DA:46,1
DA:47,1
DA:54,5
DA:55,5
DA:59,1
DA:60,1
DA:61,1
DA:62,1
DA:66,1
DA:67,1
DA:68,1
DA:72,5
DA:84,11
LF:36
LH:36
BRDA:30,0,0,2
BRDA:30,0,1,2
BRDA:35,1,0,2
BRDA:35,1,1,6
BRDA:39,2,0,4
BRDA:39,2,1,2
BRDA:42,3,0,1
BRDA:42,3,1,3
BRDA:46,4,0,1
BRDA:46,4,1,0
BRDA:61,5,0,0
BRDA:61,5,1,1
BRF:12
BRH:10
end_of_record
TN:
SF:src\shared\database\prisma.js
FNF:0
FNH:0
DA:1,12
DA:2,12
DA:3,12
DA:5,12
DA:9,12
DA:11,12
DA:13,12
LF:7
LH:7
BRF:0
BRH:0
end_of_record
TN:
SF:src\shared\utils\ApiError.js
FN:2,(anonymous_0)
FN:7,(anonymous_1)
FN:11,(anonymous_2)
FN:15,(anonymous_3)
FN:19,(anonymous_4)
FN:23,(anonymous_5)
FNF:6
FNH:4
FNDA:21,(anonymous_0)
FNDA:12,(anonymous_1)
FNDA:5,(anonymous_2)
FNDA:0,(anonymous_3)
FNDA:4,(anonymous_4)
FNDA:0,(anonymous_5)
DA:3,21
DA:4,21
DA:8,12
DA:12,5
DA:16,0
DA:20,4
DA:24,0
DA:28,11
LF:8
LH:6
BRDA:11,0,0,2
BRDA:15,1,0,0
BRF:2
BRH:1
end_of_record
TN:
SF:src\shared\utils\catchAsync.js
FN:1,(anonymous_0)
FN:2,(anonymous_1)
FN:3,(anonymous_2)
FNF:3
FNH:3
FNDA:270,(anonymous_0)
FNDA:71,(anonymous_1)
FNDA:20,(anonymous_2)
DA:1,10
DA:2,270
DA:3,71
LF:3
LH:3
BRF:0
BRH:0
end_of_record
TN:
SF:src\shared\utils\swagger.js
FN:803,(anonymous_0)
FNF:1
FNH:1
FNDA:10,(anonymous_0)
DA:1,10
DA:3,10
DA:803,10
DA:804,10
DA:807,10
LF:5
LH:5
BRF:0
BRH:0
end_of_record
TN:
SF:src\shared\utils\validateEmail.js
FN:3,(anonymous_0)
FN:11,(anonymous_1)
FN:12,(anonymous_2)
FNF:3
FNH:3
FNDA:15,(anonymous_0)
FNDA:55,(anonymous_1)
FNDA:52,(anonymous_2)
DA:1,10
DA:3,10
DA:4,15
DA:7,15
DA:8,15
DA:10,15
DA:11,55
DA:12,52
DA:14,2
DA:18,13
DA:27,13
DA:28,1
DA:34,10
LF:13
LH:13
BRDA:10,0,0,2
BRDA:10,0,1,13
BRDA:11,1,0,15
BRDA:11,1,1,13
BRDA:27,2,0,1
BRDA:27,2,1,12
BRF:6
BRH:6
end_of_record
